[0.017s] Invoking command in '/home/vboxuser/robot/workdown/workdown_ws/build/aim_interfaces': CMAKE_PREFIX_PATH=/opt/ros/humble /usr/bin/cmake /home/vboxuser/robot/workdown/workdown_ws/aim_interfaces -DCMAKE_INSTALL_PREFIX=/home/vboxuser/robot/workdown/workdown_ws/install/aim_interfaces
[0.029s] -- Found ament_cmake: 1.3.11 (/opt/ros/humble/share/ament_cmake/cmake)
[0.165s] -- Found ament_lint_auto: 0.12.12 (/opt/ros/humble/share/ament_lint_auto/cmake)
[0.228s] -- Found geometry_msgs: 4.9.0 (/opt/ros/humble/share/geometry_msgs/cmake)
[0.250s] -- Found rosidl_generator_c: 3.1.6 (/opt/ros/humble/share/rosidl_generator_c/cmake)
[0.252s] -- Found rosidl_adapter: 3.1.6 (/opt/ros/humble/share/rosidl_adapter/cmake)
[0.258s] -- Found rosidl_generator_cpp: 3.1.6 (/opt/ros/humble/share/rosidl_generator_cpp/cmake)
[0.267s] -- Using all available rosidl_typesupport_c: rosidl_typesupport_fastrtps_c;rosidl_typesupport_introspection_c
[0.279s] -- Using all available rosidl_typesupport_cpp: rosidl_typesupport_fastrtps_cpp;rosidl_typesupport_introspection_cpp
[0.312s] -- Found rosidl_default_generators: 1.2.0 (/opt/ros/humble/share/rosidl_default_generators/cmake)
[0.554s] -- Found ament_cmake_ros: 0.10.0 (/opt/ros/humble/share/ament_cmake_ros/cmake)
[1.020s] -- Using all available rosidl_typesupport_c: rosidl_typesupport_fastrtps_c;rosidl_typesupport_introspection_c
[1.190s] -- Using all available rosidl_typesupport_cpp: rosidl_typesupport_fastrtps_cpp;rosidl_typesupport_introspection_cpp
[1.214s] -- Found PythonInterp: /usr/bin/python3 (found suitable version "3.10.12", minimum required is "3.6") 
[1.217s] -- Found python_cmake_module: 0.10.0 (/opt/ros/humble/share/python_cmake_module/cmake)
[1.247s] -- Found PythonLibs: /usr/lib/x86_64-linux-gnu/libpython3.10.so (found suitable version "3.10.12", minimum required is "3.5") 
[1.247s] -- Using PYTHON_EXECUTABLE: /usr/bin/python3
[1.247s] -- Using PYTHON_INCLUDE_DIRS: /usr/include/python3.10
[1.247s] -- Using PYTHON_LIBRARIES: /usr/lib/x86_64-linux-gnu/libpython3.10.so
[1.271s] -- Found PythonExtra: .so  
[1.338s] -- Added test 'lint_cmake' to check CMake code style
[1.339s] -- Added test 'xmllint' to check XML markup files
[1.353s] -- Configuring done
[1.400s] -- Generating done
[1.413s] -- Build files have been written to: /home/vboxuser/robot/workdown/workdown_ws/build/aim_interfaces
[1.422s] Invoked command in '/home/vboxuser/robot/workdown/workdown_ws/build/aim_interfaces' returned '0': CMAKE_PREFIX_PATH=/opt/ros/humble /usr/bin/cmake /home/vboxuser/robot/workdown/workdown_ws/aim_interfaces -DCMAKE_INSTALL_PREFIX=/home/vboxuser/robot/workdown/workdown_ws/install/aim_interfaces
[1.424s] Invoking command in '/home/vboxuser/robot/workdown/workdown_ws/build/aim_interfaces': CMAKE_PREFIX_PATH=/opt/ros/humble /usr/bin/cmake --build /home/vboxuser/robot/workdown/workdown_ws/build/aim_interfaces -- -j4 -l4
[1.484s] [  3%] [34m[1mGenerating C code for ROS interfaces[0m
[1.501s] [  6%] [34m[1mGenerating C++ code for ROS interfaces[0m
[1.516s] [  6%] Built target ament_cmake_python_copy_aim_interfaces
[1.804s] running egg_info
[1.804s] creating aim_interfaces.egg-info
[1.804s] writing aim_interfaces.egg-info/PKG-INFO
[1.804s] writing dependency_links to aim_interfaces.egg-info/dependency_links.txt
[1.804s] writing top-level names to aim_interfaces.egg-info/top_level.txt
[1.804s] writing manifest file 'aim_interfaces.egg-info/SOURCES.txt'
[1.813s] reading manifest file 'aim_interfaces.egg-info/SOURCES.txt'
[1.813s] writing manifest file 'aim_interfaces.egg-info/SOURCES.txt'
[1.820s] [  9%] [32mBuilding C object CMakeFiles/aim_interfaces__rosidl_generator_c.dir/rosidl_generator_c/aim_interfaces/msg/detail/aim_info__functions.c.o[0m
[1.832s] [  9%] Built target aim_interfaces__cpp
[1.849s] [ 12%] [34m[1mGenerating C++ type support dispatch for ROS interfaces[0m
[1.851s] In file included from [01m[K/home/vboxuser/robot/workdown/workdown_ws/build/aim_interfaces/rosidl_generator_c/aim_interfaces/msg/detail/aim_info__functions.h:19[m[K,
[1.851s]                  from [01m[K/home/vboxuser/robot/workdown/workdown_ws/build/aim_interfaces/rosidl_generator_c/aim_interfaces/msg/detail/aim_info__functions.c:4[m[K:
[1.851s] [01m[K/home/vboxuser/robot/workdown/workdown_ws/build/aim_interfaces/rosidl_generator_c/aim_interfaces/msg/detail/aim_info__struct.h:23:10:[m[K [01;31m[Kfatal error: [m[Kaim_interfaces/msg/detail/int16__struct.h: 没有那个文件或目录
[1.852s]    23 | #include [01;31m[K"aim_interfaces/msg/detail/int16__struct.h"[m[K
[1.852s]       |          [01;31m[K^~~~~~~~~~~~~~~~~~~~~~~~~~~~~~~~~~~~~~~~~~~[m[K
[1.852s] compilation terminated.
[1.852s] [ 16%] [34m[1mGenerating C++ introspection for ROS interfaces[0m
[1.854s] gmake[2]: *** [CMakeFiles/aim_interfaces__rosidl_generator_c.dir/build.make:167：CMakeFiles/aim_interfaces__rosidl_generator_c.dir/rosidl_generator_c/aim_interfaces/msg/detail/aim_info__functions.c.o] 错误 1
[1.855s] gmake[1]: *** [CMakeFiles/Makefile2:213：CMakeFiles/aim_interfaces__rosidl_generator_c.dir/all] 错误 2
[1.855s] gmake[1]: *** 正在等待未完成的任务....
[1.856s] [ 16%] Built target ament_cmake_python_build_aim_interfaces_egg
[2.099s] [ 19%] [32mBuilding CXX object CMakeFiles/aim_interfaces__rosidl_typesupport_cpp.dir/rosidl_typesupport_cpp/aim_interfaces/msg/aim_info__type_support.cpp.o[0m
[2.128s] [ 22%] [32mBuilding CXX object CMakeFiles/aim_interfaces__rosidl_typesupport_introspection_cpp.dir/rosidl_typesupport_introspection_cpp/aim_interfaces/msg/detail/aim_info__type_support.cpp.o[0m
[2.206s] In file included from [01m[K/home/vboxuser/robot/workdown/workdown_ws/build/aim_interfaces/rosidl_typesupport_cpp/aim_interfaces/msg/aim_info__type_support.cpp:7[m[K:
[2.206s] [01m[K/home/vboxuser/robot/workdown/workdown_ws/build/aim_interfaces/rosidl_generator_cpp/aim_interfaces/msg/detail/aim_info__struct.hpp:21:10:[m[K [01;31m[Kfatal error: [m[Kaim_interfaces/msg/detail/int16__struct.hpp: 没有那个文件或目录
[2.206s]    21 | #include [01;31m[K"aim_interfaces/msg/detail/int16__struct.hpp"[m[K
[2.206s]       |          [01;31m[K^~~~~~~~~~~~~~~~~~~~~~~~~~~~~~~~~~~~~~~~~~~~~[m[K
[2.206s] compilation terminated.
[2.210s] gmake[2]: *** [CMakeFiles/aim_interfaces__rosidl_typesupport_cpp.dir/build.make:148：CMakeFiles/aim_interfaces__rosidl_typesupport_cpp.dir/rosidl_typesupport_cpp/aim_interfaces/msg/aim_info__type_support.cpp.o] 错误 1
[2.210s] gmake[1]: *** [CMakeFiles/Makefile2:395：CMakeFiles/aim_interfaces__rosidl_typesupport_cpp.dir/all] 错误 2
[2.225s] In file included from [01m[K/home/vboxuser/robot/workdown/workdown_ws/build/aim_interfaces/rosidl_typesupport_introspection_cpp/aim_interfaces/msg/detail/aim_info__type_support.cpp:12[m[K:
[2.225s] [01m[K/home/vboxuser/robot/workdown/workdown_ws/build/aim_interfaces/rosidl_generator_cpp/aim_interfaces/msg/detail/aim_info__struct.hpp:21:10:[m[K [01;31m[Kfatal error: [m[Kaim_interfaces/msg/detail/int16__struct.hpp: 没有那个文件或目录
[2.226s]    21 | #include [01;31m[K"aim_interfaces/msg/detail/int16__struct.hpp"[m[K
[2.226s]       |          [01;31m[K^~~~~~~~~~~~~~~~~~~~~~~~~~~~~~~~~~~~~~~~~~~~~[m[K
[2.226s] compilation terminated.
[2.228s] gmake[2]: *** [CMakeFiles/aim_interfaces__rosidl_typesupport_introspection_cpp.dir/build.make:153：CMakeFiles/aim_interfaces__rosidl_typesupport_introspection_cpp.dir/rosidl_typesupport_introspection_cpp/aim_interfaces/msg/detail/aim_info__type_support.cpp.o] 错误 1
[2.228s] gmake[1]: *** [CMakeFiles/Makefile2:369：CMakeFiles/aim_interfaces__rosidl_typesupport_introspection_cpp.dir/all] 错误 2
[2.229s] gmake: *** [Makefile:146：all] 错误 2
[2.232s] Invoked command in '/home/vboxuser/robot/workdown/workdown_ws/build/aim_interfaces' returned '2': CMAKE_PREFIX_PATH=/opt/ros/humble /usr/bin/cmake --build /home/vboxuser/robot/workdown/workdown_ws/build/aim_interfaces -- -j4 -l4
