[0.032s] Invoking command in '/home/vboxuser/robot/workdown/workdown_ws/build/image_topic': AMENT_PREFIX_PATH=/home/vboxuser/robot/workdown/workdown_ws/install/aim_interfaces:${AMENT_PREFIX_PATH} CMAKE_PREFIX_PATH=/home/vboxuser/robot/workdown/workdown_ws/install/aim_interfaces:/opt/ros/humble LD_LIBRARY_PATH=/home/vboxuser/robot/workdown/workdown_ws/install/aim_interfaces/lib:${LD_LIBRARY_PATH} PYTHONPATH=/home/vboxuser/robot/workdown/workdown_ws/install/aim_interfaces/local/lib/python3.10/dist-packages:${PYTHONPATH} /usr/bin/cmake --build /home/vboxuser/robot/workdown/workdown_ws/build/image_topic -- -j4 -l4
[0.171s] -- Found ament_cmake: 1.3.11 (/opt/ros/humble/share/ament_cmake/cmake)
[0.356s] -- Found rclcpp: 16.0.12 (/opt/ros/humble/share/rclcpp/cmake)
[0.422s] -- Found rosidl_generator_c: 3.1.6 (/opt/ros/humble/share/rosidl_generator_c/cmake)
[0.428s] -- Found rosidl_adapter: 3.1.6 (/opt/ros/humble/share/rosidl_adapter/cmake)
[0.443s] -- Found rosidl_generator_cpp: 3.1.6 (/opt/ros/humble/share/rosidl_generator_cpp/cmake)
[0.467s] -- Using all available rosidl_typesupport_c: rosidl_typesupport_fastrtps_c;rosidl_typesupport_introspection_c
[0.489s] -- Using all available rosidl_typesupport_cpp: rosidl_typesupport_fastrtps_cpp;rosidl_typesupport_introspection_cpp
[0.560s] -- Found rmw_implementation_cmake: 6.1.2 (/opt/ros/humble/share/rmw_implementation_cmake/cmake)
[0.565s] -- Found rmw_fastrtps_cpp: 6.2.7 (/opt/ros/humble/share/rmw_fastrtps_cpp/cmake)
[0.700s] -- Using RMW implementation 'rmw_fastrtps_cpp' as default
[0.798s] -- Found ament_lint_auto: 0.12.12 (/opt/ros/humble/share/ament_lint_auto/cmake)
[0.891s] -- Added test 'cppcheck' to perform static code analysis on C / C++ code
[0.891s] -- Configured cppcheck include dirs: 
[0.891s] -- Configured cppcheck exclude dirs and/or files: 
[0.893s] -- Added test 'lint_cmake' to check CMake code style
[0.895s] -- Added test 'uncrustify' to check C / C++ code style
[0.895s] -- Configured uncrustify additional arguments: 
[0.896s] -- Added test 'xmllint' to check XML markup files
[0.901s] -- Found sensor_msgs: 4.9.0 (/opt/ros/humble/share/sensor_msgs/cmake)
[0.953s] -- Found aim_interfaces: 0.0.0 (/home/vboxuser/robot/workdown/workdown_ws/install/aim_interfaces/share/aim_interfaces/cmake)
[0.985s] -- Found cv_bridge: 3.2.1 (/opt/ros/humble/share/cv_bridge/cmake)
[0.992s] -- Configuring done
[0.998s] [31mCMake Error at CMakeLists.txt:34 (add_executable):
[0.998s]   Cannot find source file:
[0.998s] 
[0.998s]     src/Shift.cpp
[0.998s] 
[0.998s]   Tried extensions .c .C .c++ .cc .cpp .cxx .cu .mpp .m .M .mm .ixx .cppm .h
[0.998s]   .hh .h++ .hm .hpp .hxx .in .txx .f .F .for .f77 .f90 .f95 .f03 .hip .ispc
[0.999s] 
[0.999s] [0m
[0.999s] [31mCMake Error at CMakeLists.txt:34 (add_executable):
[0.999s]   No SOURCES given to target: Image_To_Int
[0.999s] 
[0.999s] [0m
[0.999s] [0mCMake Generate step failed.  Build files cannot be regenerated correctly.[0m
[1.008s] gmake: *** [Makefile:308：cmake_check_build_system] 错误 1
[1.012s] Invoked command in '/home/vboxuser/robot/workdown/workdown_ws/build/image_topic' returned '2': AMENT_PREFIX_PATH=/home/vboxuser/robot/workdown/workdown_ws/install/aim_interfaces:${AMENT_PREFIX_PATH} CMAKE_PREFIX_PATH=/home/vboxuser/robot/workdown/workdown_ws/install/aim_interfaces:/opt/ros/humble LD_LIBRARY_PATH=/home/vboxuser/robot/workdown/workdown_ws/install/aim_interfaces/lib:${LD_LIBRARY_PATH} PYTHONPATH=/home/vboxuser/robot/workdown/workdown_ws/install/aim_interfaces/local/lib/python3.10/dist-packages:${PYTHONPATH} /usr/bin/cmake --build /home/vboxuser/robot/workdown/workdown_ws/build/image_topic -- -j4 -l4
