[0.019s] Invoking command in '/home/vboxuser/robot/workdown/workdown_ws/build/image_topic': AMENT_PREFIX_PATH=/home/vboxuser/robot/workdown/workdown_ws/install/aim_interfaces:${AMENT_PREFIX_PATH} CMAKE_PREFIX_PATH=/home/vboxuser/robot/workdown/workdown_ws/install/aim_interfaces:/opt/ros/humble LD_LIBRARY_PATH=/home/vboxuser/robot/workdown/workdown_ws/install/aim_interfaces/lib:${LD_LIBRARY_PATH} PYTHONPATH=/home/vboxuser/robot/workdown/workdown_ws/install/aim_interfaces/local/lib/python3.10/dist-packages:${PYTHONPATH} /usr/bin/cmake --build /home/vboxuser/robot/workdown/workdown_ws/build/image_topic -- -j4 -l4
[0.083s] [35m[1mConsolidate compiler generated dependencies of target Image_Topic_Subscribe[0m
[0.107s] [ 50%] Built target Image_Topic_Publisher
[0.121s] [ 75%] [32mBuilding CXX object CMakeFiles/Image_Topic_Subscribe.dir/src/subscribe.cpp.o[0m
[2.754s] [01m[K/home/vboxuser/robot/workdown/workdown_ws/image_topic/src/subscribe.cpp:25:2:[m[K [01;31m[Kerror: [m[Kexpected ‘[01m[K}[m[K’ at end of input
[2.754s]    25 | }
[2.754s]       |  [01;31m[K^[m[K
[2.754s] [01m[K/home/vboxuser/robot/workdown/workdown_ws/image_topic/src/subscribe.cpp:4:48:[m[K [01;36m[Knote: [m[Kto match this ‘[01m[K{[m[K’
[2.754s]     4 | class ImageTopicSubscribe : public rclcpp::Node[01;36m[K{[m[K
[2.754s]       |                                                [01;36m[K^[m[K
[2.761s] [01m[K/home/vboxuser/robot/workdown/workdown_ws/image_topic/src/subscribe.cpp:[m[K In constructor ‘[01m[KImageTopicSubscribe::ImageTopicSubscribe(std::string)[m[K’:
[2.761s] [01m[K/home/vboxuser/robot/workdown/workdown_ws/image_topic/src/subscribe.cpp:9:9:[m[K [01;31m[Kerror: [m[K‘[01m[Kaim_target[m[K’ was not declared in this scope
[2.761s]     9 |         [01;31m[Kaim_target[m[K =this->create_subscription<aim_interfaces::msg::AimInfo>("aim",10,std::bind(&ImageTopicSubscribe::aim_callback,this,std::placeholders::_1
[2.762s]       |         [01;31m[K^~~~~~~~~~[m[K
[2.762s] [01m[K/home/vboxuser/robot/workdown/workdown_ws/image_topic/src/subscribe.cpp:9:118:[m[K [01;31m[Kerror: [m[K‘[01m[Kaim_callback[m[K’ is not a member of ‘[01m[KImageTopicSubscribe[m[K’
[2.762s]     9 |         aim_target =this->create_subscription<aim_interfaces::msg::AimInfo>("aim",10,std::bind(&ImageTopicSubscribe::[01;31m[Kaim_callback[m[K,this,std::placeholders::_1
[2.762s]       |                                                                                                                      [01;31m[K^~~~~~~~~~~~[m[K
[2.762s] [01m[K/home/vboxuser/robot/workdown/workdown_ws/image_topic/src/subscribe.cpp:10:5:[m[K [01;31m[Kerror: [m[Kexpected ‘[01m[K)[m[K’ before ‘[01m[K}[m[K’ token
[2.762s]    10 |     [01;31m[K}[m[K
[2.762s]       |     [01;31m[K^[m[K
[2.762s] [01m[K/home/vboxuser/robot/workdown/workdown_ws/image_topic/src/subscribe.cpp:9:95:[m[K [01;36m[Knote: [m[Kto match this ‘[01m[K([m[K’
[2.762s]     9 |         aim_target =this->create_subscription<aim_interfaces::msg::AimInfo>("aim",10,std::bind[01;36m[K([m[K&ImageTopicSubscribe::aim_callback,this,std::placeholders::_1
[2.762s]       |                                                                                               [01;36m[K^[m[K
[2.767s] [01m[K/home/vboxuser/robot/workdown/workdown_ws/image_topic/src/subscribe.cpp:[m[K At global scope:
[2.767s] [01m[K/home/vboxuser/robot/workdown/workdown_ws/image_topic/src/subscribe.cpp:25:2:[m[K [01;31m[Kerror: [m[Kexpected unqualified-id at end of input
[2.767s]    25 | }
[2.767s]       |  [01;31m[K^[m[K
[3.251s] gmake[2]: *** [CMakeFiles/Image_Topic_Subscribe.dir/build.make:76：CMakeFiles/Image_Topic_Subscribe.dir/src/subscribe.cpp.o] 错误 1
[3.252s] gmake[1]: *** [CMakeFiles/Makefile2:165：CMakeFiles/Image_Topic_Subscribe.dir/all] 错误 2
[3.252s] gmake: *** [Makefile:146：all] 错误 2
[3.257s] Invoked command in '/home/vboxuser/robot/workdown/workdown_ws/build/image_topic' returned '2': AMENT_PREFIX_PATH=/home/vboxuser/robot/workdown/workdown_ws/install/aim_interfaces:${AMENT_PREFIX_PATH} CMAKE_PREFIX_PATH=/home/vboxuser/robot/workdown/workdown_ws/install/aim_interfaces:/opt/ros/humble LD_LIBRARY_PATH=/home/vboxuser/robot/workdown/workdown_ws/install/aim_interfaces/lib:${LD_LIBRARY_PATH} PYTHONPATH=/home/vboxuser/robot/workdown/workdown_ws/install/aim_interfaces/local/lib/python3.10/dist-packages:${PYTHONPATH} /usr/bin/cmake --build /home/vboxuser/robot/workdown/workdown_ws/build/image_topic -- -j4 -l4
