[0.019s] Invoking command in '/home/vboxuser/robot/workdown/workdown_ws/image_topic/build/image_topic': CMAKE_PREFIX_PATH=/opt/ros/humble /usr/bin/cmake /home/vboxuser/robot/workdown/workdown_ws/image_topic -DCMAKE_INSTALL_PREFIX=/home/vboxuser/robot/workdown/workdown_ws/image_topic/install/image_topic
[0.032s] -- Found ament_cmake: 1.3.11 (/opt/ros/humble/share/ament_cmake/cmake)
[0.168s] -- Found rclcpp: 16.0.12 (/opt/ros/humble/share/rclcpp/cmake)
[0.191s] -- Found rosidl_generator_c: 3.1.6 (/opt/ros/humble/share/rosidl_generator_c/cmake)
[0.194s] -- Found rosidl_adapter: 3.1.6 (/opt/ros/humble/share/rosidl_adapter/cmake)
[0.202s] -- Found rosidl_generator_cpp: 3.1.6 (/opt/ros/humble/share/rosidl_generator_cpp/cmake)
[0.211s] -- Using all available rosidl_typesupport_c: rosidl_typesupport_fastrtps_c;rosidl_typesupport_introspection_c
[0.223s] -- Using all available rosidl_typesupport_cpp: rosidl_typesupport_fastrtps_cpp;rosidl_typesupport_introspection_cpp
[0.253s] -- Found rmw_implementation_cmake: 6.1.2 (/opt/ros/humble/share/rmw_implementation_cmake/cmake)
[0.254s] -- Found rmw_fastrtps_cpp: 6.2.7 (/opt/ros/humble/share/rmw_fastrtps_cpp/cmake)
[0.357s] -- Using RMW implementation 'rmw_fastrtps_cpp' as default
[0.404s] -- Found ament_lint_auto: 0.12.12 (/opt/ros/humble/share/ament_lint_auto/cmake)
[0.494s] -- Added test 'cppcheck' to perform static code analysis on C / C++ code
[0.495s] -- Configured cppcheck include dirs: 
[0.495s] -- Configured cppcheck exclude dirs and/or files: 
[0.496s] -- Added test 'flake8' to check Python code syntax and style conventions
[0.500s] -- Added test 'lint_cmake' to check CMake code style
[0.501s] -- Added test 'pep257' to check Python code against some of the docstring style conventions in PEP 257
[0.510s] -- Added test 'uncrustify' to check C / C++ code style
[0.510s] -- Configured uncrustify additional arguments: 
[0.512s] -- Added test 'xmllint' to check XML markup files
[0.517s] -- Found sensor_msgs: 4.9.0 (/opt/ros/humble/share/sensor_msgs/cmake)
[0.552s] [31mCMake Error at CMakeLists.txt:28 (find_package):
[0.552s]   By not providing "Findaim_interfaces.cmake" in CMAKE_MODULE_PATH this
[0.557s]   project has asked CMake to find a package configuration file provided by
[0.557s]   "aim_interfaces", but CMake did not find one.
[0.557s] 
[0.558s]   Could not find a package configuration file provided by "aim_interfaces"
[0.558s]   with any of the following names:
[0.558s] 
[0.558s]     aim_interfacesConfig.cmake
[0.558s]     aim_interfaces-config.cmake
[0.558s] 
[0.558s]   Add the installation prefix of "aim_interfaces" to CMAKE_PREFIX_PATH or set
[0.558s]   "aim_interfaces_DIR" to a directory containing one of the above files.  If
[0.558s]   "aim_interfaces" provides a separate development package or SDK, be sure it
[0.558s]   has been installed.
[0.558s] 
[0.558s] [0m
[0.558s] -- Configuring incomplete, errors occurred!
[0.559s] See also "/home/vboxuser/robot/workdown/workdown_ws/image_topic/build/image_topic/CMakeFiles/CMakeOutput.log".
[0.565s] Invoked command in '/home/vboxuser/robot/workdown/workdown_ws/image_topic/build/image_topic' returned '1': CMAKE_PREFIX_PATH=/opt/ros/humble /usr/bin/cmake /home/vboxuser/robot/workdown/workdown_ws/image_topic -DCMAKE_INSTALL_PREFIX=/home/vboxuser/robot/workdown/workdown_ws/image_topic/install/image_topic
