-- Found ament_cmake: 1.3.11 (/opt/ros/humble/share/ament_cmake/cmake)
-- Found rclcpp: 16.0.12 (/opt/ros/humble/share/rclcpp/cmake)
-- Found rosidl_generator_c: 3.1.6 (/opt/ros/humble/share/rosidl_generator_c/cmake)
-- Found rosidl_adapter: 3.1.6 (/opt/ros/humble/share/rosidl_adapter/cmake)
-- Found rosidl_generator_cpp: 3.1.6 (/opt/ros/humble/share/rosidl_generator_cpp/cmake)
-- Using all available rosidl_typesupport_c: rosidl_typesupport_fastrtps_c;rosidl_typesupport_introspection_c
-- Using all available rosidl_typesupport_cpp: rosidl_typesupport_fastrtps_cpp;rosidl_typesupport_introspection_cpp
-- Found rmw_implementation_cmake: 6.1.2 (/opt/ros/humble/share/rmw_implementation_cmake/cmake)
-- Found rmw_fastrtps_cpp: 6.2.7 (/opt/ros/humble/share/rmw_fastrtps_cpp/cmake)
-- Using RMW implementation 'rmw_fastrtps_cpp' as default
-- Found ament_lint_auto: 0.12.12 (/opt/ros/humble/share/ament_lint_auto/cmake)
-- Added test 'cppcheck' to perform static code analysis on C / C++ code
-- Configured cppcheck include dirs: 
-- Configured cppcheck exclude dirs and/or files: 
-- Added test 'lint_cmake' to check CMake code style
-- Added test 'uncrustify' to check C / C++ code style
-- Configured uncrustify additional arguments: 
-- Added test 'xmllint' to check XML markup files
-- Found sensor_msgs: 4.9.0 (/opt/ros/humble/share/sensor_msgs/cmake)
-- Found aim_interfaces: 0.0.0 (/home/vboxuser/robot/workdown/workdown_ws/install/aim_interfaces/share/aim_interfaces/cmake)
-- Configuring done
-- Generating done
-- Build files have been written to: /home/vboxuser/robot/workdown/workdown_ws/build/image_topic
[35m[1mConsolidate compiler generated dependencies of target Image_Topic_Subscribe[0m
[35m[1mConsolidate compiler generated dependencies of target Image_Topic_Publisher[0m
[ 25%] [32mBuilding CXX object CMakeFiles/Image_Topic_Subscribe.dir/src/subscribe.cpp.o[0m
[ 50%] [32mBuilding CXX object CMakeFiles/Image_Topic_Publisher.dir/src/publisher.cpp.o[0m
[ 75%] [32m[1mLinking CXX executable Image_Topic_Subscribe[0m
[ 75%] Built target Image_Topic_Subscribe
[100%] [32m[1mLinking CXX executable Image_Topic_Publisher[0m
[100%] Built target Image_Topic_Publisher
-- Install configuration: ""
-- Installing: /home/vboxuser/robot/workdown/workdown_ws/install/image_topic/share/ament_index/resource_index/package_run_dependencies/image_topic
-- Installing: /home/vboxuser/robot/workdown/workdown_ws/install/image_topic/share/ament_index/resource_index/parent_prefix_path/image_topic
-- Up-to-date: /home/vboxuser/robot/workdown/workdown_ws/install/image_topic/share/image_topic/environment/ament_prefix_path.sh
-- Installing: /home/vboxuser/robot/workdown/workdown_ws/install/image_topic/share/image_topic/environment/ament_prefix_path.dsv
-- Up-to-date: /home/vboxuser/robot/workdown/workdown_ws/install/image_topic/share/image_topic/environment/path.sh
-- Installing: /home/vboxuser/robot/workdown/workdown_ws/install/image_topic/share/image_topic/environment/path.dsv
-- Up-to-date: /home/vboxuser/robot/workdown/workdown_ws/install/image_topic/share/image_topic/local_setup.bash
-- Up-to-date: /home/vboxuser/robot/workdown/workdown_ws/install/image_topic/share/image_topic/local_setup.sh
-- Up-to-date: /home/vboxuser/robot/workdown/workdown_ws/install/image_topic/share/image_topic/local_setup.zsh
-- Installing: /home/vboxuser/robot/workdown/workdown_ws/install/image_topic/share/image_topic/local_setup.dsv
-- Installing: /home/vboxuser/robot/workdown/workdown_ws/install/image_topic/share/image_topic/package.dsv
-- Up-to-date: /home/vboxuser/robot/workdown/workdown_ws/install/image_topic/share/ament_index/resource_index/packages/image_topic
-- Up-to-date: /home/vboxuser/robot/workdown/workdown_ws/install/image_topic/share/image_topic/cmake/image_topicConfig.cmake
-- Up-to-date: /home/vboxuser/robot/workdown/workdown_ws/install/image_topic/share/image_topic/cmake/image_topicConfig-version.cmake
-- Installing: /home/vboxuser/robot/workdown/workdown_ws/install/image_topic/share/image_topic/package.xml
-- Installing: /home/vboxuser/robot/workdown/workdown_ws/install/image_topic/lib/image_topic/Image_Topic_Publisher
-- Set runtime path of "/home/vboxuser/robot/workdown/workdown_ws/install/image_topic/lib/image_topic/Image_Topic_Publisher" to ""
-- Installing: /home/vboxuser/robot/workdown/workdown_ws/install/image_topic/lib/image_topic/Image_Topic_Subscribe
-- Set runtime path of "/home/vboxuser/robot/workdown/workdown_ws/install/image_topic/lib/image_topic/Image_Topic_Subscribe" to ""
