[0.014s] Invoking command in '/home/vboxuser/robot/workdown/workdown_ws/build/aim_interfaces': CMAKE_PREFIX_PATH=/opt/ros/humble /usr/bin/cmake --build /home/vboxuser/robot/workdown/workdown_ws/build/aim_interfaces -- -j4 -l4
[0.049s] -- Found ament_cmake: 1.3.11 (/opt/ros/humble/share/ament_cmake/cmake)
[0.179s] -- Found ament_lint_auto: 0.12.12 (/opt/ros/humble/share/ament_lint_auto/cmake)
[0.249s] -- Found geometry_msgs: 4.9.0 (/opt/ros/humble/share/geometry_msgs/cmake)
[0.270s] -- Found rosidl_generator_c: 3.1.6 (/opt/ros/humble/share/rosidl_generator_c/cmake)
[0.272s] -- Found rosidl_adapter: 3.1.6 (/opt/ros/humble/share/rosidl_adapter/cmake)
[0.278s] -- Found rosidl_generator_cpp: 3.1.6 (/opt/ros/humble/share/rosidl_generator_cpp/cmake)
[0.286s] -- Using all available rosidl_typesupport_c: rosidl_typesupport_fastrtps_c;rosidl_typesupport_introspection_c
[0.297s] -- Using all available rosidl_typesupport_cpp: rosidl_typesupport_fastrtps_cpp;rosidl_typesupport_introspection_cpp
[0.327s] -- Found rosidl_default_generators: 1.2.0 (/opt/ros/humble/share/rosidl_default_generators/cmake)
[0.538s] -- Found ament_cmake_ros: 0.10.0 (/opt/ros/humble/share/ament_cmake_ros/cmake)
[0.979s] -- Using all available rosidl_typesupport_c: rosidl_typesupport_fastrtps_c;rosidl_typesupport_introspection_c
[1.145s] -- Using all available rosidl_typesupport_cpp: rosidl_typesupport_fastrtps_cpp;rosidl_typesupport_introspection_cpp
[1.166s] -- Found python_cmake_module: 0.10.0 (/opt/ros/humble/share/python_cmake_module/cmake)
[1.188s] -- Using PYTHON_EXECUTABLE: /usr/bin/python3
[1.188s] -- Using PYTHON_INCLUDE_DIRS: /usr/include/python3.10
[1.188s] -- Using PYTHON_LIBRARIES: /usr/lib/x86_64-linux-gnu/libpython3.10.so
[1.225s] -- Added test 'lint_cmake' to check CMake code style
[1.227s] -- Added test 'xmllint' to check XML markup files
[1.230s] -- Configuring done
[1.275s] -- Generating done
[1.288s] -- Build files have been written to: /home/vboxuser/robot/workdown/workdown_ws/build/aim_interfaces
[1.340s] [  3%] Built target aim_interfaces__cpp
[1.342s] [  6%] [32mBuilding C object CMakeFiles/aim_interfaces__rosidl_generator_c.dir/rosidl_generator_c/aim_interfaces/msg/detail/aim_info__functions.c.o[0m
[1.356s] [  6%] Built target ament_cmake_python_copy_aim_interfaces
[1.357s] [  9%] [34m[1mGenerating C++ type support for eProsima Fast-RTPS[0m
[1.365s] In file included from [01m[K/home/vboxuser/robot/workdown/workdown_ws/build/aim_interfaces/rosidl_generator_c/aim_interfaces/msg/detail/aim_info__functions.h:19[m[K,
[1.365s]                  from [01m[K/home/vboxuser/robot/workdown/workdown_ws/build/aim_interfaces/rosidl_generator_c/aim_interfaces/msg/detail/aim_info__functions.c:4[m[K:
[1.365s] [01m[K/home/vboxuser/robot/workdown/workdown_ws/build/aim_interfaces/rosidl_generator_c/aim_interfaces/msg/detail/aim_info__struct.h:23:10:[m[K [01;31m[Kfatal error: [m[Kaim_interfaces/msg/detail/int16__struct.h: æ²¡æœ‰é‚£ä¸ªæ–‡ä»¶æˆ–ç›®å½•
[1.365s]    23 | #include [01;31m[K"aim_interfaces/msg/detail/int16__struct.h"[m[K
[1.366s]       |          [01;31m[K^~~~~~~~~~~~~~~~~~~~~~~~~~~~~~~~~~~~~~~~~~~[m[K
[1.366s] compilation terminated.
[1.368s] gmake[2]: *** [CMakeFiles/aim_interfaces__rosidl_generator_c.dir/build.make:167ï¼šCMakeFiles/aim_interfaces__rosidl_generator_c.dir/rosidl_generator_c/aim_interfaces/msg/detail/aim_info__functions.c.o] é”™è¯¯ 1
[1.368s] gmake[1]: *** [CMakeFiles/Makefile2:213ï¼šCMakeFiles/aim_interfaces__rosidl_generator_c.dir/all] é”™è¯¯ 2
[1.368s] gmake[1]: *** æ­£åœ¨ç­‰å¾…æœªå®Œæˆçš„ä»»åŠ¡....
[1.369s] [ 12%] [32mBuilding CXX object CMakeFiles/aim_interfaces__rosidl_typesupport_cpp.dir/rosidl_typesupport_cpp/aim_interfaces/msg/aim_info__type_support.cpp.o[0m
[1.390s] [ 16%] [32mBuilding CXX object CMakeFiles/aim_interfaces__rosidl_typesupport_introspection_cpp.dir/rosidl_typesupport_introspection_cpp/aim_interfaces/msg/detail/aim_info__type_support.cpp.o[0m
[1.439s] In file included from [01m[K/home/vboxuser/robot/workdown/workdown_ws/build/aim_interfaces/rosidl_typesupport_cpp/aim_interfaces/msg/aim_info__type_support.cpp:7[m[K:
[1.439s] [01m[K/home/vboxuser/robot/workdown/workdown_ws/build/aim_interfaces/rosidl_generator_cpp/aim_interfaces/msg/detail/aim_info__struct.hpp:21:10:[m[K [01;31m[Kfatal error: [m[Kaim_interfaces/msg/detail/int16__struct.hpp: æ²¡æœ‰é‚£ä¸ªæ–‡ä»¶æˆ–ç›®å½•
[1.439s]    21 | #include [01;31m[K"aim_interfaces/msg/detail/int16__struct.hpp"[m[K
[1.439s]       |          [01;31m[K^~~~~~~~~~~~~~~~~~~~~~~~~~~~~~~~~~~~~~~~~~~~~[m[K
[1.439s] compilation terminated.
[1.443s] gmake[2]: *** [CMakeFiles/aim_interfaces__rosidl_typesupport_cpp.dir/build.make:148ï¼šCMakeFiles/aim_interfaces__rosidl_typesupport_cpp.dir/rosidl_typesupport_cpp/aim_interfaces/msg/aim_info__type_support.cpp.o] é”™è¯¯ 1
[1.443s] gmake[1]: *** [CMakeFiles/Makefile2:395ï¼šCMakeFiles/aim_interfaces__rosidl_typesupport_cpp.dir/all] é”™è¯¯ 2
[1.462s] In file included from [01m[K/home/vboxuser/robot/workdown/workdown_ws/build/aim_interfaces/rosidl_typesupport_introspection_cpp/aim_interfaces/msg/detail/aim_info__type_support.cpp:12[m[K:
[1.464s] [01m[K/home/vboxuser/robot/workdown/workdown_ws/build/aim_interfaces/rosidl_generator_cpp/aim_interfaces/msg/detail/aim_info__struct.hpp:21:10:[m[K [01;31m[Kfatal error: [m[Kaim_interfaces/msg/detail/int16__struct.hpp: æ²¡æœ‰é‚£ä¸ªæ–‡ä»¶æˆ–ç›®å½•
[1.464s]    21 | #include [01;31m[K"aim_interfaces/msg/detail/int16__struct.hpp"[m[K
[1.464s]       |          [01;31m[K^~~~~~~~~~~~~~~~~~~~~~~~~~~~~~~~~~~~~~~~~~~~~[m[K
[1.464s] compilation terminated.
[1.465s] gmake[2]: *** [CMakeFiles/aim_interfaces__rosidl_typesupport_introspection_cpp.dir/build.make:153ï¼šCMakeFiles/aim_interfaces__rosidl_typesupport_introspection_cpp.dir/rosidl_typesupport_introspection_cpp/aim_interfaces/msg/detail/aim_info__type_support.cpp.o] é”™è¯¯ 1
[1.465s] gmake[1]: *** [CMakeFiles/Makefile2:369ï¼šCMakeFiles/aim_interfaces__rosidl_typesupport_introspection_cpp.dir/all] é”™è¯¯ 2
[1.607s] [ 19%] [32mBuilding CXX object CMakeFiles/aim_interfaces__rosidl_typesupport_fastrtps_cpp.dir/rosidl_typesupport_fastrtps_cpp/aim_interfaces/msg/detail/dds_fastrtps/aim_info__type_support.cpp.o[0m
[1.672s] In file included from [01m[K/home/vboxuser/robot/workdown/workdown_ws/build/aim_interfaces/rosidl_typesupport_fastrtps_cpp/aim_interfaces/msg/detail/aim_info__rosidl_typesupport_fastrtps_cpp.hpp:11[m[K,
[1.672s]                  from [01m[K/home/vboxuser/robot/workdown/workdown_ws/build/aim_interfaces/rosidl_typesupport_fastrtps_cpp/aim_interfaces/msg/detail/dds_fastrtps/aim_info__type_support.cpp:4[m[K:
[1.672s] [01m[K/home/vboxuser/robot/workdown/workdown_ws/build/aim_interfaces/rosidl_generator_cpp/aim_interfaces/msg/detail/aim_info__struct.hpp:21:10:[m[K [01;31m[Kfatal error: [m[Kaim_interfaces/msg/detail/int16__struct.hpp: æ²¡æœ‰é‚£ä¸ªæ–‡ä»¶æˆ–ç›®å½•
[1.672s]    21 | #include [01;31m[K"aim_interfaces/msg/detail/int16__struct.hpp"[m[K
[1.672s]       |          [01;31m[K^~~~~~~~~~~~~~~~~~~~~~~~~~~~~~~~~~~~~~~~~~~~~[m[K
[1.672s] compilation terminated.
[1.674s] gmake[2]: *** [CMakeFiles/aim_interfaces__rosidl_typesupport_fastrtps_cpp.dir/build.make:153ï¼šCMakeFiles/aim_interfaces__rosidl_typesupport_fastrtps_cpp.dir/rosidl_typesupport_fastrtps_cpp/aim_interfaces/msg/detail/dds_fastrtps/aim_info__type_support.cpp.o] é”™è¯¯ 1
[1.675s] gmake[1]: *** [CMakeFiles/Makefile2:291ï¼šCMakeFiles/aim_interfaces__rosidl_typesupport_fastrtps_cpp.dir/all] é”™è¯¯ 2
[1.675s] gmake: *** [Makefile:146ï¼šall] é”™è¯¯ 2
[1.683s] Invoked command in '/home/vboxuser/robot/workdown/workdown_ws/build/aim_interfaces' returned '2': CMAKE_PREFIX_PATH=/opt/ros/humble /usr/bin/cmake --build /home/vboxuser/robot/workdown/workdown_ws/build/aim_interfaces -- -j4 -l4
