[0.011s] Invoking command in '/home/vboxuser/robot/workdown/build/image_topic': CMAKE_PREFIX_PATH=/opt/ros/humble /usr/bin/cmake /home/vboxuser/robot/workdown/workdown_ws/image_topic -DCMAKE_INSTALL_PREFIX=/home/vboxuser/robot/workdown/install/image_topic
[0.082s] -- The C compiler identification is GNU 11.4.0
[0.150s] -- The CXX compiler identification is GNU 11.4.0
[0.159s] -- Detecting C compiler ABI info
[0.254s] -- Detecting C compiler ABI info - done
[0.261s] -- Check for working C compiler: /usr/bin/cc - skipped
[0.261s] -- Detecting C compile features
[0.262s] -- Detecting C compile features - done
[0.265s] -- Detecting CXX compiler ABI info
[0.371s] -- Detecting CXX compiler ABI info - done
[0.381s] -- Check for working CXX compiler: /usr/bin/c++ - skipped
[0.381s] -- Detecting CXX compile features
[0.381s] -- Detecting CXX compile features - done
[0.384s] -- Found ament_cmake: 1.3.11 (/opt/ros/humble/share/ament_cmake/cmake)
[0.544s] -- Found Python3: /usr/bin/python3 (found version "3.10.12") found components: Interpreter 
[0.627s] -- Found rclcpp: 16.0.12 (/opt/ros/humble/share/rclcpp/cmake)
[0.668s] -- Found rosidl_generator_c: 3.1.6 (/opt/ros/humble/share/rosidl_generator_c/cmake)
[0.673s] -- Found rosidl_adapter: 3.1.6 (/opt/ros/humble/share/rosidl_adapter/cmake)
[0.680s] -- Found rosidl_generator_cpp: 3.1.6 (/opt/ros/humble/share/rosidl_generator_cpp/cmake)
[0.692s] -- Using all available rosidl_typesupport_c: rosidl_typesupport_fastrtps_c;rosidl_typesupport_introspection_c
[0.706s] -- Using all available rosidl_typesupport_cpp: rosidl_typesupport_fastrtps_cpp;rosidl_typesupport_introspection_cpp
[0.748s] -- Found rmw_implementation_cmake: 6.1.2 (/opt/ros/humble/share/rmw_implementation_cmake/cmake)
[0.750s] -- Found rmw_fastrtps_cpp: 6.2.7 (/opt/ros/humble/share/rmw_fastrtps_cpp/cmake)
[0.860s] -- Found OpenSSL: /usr/lib/x86_64-linux-gnu/libcrypto.so (found version "3.0.2")  
[0.890s] -- Found FastRTPS: /opt/ros/humble/include  
[0.935s] -- Using RMW implementation 'rmw_fastrtps_cpp' as default
[0.943s] -- Looking for pthread.h
[1.039s] -- Looking for pthread.h - found
[1.039s] -- Performing Test CMAKE_HAVE_LIBC_PTHREAD
[1.139s] -- Performing Test CMAKE_HAVE_LIBC_PTHREAD - Success
[1.139s] -- Found Threads: TRUE  
[1.181s] -- Found ament_lint_auto: 0.12.12 (/opt/ros/humble/share/ament_lint_auto/cmake)
[1.257s] -- Added test 'cppcheck' to perform static code analysis on C / C++ code
[1.257s] -- Configured cppcheck include dirs: 
[1.257s] -- Configured cppcheck exclude dirs and/or files: 
[1.258s] -- Added test 'lint_cmake' to check CMake code style
[1.260s] -- Added test 'uncrustify' to check C / C++ code style
[1.260s] -- Configured uncrustify additional arguments: 
[1.260s] -- Added test 'xmllint' to check XML markup files
[1.263s] -- Found sensor_msgs: 4.9.0 (/opt/ros/humble/share/sensor_msgs/cmake)
[1.291s] -- Configuring done
[1.305s] -- Generating done
[1.310s] -- Build files have been written to: /home/vboxuser/robot/workdown/build/image_topic
[1.322s] Invoked command in '/home/vboxuser/robot/workdown/build/image_topic' returned '0': CMAKE_PREFIX_PATH=/opt/ros/humble /usr/bin/cmake /home/vboxuser/robot/workdown/workdown_ws/image_topic -DCMAKE_INSTALL_PREFIX=/home/vboxuser/robot/workdown/install/image_topic
[1.324s] Invoking command in '/home/vboxuser/robot/workdown/build/image_topic': CMAKE_PREFIX_PATH=/opt/ros/humble /usr/bin/cmake --build /home/vboxuser/robot/workdown/build/image_topic -- -j4 -l4
[1.395s] [ 50%] [32mBuilding CXX object CMakeFiles/Image_Topic_Subscribe.dir/src/subscribe.cpp.o[0m
[1.395s] [ 50%] [32mBuilding CXX object CMakeFiles/Image_Topic_Publisher.dir/src/publisher.cpp.o[0m
[4.964s] [ 75%] [32m[1mLinking CXX executable Image_Topic_Subscribe[0m
[5.000s] [100%] [32m[1mLinking CXX executable Image_Topic_Publisher[0m
[5.153s] [100%] Built target Image_Topic_Subscribe
[5.170s] [100%] Built target Image_Topic_Publisher
[5.191s] Invoked command in '/home/vboxuser/robot/workdown/build/image_topic' returned '0': CMAKE_PREFIX_PATH=/opt/ros/humble /usr/bin/cmake --build /home/vboxuser/robot/workdown/build/image_topic -- -j4 -l4
[5.218s] Invoking command in '/home/vboxuser/robot/workdown/build/image_topic': CMAKE_PREFIX_PATH=/opt/ros/humble /usr/bin/cmake --install /home/vboxuser/robot/workdown/build/image_topic
[5.218s] -- Install configuration: ""
[5.218s] -- Installing: /home/vboxuser/robot/workdown/install/image_topic/share/ament_index/resource_index/package_run_dependencies/image_topic
[5.219s] -- Installing: /home/vboxuser/robot/workdown/install/image_topic/share/ament_index/resource_index/parent_prefix_path/image_topic
[5.219s] -- Installing: /home/vboxuser/robot/workdown/install/image_topic/share/image_topic/environment/ament_prefix_path.sh
[5.223s] -- Installing: /home/vboxuser/robot/workdown/install/image_topic/share/image_topic/environment/ament_prefix_path.dsv
[5.223s] -- Installing: /home/vboxuser/robot/workdown/install/image_topic/share/image_topic/environment/path.sh
[5.223s] -- Installing: /home/vboxuser/robot/workdown/install/image_topic/share/image_topic/environment/path.dsv
[5.223s] -- Installing: /home/vboxuser/robot/workdown/install/image_topic/share/image_topic/local_setup.bash
[5.224s] -- Installing: /home/vboxuser/robot/workdown/install/image_topic/share/image_topic/local_setup.sh
[5.224s] -- Installing: /home/vboxuser/robot/workdown/install/image_topic/share/image_topic/local_setup.zsh
[5.224s] -- Installing: /home/vboxuser/robot/workdown/install/image_topic/share/image_topic/local_setup.dsv
[5.224s] -- Installing: /home/vboxuser/robot/workdown/install/image_topic/share/image_topic/package.dsv
[5.225s] -- Installing: /home/vboxuser/robot/workdown/install/image_topic/share/ament_index/resource_index/packages/image_topic
[5.225s] -- Installing: /home/vboxuser/robot/workdown/install/image_topic/share/image_topic/cmake/image_topicConfig.cmake
[5.225s] -- Installing: /home/vboxuser/robot/workdown/install/image_topic/share/image_topic/cmake/image_topicConfig-version.cmake
[5.225s] -- Installing: /home/vboxuser/robot/workdown/install/image_topic/share/image_topic/package.xml
[5.225s] -- Installing: /home/vboxuser/robot/workdown/install/image_topic/lib/Image_Topic_Publisher
[5.229s] -- Set runtime path of "/home/vboxuser/robot/workdown/install/image_topic/lib/Image_Topic_Publisher" to ""
[5.229s] -- Installing: /home/vboxuser/robot/workdown/install/image_topic/lib/image_topic/Image_Topic_Subscribe
[5.229s] -- Set runtime path of "/home/vboxuser/robot/workdown/install/image_topic/lib/image_topic/Image_Topic_Subscribe" to ""
[5.230s] Invoked command in '/home/vboxuser/robot/workdown/build/image_topic' returned '0': CMAKE_PREFIX_PATH=/opt/ros/humble /usr/bin/cmake --install /home/vboxuser/robot/workdown/build/image_topic
