-- Found ament_cmake: 1.3.11 (/opt/ros/humble/share/ament_cmake/cmake)
-- Found rosidl_default_generators: 1.2.0 (/opt/ros/humble/share/rosidl_default_generators/cmake)
-- Using all available rosidl_typesupport_c: rosidl_typesupport_fastrtps_c;rosidl_typesupport_introspection_c
-- Found rosidl_adapter: 3.1.6 (/opt/ros/humble/share/rosidl_adapter/cmake)
-- Using all available rosidl_typesupport_cpp: rosidl_typesupport_fastrtps_cpp;rosidl_typesupport_introspection_cpp
-- Found geometry_msgs: 4.9.0 (/opt/ros/humble/share/geometry_msgs/cmake)
-- Found ament_lint_auto: 0.12.12 (/opt/ros/humble/share/ament_lint_auto/cmake)
-- Found ament_cmake_ros: 0.10.0 (/opt/ros/humble/share/ament_cmake_ros/cmake)
-- Using all available rosidl_typesupport_c: rosidl_typesupport_fastrtps_c;rosidl_typesupport_introspection_c
-- Using all available rosidl_typesupport_cpp: rosidl_typesupport_fastrtps_cpp;rosidl_typesupport_introspection_cpp
-- Found python_cmake_module: 0.10.0 (/opt/ros/humble/share/python_cmake_module/cmake)
-- Using PYTHON_EXECUTABLE: /usr/bin/python3
-- Using PYTHON_INCLUDE_DIRS: /usr/include/python3.10
-- Using PYTHON_LIBRARIES: /usr/lib/x86_64-linux-gnu/libpython3.10.so
-- Added test 'lint_cmake' to check CMake code style
-- Added test 'xmllint' to check XML markup files
-- Configuring done
-- Generating done
-- Build files have been written to: /home/vboxuser/robot/workdown/workdown_ws/build/aim_interfaces
[  3%] [34m[1mGenerating C code for ROS interfaces[0m
[  6%] [34m[1mGenerating C++ code for ROS interfaces[0m
[  6%] Built target ament_cmake_python_copy_aim_interfaces
[  9%] [32mBuilding C object CMakeFiles/aim_interfaces__rosidl_generator_c.dir/rosidl_generator_c/aim_interfaces/msg/detail/aim_info__functions.c.o[0m
running egg_info
writing aim_interfaces.egg-info/PKG-INFO
writing dependency_links to aim_interfaces.egg-info/dependency_links.txt
writing top-level names to aim_interfaces.egg-info/top_level.txt
reading manifest file 'aim_interfaces.egg-info/SOURCES.txt'
writing manifest file 'aim_interfaces.egg-info/SOURCES.txt'
[  9%] Built target aim_interfaces__cpp
[ 12%] [34m[1mGenerating C++ type support dispatch for ROS interfaces[0m
[ 16%] [34m[1mGenerating C++ type support for eProsima Fast-RTPS[0m
[ 16%] Built target ament_cmake_python_build_aim_interfaces_egg
[ 19%] [34m[1mGenerating C++ introspection for ROS interfaces[0m
[ 22%] [32m[1mLinking C shared library libaim_interfaces__rosidl_generator_c.so[0m
[ 22%] Built target aim_interfaces__rosidl_generator_c
[ 25%] [34m[1mGenerating C type support for eProsima Fast-RTPS[0m
[ 29%] [32mBuilding CXX object CMakeFiles/aim_interfaces__rosidl_typesupport_cpp.dir/rosidl_typesupport_cpp/aim_interfaces/msg/aim_info__type_support.cpp.o[0m
[ 32%] [32mBuilding CXX object CMakeFiles/aim_interfaces__rosidl_typesupport_fastrtps_cpp.dir/rosidl_typesupport_fastrtps_cpp/aim_interfaces/msg/detail/dds_fastrtps/aim_info__type_support.cpp.o[0m
[ 35%] [32mBuilding CXX object CMakeFiles/aim_interfaces__rosidl_typesupport_introspection_cpp.dir/rosidl_typesupport_introspection_cpp/aim_interfaces/msg/detail/aim_info__type_support.cpp.o[0m
[ 38%] [32mBuilding CXX object CMakeFiles/aim_interfaces__rosidl_typesupport_fastrtps_c.dir/rosidl_typesupport_fastrtps_c/aim_interfaces/msg/detail/aim_info__type_support_c.cpp.o[0m
[ 41%] [32m[1mLinking CXX shared library libaim_interfaces__rosidl_typesupport_cpp.so[0m
[ 41%] Built target aim_interfaces__rosidl_typesupport_cpp
[ 45%] [34m[1mGenerating C introspection for ROS interfaces[0m
[ 48%] [32m[1mLinking CXX shared library libaim_interfaces__rosidl_typesupport_introspection_cpp.so[0m
[ 51%] [32m[1mLinking CXX shared library libaim_interfaces__rosidl_typesupport_fastrtps_cpp.so[0m
[ 54%] [32m[1mLinking CXX shared library libaim_interfaces__rosidl_typesupport_fastrtps_c.so[0m
[ 54%] Built target aim_interfaces__rosidl_typesupport_introspection_cpp
[ 58%] [32mBuilding C object CMakeFiles/aim_interfaces__rosidl_typesupport_introspection_c.dir/rosidl_typesupport_introspection_c/aim_interfaces/msg/detail/aim_info__type_support.c.o[0m
[ 61%] [34m[1mGenerating C type support dispatch for ROS interfaces[0m
[ 61%] Built target aim_interfaces__rosidl_typesupport_fastrtps_cpp
[ 61%] Built target aim_interfaces__rosidl_typesupport_fastrtps_c
[ 64%] [32m[1mLinking C shared library libaim_interfaces__rosidl_typesupport_introspection_c.so[0m
[ 64%] Built target aim_interfaces__rosidl_typesupport_introspection_c
[ 67%] [32mBuilding CXX object CMakeFiles/aim_interfaces__rosidl_typesupport_c.dir/rosidl_typesupport_c/aim_interfaces/msg/aim_info__type_support.cpp.o[0m
[ 70%] [32m[1mLinking CXX shared library libaim_interfaces__rosidl_typesupport_c.so[0m
[ 70%] Built target aim_interfaces__rosidl_typesupport_c
[ 70%] Built target aim_interfaces
[ 74%] [34m[1mGenerating Python code for ROS interfaces[0m
[ 74%] Built target aim_interfaces__py
[ 77%] [32mBuilding C object CMakeFiles/aim_interfaces__rosidl_generator_py.dir/rosidl_generator_py/aim_interfaces/msg/_aim_info_s.c.o[0m
[ 80%] [32m[1mLinking C shared library rosidl_generator_py/aim_interfaces/libaim_interfaces__rosidl_generator_py.so[0m
[ 80%] Built target aim_interfaces__rosidl_generator_py
[ 87%] [32mBuilding C object CMakeFiles/aim_interfaces__rosidl_typesupport_fastrtps_c__pyext.dir/rosidl_generator_py/aim_interfaces/_aim_interfaces_s.ep.rosidl_typesupport_fastrtps_c.c.o[0m
[ 90%] [32mBuilding C object CMakeFiles/aim_interfaces__rosidl_typesupport_c__pyext.dir/rosidl_generator_py/aim_interfaces/_aim_interfaces_s.ep.rosidl_typesupport_c.c.o[0m
[ 90%] [32mBuilding C object CMakeFiles/aim_interfaces__rosidl_typesupport_introspection_c__pyext.dir/rosidl_generator_py/aim_interfaces/_aim_interfaces_s.ep.rosidl_typesupport_introspection_c.c.o[0m
[ 93%] [32m[1mLinking C shared library rosidl_generator_py/aim_interfaces/aim_interfaces_s__rosidl_typesupport_fastrtps_c.cpython-310-x86_64-linux-gnu.so[0m
[ 96%] [32m[1mLinking C shared library rosidl_generator_py/aim_interfaces/aim_interfaces_s__rosidl_typesupport_introspection_c.cpython-310-x86_64-linux-gnu.so[0m
[100%] [32m[1mLinking C shared library rosidl_generator_py/aim_interfaces/aim_interfaces_s__rosidl_typesupport_c.cpython-310-x86_64-linux-gnu.so[0m
[100%] Built target aim_interfaces__rosidl_typesupport_fastrtps_c__pyext
[100%] Built target aim_interfaces__rosidl_typesupport_introspection_c__pyext
[100%] Built target aim_interfaces__rosidl_typesupport_c__pyext
-- Install configuration: ""
-- Installing: /home/vboxuser/robot/workdown/workdown_ws/install/aim_interfaces/share/ament_index/resource_index/rosidl_interfaces/aim_interfaces
-- Installing: /home/vboxuser/robot/workdown/workdown_ws/install/aim_interfaces/include/aim_interfaces/aim_interfaces
-- Installing: /home/vboxuser/robot/workdown/workdown_ws/install/aim_interfaces/include/aim_interfaces/aim_interfaces/msg
-- Installing: /home/vboxuser/robot/workdown/workdown_ws/install/aim_interfaces/include/aim_interfaces/aim_interfaces/msg/rosidl_generator_c__visibility_control.h
-- Installing: /home/vboxuser/robot/workdown/workdown_ws/install/aim_interfaces/include/aim_interfaces/aim_interfaces/msg/detail
-- Installing: /home/vboxuser/robot/workdown/workdown_ws/install/aim_interfaces/include/aim_interfaces/aim_interfaces/msg/detail/aim_info__struct.h
-- Installing: /home/vboxuser/robot/workdown/workdown_ws/install/aim_interfaces/include/aim_interfaces/aim_interfaces/msg/detail/aim_info__type_support.h
-- Installing: /home/vboxuser/robot/workdown/workdown_ws/install/aim_interfaces/include/aim_interfaces/aim_interfaces/msg/detail/aim_info__functions.c
-- Installing: /home/vboxuser/robot/workdown/workdown_ws/install/aim_interfaces/include/aim_interfaces/aim_interfaces/msg/detail/aim_info__functions.h
-- Installing: /home/vboxuser/robot/workdown/workdown_ws/install/aim_interfaces/include/aim_interfaces/aim_interfaces/msg/aim_info.h
-- Installing: /home/vboxuser/robot/workdown/workdown_ws/install/aim_interfaces/share/aim_interfaces/environment/library_path.sh
-- Installing: /home/vboxuser/robot/workdown/workdown_ws/install/aim_interfaces/share/aim_interfaces/environment/library_path.dsv
-- Installing: /home/vboxuser/robot/workdown/workdown_ws/install/aim_interfaces/lib/libaim_interfaces__rosidl_generator_c.so
-- Set runtime path of "/home/vboxuser/robot/workdown/workdown_ws/install/aim_interfaces/lib/libaim_interfaces__rosidl_generator_c.so" to ""
-- Up-to-date: /home/vboxuser/robot/workdown/workdown_ws/install/aim_interfaces/include/aim_interfaces/aim_interfaces
-- Up-to-date: /home/vboxuser/robot/workdown/workdown_ws/install/aim_interfaces/include/aim_interfaces/aim_interfaces/msg
-- Installing: /home/vboxuser/robot/workdown/workdown_ws/install/aim_interfaces/include/aim_interfaces/aim_interfaces/msg/rosidl_typesupport_fastrtps_c__visibility_control.h
-- Up-to-date: /home/vboxuser/robot/workdown/workdown_ws/install/aim_interfaces/include/aim_interfaces/aim_interfaces/msg/detail
-- Installing: /home/vboxuser/robot/workdown/workdown_ws/install/aim_interfaces/include/aim_interfaces/aim_interfaces/msg/detail/aim_info__rosidl_typesupport_fastrtps_c.h
-- Installing: /home/vboxuser/robot/workdown/workdown_ws/install/aim_interfaces/lib/libaim_interfaces__rosidl_typesupport_fastrtps_c.so
-- Set runtime path of "/home/vboxuser/robot/workdown/workdown_ws/install/aim_interfaces/lib/libaim_interfaces__rosidl_typesupport_fastrtps_c.so" to ""
-- Up-to-date: /home/vboxuser/robot/workdown/workdown_ws/install/aim_interfaces/include/aim_interfaces/aim_interfaces
-- Up-to-date: /home/vboxuser/robot/workdown/workdown_ws/install/aim_interfaces/include/aim_interfaces/aim_interfaces/msg
-- Installing: /home/vboxuser/robot/workdown/workdown_ws/install/aim_interfaces/include/aim_interfaces/aim_interfaces/msg/rosidl_typesupport_introspection_c__visibility_control.h
-- Up-to-date: /home/vboxuser/robot/workdown/workdown_ws/install/aim_interfaces/include/aim_interfaces/aim_interfaces/msg/detail
-- Installing: /home/vboxuser/robot/workdown/workdown_ws/install/aim_interfaces/include/aim_interfaces/aim_interfaces/msg/detail/aim_info__type_support.c
-- Installing: /home/vboxuser/robot/workdown/workdown_ws/install/aim_interfaces/include/aim_interfaces/aim_interfaces/msg/detail/aim_info__rosidl_typesupport_introspection_c.h
-- Installing: /home/vboxuser/robot/workdown/workdown_ws/install/aim_interfaces/lib/libaim_interfaces__rosidl_typesupport_introspection_c.so
-- Set runtime path of "/home/vboxuser/robot/workdown/workdown_ws/install/aim_interfaces/lib/libaim_interfaces__rosidl_typesupport_introspection_c.so" to ""
-- Installing: /home/vboxuser/robot/workdown/workdown_ws/install/aim_interfaces/lib/libaim_interfaces__rosidl_typesupport_c.so
-- Set runtime path of "/home/vboxuser/robot/workdown/workdown_ws/install/aim_interfaces/lib/libaim_interfaces__rosidl_typesupport_c.so" to ""
-- Up-to-date: /home/vboxuser/robot/workdown/workdown_ws/install/aim_interfaces/include/aim_interfaces/aim_interfaces
-- Up-to-date: /home/vboxuser/robot/workdown/workdown_ws/install/aim_interfaces/include/aim_interfaces/aim_interfaces/msg
-- Installing: /home/vboxuser/robot/workdown/workdown_ws/install/aim_interfaces/include/aim_interfaces/aim_interfaces/msg/rosidl_generator_cpp__visibility_control.hpp
-- Up-to-date: /home/vboxuser/robot/workdown/workdown_ws/install/aim_interfaces/include/aim_interfaces/aim_interfaces/msg/detail
-- Installing: /home/vboxuser/robot/workdown/workdown_ws/install/aim_interfaces/include/aim_interfaces/aim_interfaces/msg/detail/aim_info__traits.hpp
-- Installing: /home/vboxuser/robot/workdown/workdown_ws/install/aim_interfaces/include/aim_interfaces/aim_interfaces/msg/detail/aim_info__type_support.hpp
-- Installing: /home/vboxuser/robot/workdown/workdown_ws/install/aim_interfaces/include/aim_interfaces/aim_interfaces/msg/detail/aim_info__builder.hpp
-- Installing: /home/vboxuser/robot/workdown/workdown_ws/install/aim_interfaces/include/aim_interfaces/aim_interfaces/msg/detail/aim_info__struct.hpp
-- Installing: /home/vboxuser/robot/workdown/workdown_ws/install/aim_interfaces/include/aim_interfaces/aim_interfaces/msg/aim_info.hpp
-- Up-to-date: /home/vboxuser/robot/workdown/workdown_ws/install/aim_interfaces/include/aim_interfaces/aim_interfaces
-- Up-to-date: /home/vboxuser/robot/workdown/workdown_ws/install/aim_interfaces/include/aim_interfaces/aim_interfaces/msg
-- Up-to-date: /home/vboxuser/robot/workdown/workdown_ws/install/aim_interfaces/include/aim_interfaces/aim_interfaces/msg/detail
-- Installing: /home/vboxuser/robot/workdown/workdown_ws/install/aim_interfaces/include/aim_interfaces/aim_interfaces/msg/detail/dds_fastrtps
-- Installing: /home/vboxuser/robot/workdown/workdown_ws/install/aim_interfaces/include/aim_interfaces/aim_interfaces/msg/detail/aim_info__rosidl_typesupport_fastrtps_cpp.hpp
-- Installing: /home/vboxuser/robot/workdown/workdown_ws/install/aim_interfaces/include/aim_interfaces/aim_interfaces/msg/rosidl_typesupport_fastrtps_cpp__visibility_control.h
-- Installing: /home/vboxuser/robot/workdown/workdown_ws/install/aim_interfaces/lib/libaim_interfaces__rosidl_typesupport_fastrtps_cpp.so
-- Set runtime path of "/home/vboxuser/robot/workdown/workdown_ws/install/aim_interfaces/lib/libaim_interfaces__rosidl_typesupport_fastrtps_cpp.so" to ""
-- Up-to-date: /home/vboxuser/robot/workdown/workdown_ws/install/aim_interfaces/include/aim_interfaces/aim_interfaces
-- Up-to-date: /home/vboxuser/robot/workdown/workdown_ws/install/aim_interfaces/include/aim_interfaces/aim_interfaces/msg
-- Up-to-date: /home/vboxuser/robot/workdown/workdown_ws/install/aim_interfaces/include/aim_interfaces/aim_interfaces/msg/detail
-- Installing: /home/vboxuser/robot/workdown/workdown_ws/install/aim_interfaces/include/aim_interfaces/aim_interfaces/msg/detail/aim_info__type_support.cpp
-- Installing: /home/vboxuser/robot/workdown/workdown_ws/install/aim_interfaces/include/aim_interfaces/aim_interfaces/msg/detail/aim_info__rosidl_typesupport_introspection_cpp.hpp
-- Installing: /home/vboxuser/robot/workdown/workdown_ws/install/aim_interfaces/lib/libaim_interfaces__rosidl_typesupport_introspection_cpp.so
-- Set runtime path of "/home/vboxuser/robot/workdown/workdown_ws/install/aim_interfaces/lib/libaim_interfaces__rosidl_typesupport_introspection_cpp.so" to ""
-- Installing: /home/vboxuser/robot/workdown/workdown_ws/install/aim_interfaces/lib/libaim_interfaces__rosidl_typesupport_cpp.so
-- Set runtime path of "/home/vboxuser/robot/workdown/workdown_ws/install/aim_interfaces/lib/libaim_interfaces__rosidl_typesupport_cpp.so" to ""
-- Installing: /home/vboxuser/robot/workdown/workdown_ws/install/aim_interfaces/share/aim_interfaces/environment/pythonpath.sh
-- Installing: /home/vboxuser/robot/workdown/workdown_ws/install/aim_interfaces/share/aim_interfaces/environment/pythonpath.dsv
-- Installing: /home/vboxuser/robot/workdown/workdown_ws/install/aim_interfaces/local/lib/python3.10/dist-packages/aim_interfaces-0.0.0-py3.10.egg-info
-- Installing: /home/vboxuser/robot/workdown/workdown_ws/install/aim_interfaces/local/lib/python3.10/dist-packages/aim_interfaces-0.0.0-py3.10.egg-info/dependency_links.txt
-- Installing: /home/vboxuser/robot/workdown/workdown_ws/install/aim_interfaces/local/lib/python3.10/dist-packages/aim_interfaces-0.0.0-py3.10.egg-info/SOURCES.txt
-- Installing: /home/vboxuser/robot/workdown/workdown_ws/install/aim_interfaces/local/lib/python3.10/dist-packages/aim_interfaces-0.0.0-py3.10.egg-info/PKG-INFO
-- Installing: /home/vboxuser/robot/workdown/workdown_ws/install/aim_interfaces/local/lib/python3.10/dist-packages/aim_interfaces-0.0.0-py3.10.egg-info/top_level.txt
-- Installing: /home/vboxuser/robot/workdown/workdown_ws/install/aim_interfaces/local/lib/python3.10/dist-packages/aim_interfaces
-- Installing: /home/vboxuser/robot/workdown/workdown_ws/install/aim_interfaces/local/lib/python3.10/dist-packages/aim_interfaces/aim_interfaces_s__rosidl_typesupport_fastrtps_c.cpython-310-x86_64-linux-gnu.so
-- Installing: /home/vboxuser/robot/workdown/workdown_ws/install/aim_interfaces/local/lib/python3.10/dist-packages/aim_interfaces/_aim_interfaces_s.ep.rosidl_typesupport_fastrtps_c.c
-- Installing: /home/vboxuser/robot/workdown/workdown_ws/install/aim_interfaces/local/lib/python3.10/dist-packages/aim_interfaces/aim_interfaces_s__rosidl_typesupport_introspection_c.cpython-310-x86_64-linux-gnu.so
-- Installing: /home/vboxuser/robot/workdown/workdown_ws/install/aim_interfaces/local/lib/python3.10/dist-packages/aim_interfaces/msg
-- Installing: /home/vboxuser/robot/workdown/workdown_ws/install/aim_interfaces/local/lib/python3.10/dist-packages/aim_interfaces/msg/_aim_info.py
-- Installing: /home/vboxuser/robot/workdown/workdown_ws/install/aim_interfaces/local/lib/python3.10/dist-packages/aim_interfaces/msg/__init__.py
-- Installing: /home/vboxuser/robot/workdown/workdown_ws/install/aim_interfaces/local/lib/python3.10/dist-packages/aim_interfaces/msg/_aim_info_s.c
-- Installing: /home/vboxuser/robot/workdown/workdown_ws/install/aim_interfaces/local/lib/python3.10/dist-packages/aim_interfaces/__init__.py
-- Installing: /home/vboxuser/robot/workdown/workdown_ws/install/aim_interfaces/local/lib/python3.10/dist-packages/aim_interfaces/_aim_interfaces_s.ep.rosidl_typesupport_c.c
-- Installing: /home/vboxuser/robot/workdown/workdown_ws/install/aim_interfaces/local/lib/python3.10/dist-packages/aim_interfaces/_aim_interfaces_s.ep.rosidl_typesupport_introspection_c.c
-- Installing: /home/vboxuser/robot/workdown/workdown_ws/install/aim_interfaces/local/lib/python3.10/dist-packages/aim_interfaces/aim_interfaces_s__rosidl_typesupport_c.cpython-310-x86_64-linux-gnu.so
-- Installing: /home/vboxuser/robot/workdown/workdown_ws/install/aim_interfaces/local/lib/python3.10/dist-packages/aim_interfaces/libaim_interfaces__rosidl_generator_py.so
Listing '/home/vboxuser/robot/workdown/workdown_ws/install/aim_interfaces/local/lib/python3.10/dist-packages/aim_interfaces'...
Compiling '/home/vboxuser/robot/workdown/workdown_ws/install/aim_interfaces/local/lib/python3.10/dist-packages/aim_interfaces/__init__.py'...
Listing '/home/vboxuser/robot/workdown/workdown_ws/install/aim_interfaces/local/lib/python3.10/dist-packages/aim_interfaces/msg'...
Compiling '/home/vboxuser/robot/workdown/workdown_ws/install/aim_interfaces/local/lib/python3.10/dist-packages/aim_interfaces/msg/__init__.py'...
Compiling '/home/vboxuser/robot/workdown/workdown_ws/install/aim_interfaces/local/lib/python3.10/dist-packages/aim_interfaces/msg/_aim_info.py'...
-- Installing: /home/vboxuser/robot/workdown/workdown_ws/install/aim_interfaces/local/lib/python3.10/dist-packages/aim_interfaces/aim_interfaces_s__rosidl_typesupport_fastrtps_c.cpython-310-x86_64-linux-gnu.so
-- Set runtime path of "/home/vboxuser/robot/workdown/workdown_ws/install/aim_interfaces/local/lib/python3.10/dist-packages/aim_interfaces/aim_interfaces_s__rosidl_typesupport_fastrtps_c.cpython-310-x86_64-linux-gnu.so" to ""
-- Installing: /home/vboxuser/robot/workdown/workdown_ws/install/aim_interfaces/local/lib/python3.10/dist-packages/aim_interfaces/aim_interfaces_s__rosidl_typesupport_introspection_c.cpython-310-x86_64-linux-gnu.so
-- Set runtime path of "/home/vboxuser/robot/workdown/workdown_ws/install/aim_interfaces/local/lib/python3.10/dist-packages/aim_interfaces/aim_interfaces_s__rosidl_typesupport_introspection_c.cpython-310-x86_64-linux-gnu.so" to ""
-- Installing: /home/vboxuser/robot/workdown/workdown_ws/install/aim_interfaces/local/lib/python3.10/dist-packages/aim_interfaces/aim_interfaces_s__rosidl_typesupport_c.cpython-310-x86_64-linux-gnu.so
-- Set runtime path of "/home/vboxuser/robot/workdown/workdown_ws/install/aim_interfaces/local/lib/python3.10/dist-packages/aim_interfaces/aim_interfaces_s__rosidl_typesupport_c.cpython-310-x86_64-linux-gnu.so" to ""
-- Installing: /home/vboxuser/robot/workdown/workdown_ws/install/aim_interfaces/lib/libaim_interfaces__rosidl_generator_py.so
-- Set runtime path of "/home/vboxuser/robot/workdown/workdown_ws/install/aim_interfaces/lib/libaim_interfaces__rosidl_generator_py.so" to ""
-- Installing: /home/vboxuser/robot/workdown/workdown_ws/install/aim_interfaces/share/aim_interfaces/msg/AimInfo.idl
-- Installing: /home/vboxuser/robot/workdown/workdown_ws/install/aim_interfaces/share/aim_interfaces/msg/AimInfo.msg
-- Installing: /home/vboxuser/robot/workdown/workdown_ws/install/aim_interfaces/share/ament_index/resource_index/package_run_dependencies/aim_interfaces
-- Installing: /home/vboxuser/robot/workdown/workdown_ws/install/aim_interfaces/share/ament_index/resource_index/parent_prefix_path/aim_interfaces
-- Installing: /home/vboxuser/robot/workdown/workdown_ws/install/aim_interfaces/share/aim_interfaces/environment/ament_prefix_path.sh
-- Installing: /home/vboxuser/robot/workdown/workdown_ws/install/aim_interfaces/share/aim_interfaces/environment/ament_prefix_path.dsv
-- Installing: /home/vboxuser/robot/workdown/workdown_ws/install/aim_interfaces/share/aim_interfaces/environment/path.sh
-- Installing: /home/vboxuser/robot/workdown/workdown_ws/install/aim_interfaces/share/aim_interfaces/environment/path.dsv
-- Installing: /home/vboxuser/robot/workdown/workdown_ws/install/aim_interfaces/share/aim_interfaces/local_setup.bash
-- Installing: /home/vboxuser/robot/workdown/workdown_ws/install/aim_interfaces/share/aim_interfaces/local_setup.sh
-- Installing: /home/vboxuser/robot/workdown/workdown_ws/install/aim_interfaces/share/aim_interfaces/local_setup.zsh
-- Installing: /home/vboxuser/robot/workdown/workdown_ws/install/aim_interfaces/share/aim_interfaces/local_setup.dsv
-- Installing: /home/vboxuser/robot/workdown/workdown_ws/install/aim_interfaces/share/aim_interfaces/package.dsv
-- Installing: /home/vboxuser/robot/workdown/workdown_ws/install/aim_interfaces/share/ament_index/resource_index/packages/aim_interfaces
-- Installing: /home/vboxuser/robot/workdown/workdown_ws/install/aim_interfaces/share/aim_interfaces/cmake/export_aim_interfaces__rosidl_generator_cExport.cmake
-- Installing: /home/vboxuser/robot/workdown/workdown_ws/install/aim_interfaces/share/aim_interfaces/cmake/export_aim_interfaces__rosidl_generator_cExport-noconfig.cmake
-- Installing: /home/vboxuser/robot/workdown/workdown_ws/install/aim_interfaces/share/aim_interfaces/cmake/export_aim_interfaces__rosidl_typesupport_fastrtps_cExport.cmake
-- Installing: /home/vboxuser/robot/workdown/workdown_ws/install/aim_interfaces/share/aim_interfaces/cmake/export_aim_interfaces__rosidl_typesupport_fastrtps_cExport-noconfig.cmake
-- Installing: /home/vboxuser/robot/workdown/workdown_ws/install/aim_interfaces/share/aim_interfaces/cmake/aim_interfaces__rosidl_typesupport_introspection_cExport.cmake
-- Installing: /home/vboxuser/robot/workdown/workdown_ws/install/aim_interfaces/share/aim_interfaces/cmake/aim_interfaces__rosidl_typesupport_introspection_cExport-noconfig.cmake
-- Installing: /home/vboxuser/robot/workdown/workdown_ws/install/aim_interfaces/share/aim_interfaces/cmake/aim_interfaces__rosidl_typesupport_cExport.cmake
-- Installing: /home/vboxuser/robot/workdown/workdown_ws/install/aim_interfaces/share/aim_interfaces/cmake/aim_interfaces__rosidl_typesupport_cExport-noconfig.cmake
-- Installing: /home/vboxuser/robot/workdown/workdown_ws/install/aim_interfaces/share/aim_interfaces/cmake/export_aim_interfaces__rosidl_generator_cppExport.cmake
-- Installing: /home/vboxuser/robot/workdown/workdown_ws/install/aim_interfaces/share/aim_interfaces/cmake/export_aim_interfaces__rosidl_typesupport_fastrtps_cppExport.cmake
-- Installing: /home/vboxuser/robot/workdown/workdown_ws/install/aim_interfaces/share/aim_interfaces/cmake/export_aim_interfaces__rosidl_typesupport_fastrtps_cppExport-noconfig.cmake
-- Installing: /home/vboxuser/robot/workdown/workdown_ws/install/aim_interfaces/share/aim_interfaces/cmake/aim_interfaces__rosidl_typesupport_introspection_cppExport.cmake
-- Installing: /home/vboxuser/robot/workdown/workdown_ws/install/aim_interfaces/share/aim_interfaces/cmake/aim_interfaces__rosidl_typesupport_introspection_cppExport-noconfig.cmake
-- Installing: /home/vboxuser/robot/workdown/workdown_ws/install/aim_interfaces/share/aim_interfaces/cmake/aim_interfaces__rosidl_typesupport_cppExport.cmake
-- Installing: /home/vboxuser/robot/workdown/workdown_ws/install/aim_interfaces/share/aim_interfaces/cmake/aim_interfaces__rosidl_typesupport_cppExport-noconfig.cmake
-- Installing: /home/vboxuser/robot/workdown/workdown_ws/install/aim_interfaces/share/aim_interfaces/cmake/export_aim_interfaces__rosidl_generator_pyExport.cmake
-- Installing: /home/vboxuser/robot/workdown/workdown_ws/install/aim_interfaces/share/aim_interfaces/cmake/export_aim_interfaces__rosidl_generator_pyExport-noconfig.cmake
-- Installing: /home/vboxuser/robot/workdown/workdown_ws/install/aim_interfaces/share/aim_interfaces/cmake/rosidl_cmake-extras.cmake
-- Installing: /home/vboxuser/robot/workdown/workdown_ws/install/aim_interfaces/share/aim_interfaces/cmake/ament_cmake_export_dependencies-extras.cmake
-- Installing: /home/vboxuser/robot/workdown/workdown_ws/install/aim_interfaces/share/aim_interfaces/cmake/ament_cmake_export_include_directories-extras.cmake
-- Installing: /home/vboxuser/robot/workdown/workdown_ws/install/aim_interfaces/share/aim_interfaces/cmake/ament_cmake_export_libraries-extras.cmake
-- Installing: /home/vboxuser/robot/workdown/workdown_ws/install/aim_interfaces/share/aim_interfaces/cmake/ament_cmake_export_targets-extras.cmake
-- Installing: /home/vboxuser/robot/workdown/workdown_ws/install/aim_interfaces/share/aim_interfaces/cmake/rosidl_cmake_export_typesupport_targets-extras.cmake
-- Installing: /home/vboxuser/robot/workdown/workdown_ws/install/aim_interfaces/share/aim_interfaces/cmake/rosidl_cmake_export_typesupport_libraries-extras.cmake
-- Installing: /home/vboxuser/robot/workdown/workdown_ws/install/aim_interfaces/share/aim_interfaces/cmake/aim_interfacesConfig.cmake
-- Installing: /home/vboxuser/robot/workdown/workdown_ws/install/aim_interfaces/share/aim_interfaces/cmake/aim_interfacesConfig-version.cmake
-- Installing: /home/vboxuser/robot/workdown/workdown_ws/install/aim_interfaces/share/aim_interfaces/package.xml
