[0.015s] Invoking command in '/home/vboxuser/robot/workdown/workdown_ws/build/aim_interfaces': CMAKE_PREFIX_PATH=/opt/ros/humble /usr/bin/cmake --build /home/vboxuser/robot/workdown/workdown_ws/build/aim_interfaces -- -j4 -l4
[0.046s] -- Found ament_cmake: 1.3.11 (/opt/ros/humble/share/ament_cmake/cmake)
[0.177s] -- Found rosidl_default_generators: 1.2.0 (/opt/ros/humble/share/rosidl_default_generators/cmake)
[0.179s] -- Using all available rosidl_typesupport_c: rosidl_typesupport_fastrtps_c;rosidl_typesupport_introspection_c
[0.181s] -- Found rosidl_adapter: 3.1.6 (/opt/ros/humble/share/rosidl_adapter/cmake)
[0.208s] -- Using all available rosidl_typesupport_cpp: rosidl_typesupport_fastrtps_cpp;rosidl_typesupport_introspection_cpp
[0.232s] -- Found geometry_msgs: 4.9.0 (/opt/ros/humble/share/geometry_msgs/cmake)
[0.267s] -- Found ament_lint_auto: 0.12.12 (/opt/ros/humble/share/ament_lint_auto/cmake)
[0.539s] -- Found ament_cmake_ros: 0.10.0 (/opt/ros/humble/share/ament_cmake_ros/cmake)
[0.801s] -- Using all available rosidl_typesupport_c: rosidl_typesupport_fastrtps_c;rosidl_typesupport_introspection_c
[1.131s] -- Using all available rosidl_typesupport_cpp: rosidl_typesupport_fastrtps_cpp;rosidl_typesupport_introspection_cpp
[1.155s] -- Found python_cmake_module: 0.10.0 (/opt/ros/humble/share/python_cmake_module/cmake)
[1.180s] -- Using PYTHON_EXECUTABLE: /usr/bin/python3
[1.180s] -- Using PYTHON_INCLUDE_DIRS: /usr/include/python3.10
[1.180s] -- Using PYTHON_LIBRARIES: /usr/lib/x86_64-linux-gnu/libpython3.10.so
[1.220s] -- Added test 'lint_cmake' to check CMake code style
[1.221s] -- Added test 'xmllint' to check XML markup files
[1.225s] -- Configuring done
[1.269s] -- Generating done
[1.284s] -- Build files have been written to: /home/vboxuser/robot/workdown/workdown_ws/build/aim_interfaces
[1.325s] [  3%] [34m[1mGenerating C code for ROS interfaces[0m
[1.337s] [  6%] [34m[1mGenerating C++ code for ROS interfaces[0m
[1.346s] [  6%] Built target ament_cmake_python_copy_aim_interfaces
[1.596s] [  9%] [32mBuilding C object CMakeFiles/aim_interfaces__rosidl_generator_c.dir/rosidl_generator_c/aim_interfaces/msg/detail/aim_info__functions.c.o[0m
[1.601s] running egg_info
[1.601s] writing aim_interfaces.egg-info/PKG-INFO
[1.602s] writing dependency_links to aim_interfaces.egg-info/dependency_links.txt
[1.602s] writing top-level names to aim_interfaces.egg-info/top_level.txt
[1.609s] reading manifest file 'aim_interfaces.egg-info/SOURCES.txt'
[1.609s] writing manifest file 'aim_interfaces.egg-info/SOURCES.txt'
[1.609s] [  9%] Built target aim_interfaces__cpp
[1.618s] [ 12%] [34m[1mGenerating C++ type support dispatch for ROS interfaces[0m
[1.633s] [ 16%] [34m[1mGenerating C++ type support for eProsima Fast-RTPS[0m
[1.637s] [ 16%] Built target ament_cmake_python_build_aim_interfaces_egg
[1.653s] [ 19%] [34m[1mGenerating C++ introspection for ROS interfaces[0m
[1.697s] [ 22%] [32m[1mLinking C shared library libaim_interfaces__rosidl_generator_c.so[0m
[1.785s] [ 22%] Built target aim_interfaces__rosidl_generator_c
[1.804s] [ 25%] [34m[1mGenerating C type support for eProsima Fast-RTPS[0m
[1.848s] [ 29%] [32mBuilding CXX object CMakeFiles/aim_interfaces__rosidl_typesupport_cpp.dir/rosidl_typesupport_cpp/aim_interfaces/msg/aim_info__type_support.cpp.o[0m
[1.887s] [ 32%] [32mBuilding CXX object CMakeFiles/aim_interfaces__rosidl_typesupport_fastrtps_cpp.dir/rosidl_typesupport_fastrtps_cpp/aim_interfaces/msg/detail/dds_fastrtps/aim_info__type_support.cpp.o[0m
[1.931s] [ 35%] [32mBuilding CXX object CMakeFiles/aim_interfaces__rosidl_typesupport_introspection_cpp.dir/rosidl_typesupport_introspection_cpp/aim_interfaces/msg/detail/aim_info__type_support.cpp.o[0m
[2.097s] [ 38%] [32mBuilding CXX object CMakeFiles/aim_interfaces__rosidl_typesupport_fastrtps_c.dir/rosidl_typesupport_fastrtps_c/aim_interfaces/msg/detail/aim_info__type_support_c.cpp.o[0m
[2.209s] [ 41%] [32m[1mLinking CXX shared library libaim_interfaces__rosidl_typesupport_cpp.so[0m
[2.271s] [ 41%] Built target aim_interfaces__rosidl_typesupport_cpp
[2.281s] [ 45%] [34m[1mGenerating C introspection for ROS interfaces[0m
[2.419s] [ 48%] [32m[1mLinking CXX shared library libaim_interfaces__rosidl_typesupport_introspection_cpp.so[0m
[2.466s] [ 51%] [32m[1mLinking CXX shared library libaim_interfaces__rosidl_typesupport_fastrtps_cpp.so[0m
[2.501s] [ 54%] [32m[1mLinking CXX shared library libaim_interfaces__rosidl_typesupport_fastrtps_c.so[0m
[2.583s] [ 54%] Built target aim_interfaces__rosidl_typesupport_introspection_cpp
[2.590s] [ 58%] [32mBuilding C object CMakeFiles/aim_interfaces__rosidl_typesupport_introspection_c.dir/rosidl_typesupport_introspection_c/aim_interfaces/msg/detail/aim_info__type_support.c.o[0m
[2.615s] [ 61%] [34m[1mGenerating C type support dispatch for ROS interfaces[0m
[2.622s] [ 61%] Built target aim_interfaces__rosidl_typesupport_fastrtps_cpp
[2.642s] [ 61%] Built target aim_interfaces__rosidl_typesupport_fastrtps_c
[2.650s] [ 64%] [32m[1mLinking C shared library libaim_interfaces__rosidl_typesupport_introspection_c.so[0m
[2.706s] [ 64%] Built target aim_interfaces__rosidl_typesupport_introspection_c
[2.831s] [ 67%] [32mBuilding CXX object CMakeFiles/aim_interfaces__rosidl_typesupport_c.dir/rosidl_typesupport_c/aim_interfaces/msg/aim_info__type_support.cpp.o[0m
[2.874s] [ 70%] [32m[1mLinking CXX shared library libaim_interfaces__rosidl_typesupport_c.so[0m
[2.932s] [ 70%] Built target aim_interfaces__rosidl_typesupport_c
[2.957s] [ 70%] Built target aim_interfaces
[2.988s] [ 74%] [34m[1mGenerating Python code for ROS interfaces[0m
[3.281s] [ 74%] Built target aim_interfaces__py
[3.311s] [ 77%] [32mBuilding C object CMakeFiles/aim_interfaces__rosidl_generator_py.dir/rosidl_generator_py/aim_interfaces/msg/_aim_info_s.c.o[0m
[3.503s] [ 80%] [32m[1mLinking C shared library rosidl_generator_py/aim_interfaces/libaim_interfaces__rosidl_generator_py.so[0m
[3.566s] [ 80%] Built target aim_interfaces__rosidl_generator_py
[3.593s] [ 87%] [32mBuilding C object CMakeFiles/aim_interfaces__rosidl_typesupport_fastrtps_c__pyext.dir/rosidl_generator_py/aim_interfaces/_aim_interfaces_s.ep.rosidl_typesupport_fastrtps_c.c.o[0m
[3.594s] [ 90%] [32mBuilding C object CMakeFiles/aim_interfaces__rosidl_typesupport_c__pyext.dir/rosidl_generator_py/aim_interfaces/_aim_interfaces_s.ep.rosidl_typesupport_c.c.o[0m
[3.594s] [ 90%] [32mBuilding C object CMakeFiles/aim_interfaces__rosidl_typesupport_introspection_c__pyext.dir/rosidl_generator_py/aim_interfaces/_aim_interfaces_s.ep.rosidl_typesupport_introspection_c.c.o[0m
[3.715s] [ 93%] [32m[1mLinking C shared library rosidl_generator_py/aim_interfaces/aim_interfaces_s__rosidl_typesupport_fastrtps_c.cpython-310-x86_64-linux-gnu.so[0m
[3.715s] [ 96%] [32m[1mLinking C shared library rosidl_generator_py/aim_interfaces/aim_interfaces_s__rosidl_typesupport_introspection_c.cpython-310-x86_64-linux-gnu.so[0m
[3.729s] [100%] [32m[1mLinking C shared library rosidl_generator_py/aim_interfaces/aim_interfaces_s__rosidl_typesupport_c.cpython-310-x86_64-linux-gnu.so[0m
[3.769s] [100%] Built target aim_interfaces__rosidl_typesupport_fastrtps_c__pyext
[3.786s] [100%] Built target aim_interfaces__rosidl_typesupport_introspection_c__pyext
[3.788s] [100%] Built target aim_interfaces__rosidl_typesupport_c__pyext
[3.805s] Invoked command in '/home/vboxuser/robot/workdown/workdown_ws/build/aim_interfaces' returned '0': CMAKE_PREFIX_PATH=/opt/ros/humble /usr/bin/cmake --build /home/vboxuser/robot/workdown/workdown_ws/build/aim_interfaces -- -j4 -l4
[3.817s] Invoking command in '/home/vboxuser/robot/workdown/workdown_ws/build/aim_interfaces': CMAKE_PREFIX_PATH=/opt/ros/humble /usr/bin/cmake --install /home/vboxuser/robot/workdown/workdown_ws/build/aim_interfaces
[3.829s] -- Install configuration: ""
[3.830s] -- Installing: /home/vboxuser/robot/workdown/workdown_ws/install/aim_interfaces/share/ament_index/resource_index/rosidl_interfaces/aim_interfaces
[3.830s] -- Installing: /home/vboxuser/robot/workdown/workdown_ws/install/aim_interfaces/include/aim_interfaces/aim_interfaces
[3.830s] -- Installing: /home/vboxuser/robot/workdown/workdown_ws/install/aim_interfaces/include/aim_interfaces/aim_interfaces/msg
[3.830s] -- Installing: /home/vboxuser/robot/workdown/workdown_ws/install/aim_interfaces/include/aim_interfaces/aim_interfaces/msg/rosidl_generator_c__visibility_control.h
[3.830s] -- Installing: /home/vboxuser/robot/workdown/workdown_ws/install/aim_interfaces/include/aim_interfaces/aim_interfaces/msg/detail
[3.830s] -- Installing: /home/vboxuser/robot/workdown/workdown_ws/install/aim_interfaces/include/aim_interfaces/aim_interfaces/msg/detail/aim_info__struct.h
[3.830s] -- Installing: /home/vboxuser/robot/workdown/workdown_ws/install/aim_interfaces/include/aim_interfaces/aim_interfaces/msg/detail/aim_info__type_support.h
[3.831s] -- Installing: /home/vboxuser/robot/workdown/workdown_ws/install/aim_interfaces/include/aim_interfaces/aim_interfaces/msg/detail/aim_info__functions.c
[3.831s] -- Installing: /home/vboxuser/robot/workdown/workdown_ws/install/aim_interfaces/include/aim_interfaces/aim_interfaces/msg/detail/aim_info__functions.h
[3.831s] -- Installing: /home/vboxuser/robot/workdown/workdown_ws/install/aim_interfaces/include/aim_interfaces/aim_interfaces/msg/aim_info.h
[3.832s] -- Installing: /home/vboxuser/robot/workdown/workdown_ws/install/aim_interfaces/share/aim_interfaces/environment/library_path.sh
[3.832s] -- Installing: /home/vboxuser/robot/workdown/workdown_ws/install/aim_interfaces/share/aim_interfaces/environment/library_path.dsv
[3.832s] -- Installing: /home/vboxuser/robot/workdown/workdown_ws/install/aim_interfaces/lib/libaim_interfaces__rosidl_generator_c.so
[3.833s] -- Set runtime path of "/home/vboxuser/robot/workdown/workdown_ws/install/aim_interfaces/lib/libaim_interfaces__rosidl_generator_c.so" to ""
[3.833s] -- Up-to-date: /home/vboxuser/robot/workdown/workdown_ws/install/aim_interfaces/include/aim_interfaces/aim_interfaces
[3.833s] -- Up-to-date: /home/vboxuser/robot/workdown/workdown_ws/install/aim_interfaces/include/aim_interfaces/aim_interfaces/msg
[3.833s] -- Installing: /home/vboxuser/robot/workdown/workdown_ws/install/aim_interfaces/include/aim_interfaces/aim_interfaces/msg/rosidl_typesupport_fastrtps_c__visibility_control.h
[3.833s] -- Up-to-date: /home/vboxuser/robot/workdown/workdown_ws/install/aim_interfaces/include/aim_interfaces/aim_interfaces/msg/detail
[3.834s] -- Installing: /home/vboxuser/robot/workdown/workdown_ws/install/aim_interfaces/include/aim_interfaces/aim_interfaces/msg/detail/aim_info__rosidl_typesupport_fastrtps_c.h
[3.834s] -- Installing: /home/vboxuser/robot/workdown/workdown_ws/install/aim_interfaces/lib/libaim_interfaces__rosidl_typesupport_fastrtps_c.so
[3.834s] -- Set runtime path of "/home/vboxuser/robot/workdown/workdown_ws/install/aim_interfaces/lib/libaim_interfaces__rosidl_typesupport_fastrtps_c.so" to ""
[3.834s] -- Up-to-date: /home/vboxuser/robot/workdown/workdown_ws/install/aim_interfaces/include/aim_interfaces/aim_interfaces
[3.834s] -- Up-to-date: /home/vboxuser/robot/workdown/workdown_ws/install/aim_interfaces/include/aim_interfaces/aim_interfaces/msg
[3.835s] -- Installing: /home/vboxuser/robot/workdown/workdown_ws/install/aim_interfaces/include/aim_interfaces/aim_interfaces/msg/rosidl_typesupport_introspection_c__visibility_control.h
[3.835s] -- Up-to-date: /home/vboxuser/robot/workdown/workdown_ws/install/aim_interfaces/include/aim_interfaces/aim_interfaces/msg/detail
[3.835s] -- Installing: /home/vboxuser/robot/workdown/workdown_ws/install/aim_interfaces/include/aim_interfaces/aim_interfaces/msg/detail/aim_info__type_support.c
[3.836s] -- Installing: /home/vboxuser/robot/workdown/workdown_ws/install/aim_interfaces/include/aim_interfaces/aim_interfaces/msg/detail/aim_info__rosidl_typesupport_introspection_c.h
[3.837s] -- Installing: /home/vboxuser/robot/workdown/workdown_ws/install/aim_interfaces/lib/libaim_interfaces__rosidl_typesupport_introspection_c.so
[3.837s] -- Set runtime path of "/home/vboxuser/robot/workdown/workdown_ws/install/aim_interfaces/lib/libaim_interfaces__rosidl_typesupport_introspection_c.so" to ""
[3.837s] -- Installing: /home/vboxuser/robot/workdown/workdown_ws/install/aim_interfaces/lib/libaim_interfaces__rosidl_typesupport_c.so
[3.837s] -- Set runtime path of "/home/vboxuser/robot/workdown/workdown_ws/install/aim_interfaces/lib/libaim_interfaces__rosidl_typesupport_c.so" to ""
[3.837s] -- Up-to-date: /home/vboxuser/robot/workdown/workdown_ws/install/aim_interfaces/include/aim_interfaces/aim_interfaces
[3.838s] -- Up-to-date: /home/vboxuser/robot/workdown/workdown_ws/install/aim_interfaces/include/aim_interfaces/aim_interfaces/msg
[3.838s] -- Installing: /home/vboxuser/robot/workdown/workdown_ws/install/aim_interfaces/include/aim_interfaces/aim_interfaces/msg/rosidl_generator_cpp__visibility_control.hpp
[3.838s] -- Up-to-date: /home/vboxuser/robot/workdown/workdown_ws/install/aim_interfaces/include/aim_interfaces/aim_interfaces/msg/detail
[3.839s] -- Installing: /home/vboxuser/robot/workdown/workdown_ws/install/aim_interfaces/include/aim_interfaces/aim_interfaces/msg/detail/aim_info__traits.hpp
[3.839s] -- Installing: /home/vboxuser/robot/workdown/workdown_ws/install/aim_interfaces/include/aim_interfaces/aim_interfaces/msg/detail/aim_info__type_support.hpp
[3.839s] -- Installing: /home/vboxuser/robot/workdown/workdown_ws/install/aim_interfaces/include/aim_interfaces/aim_interfaces/msg/detail/aim_info__builder.hpp
[3.839s] -- Installing: /home/vboxuser/robot/workdown/workdown_ws/install/aim_interfaces/include/aim_interfaces/aim_interfaces/msg/detail/aim_info__struct.hpp
[3.839s] -- Installing: /home/vboxuser/robot/workdown/workdown_ws/install/aim_interfaces/include/aim_interfaces/aim_interfaces/msg/aim_info.hpp
[3.839s] -- Up-to-date: /home/vboxuser/robot/workdown/workdown_ws/install/aim_interfaces/include/aim_interfaces/aim_interfaces
[3.839s] -- Up-to-date: /home/vboxuser/robot/workdown/workdown_ws/install/aim_interfaces/include/aim_interfaces/aim_interfaces/msg
[3.839s] -- Up-to-date: /home/vboxuser/robot/workdown/workdown_ws/install/aim_interfaces/include/aim_interfaces/aim_interfaces/msg/detail
[3.839s] -- Installing: /home/vboxuser/robot/workdown/workdown_ws/install/aim_interfaces/include/aim_interfaces/aim_interfaces/msg/detail/dds_fastrtps
[3.839s] -- Installing: /home/vboxuser/robot/workdown/workdown_ws/install/aim_interfaces/include/aim_interfaces/aim_interfaces/msg/detail/aim_info__rosidl_typesupport_fastrtps_cpp.hpp
[3.840s] -- Installing: /home/vboxuser/robot/workdown/workdown_ws/install/aim_interfaces/include/aim_interfaces/aim_interfaces/msg/rosidl_typesupport_fastrtps_cpp__visibility_control.h
[3.840s] -- Installing: /home/vboxuser/robot/workdown/workdown_ws/install/aim_interfaces/lib/libaim_interfaces__rosidl_typesupport_fastrtps_cpp.so
[3.840s] -- Set runtime path of "/home/vboxuser/robot/workdown/workdown_ws/install/aim_interfaces/lib/libaim_interfaces__rosidl_typesupport_fastrtps_cpp.so" to ""
[3.840s] -- Up-to-date: /home/vboxuser/robot/workdown/workdown_ws/install/aim_interfaces/include/aim_interfaces/aim_interfaces
[3.840s] -- Up-to-date: /home/vboxuser/robot/workdown/workdown_ws/install/aim_interfaces/include/aim_interfaces/aim_interfaces/msg
[3.840s] -- Up-to-date: /home/vboxuser/robot/workdown/workdown_ws/install/aim_interfaces/include/aim_interfaces/aim_interfaces/msg/detail
[3.841s] -- Installing: /home/vboxuser/robot/workdown/workdown_ws/install/aim_interfaces/include/aim_interfaces/aim_interfaces/msg/detail/aim_info__type_support.cpp
[3.841s] -- Installing: /home/vboxuser/robot/workdown/workdown_ws/install/aim_interfaces/include/aim_interfaces/aim_interfaces/msg/detail/aim_info__rosidl_typesupport_introspection_cpp.hpp
[3.841s] -- Installing: /home/vboxuser/robot/workdown/workdown_ws/install/aim_interfaces/lib/libaim_interfaces__rosidl_typesupport_introspection_cpp.so
[3.841s] -- Set runtime path of "/home/vboxuser/robot/workdown/workdown_ws/install/aim_interfaces/lib/libaim_interfaces__rosidl_typesupport_introspection_cpp.so" to ""
[3.841s] -- Installing: /home/vboxuser/robot/workdown/workdown_ws/install/aim_interfaces/lib/libaim_interfaces__rosidl_typesupport_cpp.so
[3.842s] -- Set runtime path of "/home/vboxuser/robot/workdown/workdown_ws/install/aim_interfaces/lib/libaim_interfaces__rosidl_typesupport_cpp.so" to ""
[3.842s] -- Installing: /home/vboxuser/robot/workdown/workdown_ws/install/aim_interfaces/share/aim_interfaces/environment/pythonpath.sh
[3.842s] -- Installing: /home/vboxuser/robot/workdown/workdown_ws/install/aim_interfaces/share/aim_interfaces/environment/pythonpath.dsv
[3.842s] -- Installing: /home/vboxuser/robot/workdown/workdown_ws/install/aim_interfaces/local/lib/python3.10/dist-packages/aim_interfaces-0.0.0-py3.10.egg-info
[3.843s] -- Installing: /home/vboxuser/robot/workdown/workdown_ws/install/aim_interfaces/local/lib/python3.10/dist-packages/aim_interfaces-0.0.0-py3.10.egg-info/dependency_links.txt
[3.843s] -- Installing: /home/vboxuser/robot/workdown/workdown_ws/install/aim_interfaces/local/lib/python3.10/dist-packages/aim_interfaces-0.0.0-py3.10.egg-info/SOURCES.txt
[3.843s] -- Installing: /home/vboxuser/robot/workdown/workdown_ws/install/aim_interfaces/local/lib/python3.10/dist-packages/aim_interfaces-0.0.0-py3.10.egg-info/PKG-INFO
[3.843s] -- Installing: /home/vboxuser/robot/workdown/workdown_ws/install/aim_interfaces/local/lib/python3.10/dist-packages/aim_interfaces-0.0.0-py3.10.egg-info/top_level.txt
[3.844s] -- Installing: /home/vboxuser/robot/workdown/workdown_ws/install/aim_interfaces/local/lib/python3.10/dist-packages/aim_interfaces
[3.844s] -- Installing: /home/vboxuser/robot/workdown/workdown_ws/install/aim_interfaces/local/lib/python3.10/dist-packages/aim_interfaces/aim_interfaces_s__rosidl_typesupport_fastrtps_c.cpython-310-x86_64-linux-gnu.so
[3.844s] -- Installing: /home/vboxuser/robot/workdown/workdown_ws/install/aim_interfaces/local/lib/python3.10/dist-packages/aim_interfaces/_aim_interfaces_s.ep.rosidl_typesupport_fastrtps_c.c
[3.844s] -- Installing: /home/vboxuser/robot/workdown/workdown_ws/install/aim_interfaces/local/lib/python3.10/dist-packages/aim_interfaces/aim_interfaces_s__rosidl_typesupport_introspection_c.cpython-310-x86_64-linux-gnu.so
[3.844s] -- Installing: /home/vboxuser/robot/workdown/workdown_ws/install/aim_interfaces/local/lib/python3.10/dist-packages/aim_interfaces/msg
[3.845s] -- Installing: /home/vboxuser/robot/workdown/workdown_ws/install/aim_interfaces/local/lib/python3.10/dist-packages/aim_interfaces/msg/_aim_info.py
[3.845s] -- Installing: /home/vboxuser/robot/workdown/workdown_ws/install/aim_interfaces/local/lib/python3.10/dist-packages/aim_interfaces/msg/__init__.py
[3.847s] -- Installing: /home/vboxuser/robot/workdown/workdown_ws/install/aim_interfaces/local/lib/python3.10/dist-packages/aim_interfaces/msg/_aim_info_s.c
[3.847s] -- Installing: /home/vboxuser/robot/workdown/workdown_ws/install/aim_interfaces/local/lib/python3.10/dist-packages/aim_interfaces/__init__.py
[3.847s] -- Installing: /home/vboxuser/robot/workdown/workdown_ws/install/aim_interfaces/local/lib/python3.10/dist-packages/aim_interfaces/_aim_interfaces_s.ep.rosidl_typesupport_c.c
[3.847s] -- Installing: /home/vboxuser/robot/workdown/workdown_ws/install/aim_interfaces/local/lib/python3.10/dist-packages/aim_interfaces/_aim_interfaces_s.ep.rosidl_typesupport_introspection_c.c
[3.847s] -- Installing: /home/vboxuser/robot/workdown/workdown_ws/install/aim_interfaces/local/lib/python3.10/dist-packages/aim_interfaces/aim_interfaces_s__rosidl_typesupport_c.cpython-310-x86_64-linux-gnu.so
[3.847s] -- Installing: /home/vboxuser/robot/workdown/workdown_ws/install/aim_interfaces/local/lib/python3.10/dist-packages/aim_interfaces/libaim_interfaces__rosidl_generator_py.so
[3.882s] Listing '/home/vboxuser/robot/workdown/workdown_ws/install/aim_interfaces/local/lib/python3.10/dist-packages/aim_interfaces'...
[3.882s] Compiling '/home/vboxuser/robot/workdown/workdown_ws/install/aim_interfaces/local/lib/python3.10/dist-packages/aim_interfaces/__init__.py'...
[3.882s] Listing '/home/vboxuser/robot/workdown/workdown_ws/install/aim_interfaces/local/lib/python3.10/dist-packages/aim_interfaces/msg'...
[3.882s] Compiling '/home/vboxuser/robot/workdown/workdown_ws/install/aim_interfaces/local/lib/python3.10/dist-packages/aim_interfaces/msg/__init__.py'...
[3.882s] Compiling '/home/vboxuser/robot/workdown/workdown_ws/install/aim_interfaces/local/lib/python3.10/dist-packages/aim_interfaces/msg/_aim_info.py'...
[3.886s] -- Installing: /home/vboxuser/robot/workdown/workdown_ws/install/aim_interfaces/local/lib/python3.10/dist-packages/aim_interfaces/aim_interfaces_s__rosidl_typesupport_fastrtps_c.cpython-310-x86_64-linux-gnu.so
[3.887s] -- Set runtime path of "/home/vboxuser/robot/workdown/workdown_ws/install/aim_interfaces/local/lib/python3.10/dist-packages/aim_interfaces/aim_interfaces_s__rosidl_typesupport_fastrtps_c.cpython-310-x86_64-linux-gnu.so" to ""
[3.887s] -- Installing: /home/vboxuser/robot/workdown/workdown_ws/install/aim_interfaces/local/lib/python3.10/dist-packages/aim_interfaces/aim_interfaces_s__rosidl_typesupport_introspection_c.cpython-310-x86_64-linux-gnu.so
[3.888s] -- Set runtime path of "/home/vboxuser/robot/workdown/workdown_ws/install/aim_interfaces/local/lib/python3.10/dist-packages/aim_interfaces/aim_interfaces_s__rosidl_typesupport_introspection_c.cpython-310-x86_64-linux-gnu.so" to ""
[3.888s] -- Installing: /home/vboxuser/robot/workdown/workdown_ws/install/aim_interfaces/local/lib/python3.10/dist-packages/aim_interfaces/aim_interfaces_s__rosidl_typesupport_c.cpython-310-x86_64-linux-gnu.so
[3.889s] -- Set runtime path of "/home/vboxuser/robot/workdown/workdown_ws/install/aim_interfaces/local/lib/python3.10/dist-packages/aim_interfaces/aim_interfaces_s__rosidl_typesupport_c.cpython-310-x86_64-linux-gnu.so" to ""
[3.889s] -- Installing: /home/vboxuser/robot/workdown/workdown_ws/install/aim_interfaces/lib/libaim_interfaces__rosidl_generator_py.so
[3.889s] -- Set runtime path of "/home/vboxuser/robot/workdown/workdown_ws/install/aim_interfaces/lib/libaim_interfaces__rosidl_generator_py.so" to ""
[3.889s] -- Installing: /home/vboxuser/robot/workdown/workdown_ws/install/aim_interfaces/share/aim_interfaces/msg/AimInfo.idl
[3.890s] -- Installing: /home/vboxuser/robot/workdown/workdown_ws/install/aim_interfaces/share/aim_interfaces/msg/AimInfo.msg
[3.890s] -- Installing: /home/vboxuser/robot/workdown/workdown_ws/install/aim_interfaces/share/ament_index/resource_index/package_run_dependencies/aim_interfaces
[3.890s] -- Installing: /home/vboxuser/robot/workdown/workdown_ws/install/aim_interfaces/share/ament_index/resource_index/parent_prefix_path/aim_interfaces
[3.890s] -- Installing: /home/vboxuser/robot/workdown/workdown_ws/install/aim_interfaces/share/aim_interfaces/environment/ament_prefix_path.sh
[3.891s] -- Installing: /home/vboxuser/robot/workdown/workdown_ws/install/aim_interfaces/share/aim_interfaces/environment/ament_prefix_path.dsv
[3.891s] -- Installing: /home/vboxuser/robot/workdown/workdown_ws/install/aim_interfaces/share/aim_interfaces/environment/path.sh
[3.891s] -- Installing: /home/vboxuser/robot/workdown/workdown_ws/install/aim_interfaces/share/aim_interfaces/environment/path.dsv
[3.892s] -- Installing: /home/vboxuser/robot/workdown/workdown_ws/install/aim_interfaces/share/aim_interfaces/local_setup.bash
[3.892s] -- Installing: /home/vboxuser/robot/workdown/workdown_ws/install/aim_interfaces/share/aim_interfaces/local_setup.sh
[3.892s] -- Installing: /home/vboxuser/robot/workdown/workdown_ws/install/aim_interfaces/share/aim_interfaces/local_setup.zsh
[3.892s] -- Installing: /home/vboxuser/robot/workdown/workdown_ws/install/aim_interfaces/share/aim_interfaces/local_setup.dsv
[3.892s] -- Installing: /home/vboxuser/robot/workdown/workdown_ws/install/aim_interfaces/share/aim_interfaces/package.dsv
[3.893s] -- Installing: /home/vboxuser/robot/workdown/workdown_ws/install/aim_interfaces/share/ament_index/resource_index/packages/aim_interfaces
[3.893s] -- Installing: /home/vboxuser/robot/workdown/workdown_ws/install/aim_interfaces/share/aim_interfaces/cmake/export_aim_interfaces__rosidl_generator_cExport.cmake
[3.893s] -- Installing: /home/vboxuser/robot/workdown/workdown_ws/install/aim_interfaces/share/aim_interfaces/cmake/export_aim_interfaces__rosidl_generator_cExport-noconfig.cmake
[3.894s] -- Installing: /home/vboxuser/robot/workdown/workdown_ws/install/aim_interfaces/share/aim_interfaces/cmake/export_aim_interfaces__rosidl_typesupport_fastrtps_cExport.cmake
[3.894s] -- Installing: /home/vboxuser/robot/workdown/workdown_ws/install/aim_interfaces/share/aim_interfaces/cmake/export_aim_interfaces__rosidl_typesupport_fastrtps_cExport-noconfig.cmake
[3.894s] -- Installing: /home/vboxuser/robot/workdown/workdown_ws/install/aim_interfaces/share/aim_interfaces/cmake/aim_interfaces__rosidl_typesupport_introspection_cExport.cmake
[3.894s] -- Installing: /home/vboxuser/robot/workdown/workdown_ws/install/aim_interfaces/share/aim_interfaces/cmake/aim_interfaces__rosidl_typesupport_introspection_cExport-noconfig.cmake
[3.895s] -- Installing: /home/vboxuser/robot/workdown/workdown_ws/install/aim_interfaces/share/aim_interfaces/cmake/aim_interfaces__rosidl_typesupport_cExport.cmake
[3.895s] -- Installing: /home/vboxuser/robot/workdown/workdown_ws/install/aim_interfaces/share/aim_interfaces/cmake/aim_interfaces__rosidl_typesupport_cExport-noconfig.cmake
[3.895s] -- Installing: /home/vboxuser/robot/workdown/workdown_ws/install/aim_interfaces/share/aim_interfaces/cmake/export_aim_interfaces__rosidl_generator_cppExport.cmake
[3.895s] -- Installing: /home/vboxuser/robot/workdown/workdown_ws/install/aim_interfaces/share/aim_interfaces/cmake/export_aim_interfaces__rosidl_typesupport_fastrtps_cppExport.cmake
[3.895s] -- Installing: /home/vboxuser/robot/workdown/workdown_ws/install/aim_interfaces/share/aim_interfaces/cmake/export_aim_interfaces__rosidl_typesupport_fastrtps_cppExport-noconfig.cmake
[3.896s] -- Installing: /home/vboxuser/robot/workdown/workdown_ws/install/aim_interfaces/share/aim_interfaces/cmake/aim_interfaces__rosidl_typesupport_introspection_cppExport.cmake
[3.896s] -- Installing: /home/vboxuser/robot/workdown/workdown_ws/install/aim_interfaces/share/aim_interfaces/cmake/aim_interfaces__rosidl_typesupport_introspection_cppExport-noconfig.cmake
[3.896s] -- Installing: /home/vboxuser/robot/workdown/workdown_ws/install/aim_interfaces/share/aim_interfaces/cmake/aim_interfaces__rosidl_typesupport_cppExport.cmake
[3.896s] -- Installing: /home/vboxuser/robot/workdown/workdown_ws/install/aim_interfaces/share/aim_interfaces/cmake/aim_interfaces__rosidl_typesupport_cppExport-noconfig.cmake
[3.897s] -- Installing: /home/vboxuser/robot/workdown/workdown_ws/install/aim_interfaces/share/aim_interfaces/cmake/export_aim_interfaces__rosidl_generator_pyExport.cmake
[3.897s] -- Installing: /home/vboxuser/robot/workdown/workdown_ws/install/aim_interfaces/share/aim_interfaces/cmake/export_aim_interfaces__rosidl_generator_pyExport-noconfig.cmake
[3.898s] -- Installing: /home/vboxuser/robot/workdown/workdown_ws/install/aim_interfaces/share/aim_interfaces/cmake/rosidl_cmake-extras.cmake
[3.898s] -- Installing: /home/vboxuser/robot/workdown/workdown_ws/install/aim_interfaces/share/aim_interfaces/cmake/ament_cmake_export_dependencies-extras.cmake
[3.898s] -- Installing: /home/vboxuser/robot/workdown/workdown_ws/install/aim_interfaces/share/aim_interfaces/cmake/ament_cmake_export_include_directories-extras.cmake
[3.898s] -- Installing: /home/vboxuser/robot/workdown/workdown_ws/install/aim_interfaces/share/aim_interfaces/cmake/ament_cmake_export_libraries-extras.cmake
[3.898s] -- Installing: /home/vboxuser/robot/workdown/workdown_ws/install/aim_interfaces/share/aim_interfaces/cmake/ament_cmake_export_targets-extras.cmake
[3.899s] -- Installing: /home/vboxuser/robot/workdown/workdown_ws/install/aim_interfaces/share/aim_interfaces/cmake/rosidl_cmake_export_typesupport_targets-extras.cmake
[3.899s] -- Installing: /home/vboxuser/robot/workdown/workdown_ws/install/aim_interfaces/share/aim_interfaces/cmake/rosidl_cmake_export_typesupport_libraries-extras.cmake
[3.899s] -- Installing: /home/vboxuser/robot/workdown/workdown_ws/install/aim_interfaces/share/aim_interfaces/cmake/aim_interfacesConfig.cmake
[3.899s] -- Installing: /home/vboxuser/robot/workdown/workdown_ws/install/aim_interfaces/share/aim_interfaces/cmake/aim_interfacesConfig-version.cmake
[3.899s] -- Installing: /home/vboxuser/robot/workdown/workdown_ws/install/aim_interfaces/share/aim_interfaces/package.xml
[3.903s] Invoked command in '/home/vboxuser/robot/workdown/workdown_ws/build/aim_interfaces' returned '0': CMAKE_PREFIX_PATH=/opt/ros/humble /usr/bin/cmake --install /home/vboxuser/robot/workdown/workdown_ws/build/aim_interfaces
