[0.104s] DEBUG:colcon:Command line arguments: ['/usr/bin/colcon', 'build']
[0.104s] DEBUG:colcon:Parsed command line arguments: Namespace(log_base=None, log_level=None, verb_name='build', build_base='build', install_base='install', merge_install=False, symlink_install=False, test_result_base=None, continue_on_error=False, executor='parallel', parallel_workers=4, event_handlers=None, ignore_user_meta=False, metas=['./colcon.meta'], base_paths=['.'], packages_ignore=None, packages_ignore_regex=None, paths=None, packages_up_to=None, packages_up_to_regex=None, packages_above=None, packages_above_and_dependencies=None, packages_above_depth=None, packages_select_by_dep=None, packages_skip_by_dep=None, packages_skip_up_to=None, packages_select_build_failed=False, packages_skip_build_finished=False, packages_select_test_failures=False, packages_skip_test_passed=False, packages_select=None, packages_skip=None, packages_select_regex=None, packages_skip_regex=None, packages_start=None, packages_end=None, allow_overriding=[], cmake_args=None, cmake_target=None, cmake_target_skip_unavailable=False, cmake_clean_cache=False, cmake_clean_first=False, cmake_force_configure=False, ament_cmake_args=None, catkin_cmake_args=None, catkin_skip_building_tests=False, verb_parser=<colcon_defaults.argument_parser.defaults.DefaultArgumentsDecorator object at 0x7c9119533880>, verb_extension=<colcon_core.verb.build.BuildVerb object at 0x7c91195333a0>, main=<bound method BuildVerb.main of <colcon_core.verb.build.BuildVerb object at 0x7c91195333a0>>)
[0.260s] Level 1:colcon.colcon_core.package_discovery:discover_packages(colcon_meta) check parameters
[0.260s] Level 1:colcon.colcon_core.package_discovery:discover_packages(recursive) check parameters
[0.260s] Level 1:colcon.colcon_core.package_discovery:discover_packages(ignore) check parameters
[0.260s] Level 1:colcon.colcon_core.package_discovery:discover_packages(path) check parameters
[0.260s] Level 1:colcon.colcon_core.package_discovery:discover_packages(colcon_meta) discover
[0.260s] Level 1:colcon.colcon_core.package_discovery:discover_packages(recursive) discover
[0.260s] INFO:colcon.colcon_core.package_discovery:Crawling recursively for packages in '/home/vboxuser/robot/workdown'
[0.260s] Level 1:colcon.colcon_core.package_identification:_identify(.) by extensions ['ignore', 'ignore_ament_install']
[0.260s] Level 1:colcon.colcon_core.package_identification:_identify(.) by extension 'ignore'
[0.260s] Level 1:colcon.colcon_core.package_identification:_identify(.) by extension 'ignore_ament_install'
[0.260s] Level 1:colcon.colcon_core.package_identification:_identify(.) by extensions ['colcon_pkg']
[0.260s] Level 1:colcon.colcon_core.package_identification:_identify(.) by extension 'colcon_pkg'
[0.260s] Level 1:colcon.colcon_core.package_identification:_identify(.) by extensions ['colcon_meta']
[0.260s] Level 1:colcon.colcon_core.package_identification:_identify(.) by extension 'colcon_meta'
[0.260s] Level 1:colcon.colcon_core.package_identification:_identify(.) by extensions ['ros']
[0.261s] Level 1:colcon.colcon_core.package_identification:_identify(.) by extension 'ros'
[0.272s] Level 1:colcon.colcon_core.package_identification:_identify(.) by extensions ['cmake', 'python']
[0.272s] Level 1:colcon.colcon_core.package_identification:_identify(.) by extension 'cmake'
[0.272s] Level 1:colcon.colcon_core.package_identification:_identify(.) by extension 'python'
[0.272s] Level 1:colcon.colcon_core.package_identification:_identify(.) by extensions ['python_setup_py']
[0.272s] Level 1:colcon.colcon_core.package_identification:_identify(.) by extension 'python_setup_py'
[0.272s] Level 1:colcon.colcon_core.package_identification:_identify(build) by extensions ['ignore', 'ignore_ament_install']
[0.272s] Level 1:colcon.colcon_core.package_identification:_identify(build) by extension 'ignore'
[0.272s] Level 1:colcon.colcon_core.package_identification:_identify(build) ignored
[0.272s] Level 1:colcon.colcon_core.package_identification:_identify(install) by extensions ['ignore', 'ignore_ament_install']
[0.272s] Level 1:colcon.colcon_core.package_identification:_identify(install) by extension 'ignore'
[0.272s] Level 1:colcon.colcon_core.package_identification:_identify(install) ignored
[0.273s] Level 1:colcon.colcon_core.package_identification:_identify(log) by extensions ['ignore', 'ignore_ament_install']
[0.273s] Level 1:colcon.colcon_core.package_identification:_identify(log) by extension 'ignore'
[0.273s] Level 1:colcon.colcon_core.package_identification:_identify(log) ignored
[0.273s] Level 1:colcon.colcon_core.package_identification:_identify(workdown_ws) by extensions ['ignore', 'ignore_ament_install']
[0.273s] Level 1:colcon.colcon_core.package_identification:_identify(workdown_ws) by extension 'ignore'
[0.273s] Level 1:colcon.colcon_core.package_identification:_identify(workdown_ws) by extension 'ignore_ament_install'
[0.273s] Level 1:colcon.colcon_core.package_identification:_identify(workdown_ws) by extensions ['colcon_pkg']
[0.273s] Level 1:colcon.colcon_core.package_identification:_identify(workdown_ws) by extension 'colcon_pkg'
[0.273s] Level 1:colcon.colcon_core.package_identification:_identify(workdown_ws) by extensions ['colcon_meta']
[0.273s] Level 1:colcon.colcon_core.package_identification:_identify(workdown_ws) by extension 'colcon_meta'
[0.273s] Level 1:colcon.colcon_core.package_identification:_identify(workdown_ws) by extensions ['ros']
[0.273s] Level 1:colcon.colcon_core.package_identification:_identify(workdown_ws) by extension 'ros'
[0.273s] Level 1:colcon.colcon_core.package_identification:_identify(workdown_ws) by extensions ['cmake', 'python']
[0.273s] Level 1:colcon.colcon_core.package_identification:_identify(workdown_ws) by extension 'cmake'
[0.273s] Level 1:colcon.colcon_core.package_identification:_identify(workdown_ws) by extension 'python'
[0.273s] Level 1:colcon.colcon_core.package_identification:_identify(workdown_ws) by extensions ['python_setup_py']
[0.273s] Level 1:colcon.colcon_core.package_identification:_identify(workdown_ws) by extension 'python_setup_py'
[0.273s] Level 1:colcon.colcon_core.package_identification:_identify(workdown_ws/build) by extensions ['ignore', 'ignore_ament_install']
[0.273s] Level 1:colcon.colcon_core.package_identification:_identify(workdown_ws/build) by extension 'ignore'
[0.273s] Level 1:colcon.colcon_core.package_identification:_identify(workdown_ws/build) ignored
[0.274s] Level 1:colcon.colcon_core.package_identification:_identify(workdown_ws/image_topic) by extensions ['ignore', 'ignore_ament_install']
[0.274s] Level 1:colcon.colcon_core.package_identification:_identify(workdown_ws/image_topic) by extension 'ignore'
[0.274s] Level 1:colcon.colcon_core.package_identification:_identify(workdown_ws/image_topic) by extension 'ignore_ament_install'
[0.274s] Level 1:colcon.colcon_core.package_identification:_identify(workdown_ws/image_topic) by extensions ['colcon_pkg']
[0.274s] Level 1:colcon.colcon_core.package_identification:_identify(workdown_ws/image_topic) by extension 'colcon_pkg'
[0.274s] Level 1:colcon.colcon_core.package_identification:_identify(workdown_ws/image_topic) by extensions ['colcon_meta']
[0.274s] Level 1:colcon.colcon_core.package_identification:_identify(workdown_ws/image_topic) by extension 'colcon_meta'
[0.274s] Level 1:colcon.colcon_core.package_identification:_identify(workdown_ws/image_topic) by extensions ['ros']
[0.274s] Level 1:colcon.colcon_core.package_identification:_identify(workdown_ws/image_topic) by extension 'ros'
[0.276s] DEBUG:colcon.colcon_core.package_identification:Package 'workdown_ws/image_topic' with type 'ros.ament_cmake' and name 'image_topic'
[0.276s] Level 1:colcon.colcon_core.package_identification:_identify(workdown_ws/install) by extensions ['ignore', 'ignore_ament_install']
[0.276s] Level 1:colcon.colcon_core.package_identification:_identify(workdown_ws/install) by extension 'ignore'
[0.276s] Level 1:colcon.colcon_core.package_identification:_identify(workdown_ws/install) ignored
[0.276s] Level 1:colcon.colcon_core.package_identification:_identify(workdown_ws/log) by extensions ['ignore', 'ignore_ament_install']
[0.276s] Level 1:colcon.colcon_core.package_identification:_identify(workdown_ws/log) by extension 'ignore'
[0.276s] Level 1:colcon.colcon_core.package_identification:_identify(workdown_ws/log) ignored
[0.276s] Level 1:colcon.colcon_core.package_discovery:discover_packages(recursive) using defaults
[0.277s] Level 1:colcon.colcon_core.package_discovery:discover_packages(ignore) discover
[0.277s] Level 1:colcon.colcon_core.package_discovery:discover_packages(ignore) using defaults
[0.277s] Level 1:colcon.colcon_core.package_discovery:discover_packages(path) discover
[0.277s] Level 1:colcon.colcon_core.package_discovery:discover_packages(path) using defaults
[0.295s] Level 1:colcon.colcon_core.package_discovery:discover_packages(prefix_path) check parameters
[0.295s] Level 1:colcon.colcon_core.package_discovery:discover_packages(prefix_path) discover
[0.298s] DEBUG:colcon.colcon_installed_package_information.package_discovery:Found 295 installed packages in /opt/ros/humble
[0.309s] Level 1:colcon.colcon_core.package_discovery:discover_packages(prefix_path) using defaults
[0.346s] Level 5:colcon.colcon_core.verb:set package 'image_topic' build argument 'cmake_args' from command line to 'None'
[0.347s] Level 5:colcon.colcon_core.verb:set package 'image_topic' build argument 'cmake_target' from command line to 'None'
[0.347s] Level 5:colcon.colcon_core.verb:set package 'image_topic' build argument 'cmake_target_skip_unavailable' from command line to 'False'
[0.347s] Level 5:colcon.colcon_core.verb:set package 'image_topic' build argument 'cmake_clean_cache' from command line to 'False'
[0.347s] Level 5:colcon.colcon_core.verb:set package 'image_topic' build argument 'cmake_clean_first' from command line to 'False'
[0.347s] Level 5:colcon.colcon_core.verb:set package 'image_topic' build argument 'cmake_force_configure' from command line to 'False'
[0.347s] Level 5:colcon.colcon_core.verb:set package 'image_topic' build argument 'ament_cmake_args' from command line to 'None'
[0.347s] Level 5:colcon.colcon_core.verb:set package 'image_topic' build argument 'catkin_cmake_args' from command line to 'None'
[0.347s] Level 5:colcon.colcon_core.verb:set package 'image_topic' build argument 'catkin_skip_building_tests' from command line to 'False'
[0.347s] DEBUG:colcon.colcon_core.verb:Building package 'image_topic' with the following arguments: {'ament_cmake_args': None, 'build_base': '/home/vboxuser/robot/workdown/build/image_topic', 'catkin_cmake_args': None, 'catkin_skip_building_tests': False, 'cmake_args': None, 'cmake_clean_cache': False, 'cmake_clean_first': False, 'cmake_force_configure': False, 'cmake_target': None, 'cmake_target_skip_unavailable': False, 'install_base': '/home/vboxuser/robot/workdown/install/image_topic', 'merge_install': False, 'path': '/home/vboxuser/robot/workdown/workdown_ws/image_topic', 'symlink_install': False, 'test_result_base': None}
[0.347s] INFO:colcon.colcon_core.executor:Executing jobs using 'parallel' executor
[0.349s] DEBUG:colcon.colcon_parallel_executor.executor.parallel:run_until_complete
[0.349s] INFO:colcon.colcon_ros.task.ament_cmake.build:Building ROS package in '/home/vboxuser/robot/workdown/workdown_ws/image_topic' with build type 'ament_cmake'
[0.349s] INFO:colcon.colcon_cmake.task.cmake.build:Building CMake package in '/home/vboxuser/robot/workdown/workdown_ws/image_topic'
[0.352s] INFO:colcon.colcon_core.plugin_system:Skipping extension 'colcon_core.shell.bat': Not used on non-Windows systems
[0.352s] INFO:colcon.colcon_core.shell:Skip shell extension 'powershell' for command environment: Not usable outside of PowerShell
[0.352s] DEBUG:colcon.colcon_core.shell:Skip shell extension 'dsv' for command environment
[0.361s] DEBUG:colcon.colcon_core.event_handler.log_command:Invoking command in '/home/vboxuser/robot/workdown/build/image_topic': CMAKE_PREFIX_PATH=/opt/ros/humble /usr/bin/cmake /home/vboxuser/robot/workdown/workdown_ws/image_topic -DCMAKE_INSTALL_PREFIX=/home/vboxuser/robot/workdown/install/image_topic
[1.672s] DEBUG:colcon.colcon_core.event_handler.log_command:Invoked command in '/home/vboxuser/robot/workdown/build/image_topic' returned '0': CMAKE_PREFIX_PATH=/opt/ros/humble /usr/bin/cmake /home/vboxuser/robot/workdown/workdown_ws/image_topic -DCMAKE_INSTALL_PREFIX=/home/vboxuser/robot/workdown/install/image_topic
[1.675s] DEBUG:colcon.colcon_core.event_handler.log_command:Invoking command in '/home/vboxuser/robot/workdown/build/image_topic': CMAKE_PREFIX_PATH=/opt/ros/humble /usr/bin/cmake --build /home/vboxuser/robot/workdown/build/image_topic -- -j4 -l4
[5.544s] DEBUG:colcon.colcon_core.event_handler.log_command:Invoked command in '/home/vboxuser/robot/workdown/build/image_topic' returned '0': CMAKE_PREFIX_PATH=/opt/ros/humble /usr/bin/cmake --build /home/vboxuser/robot/workdown/build/image_topic -- -j4 -l4
[5.568s] DEBUG:colcon.colcon_core.event_handler.log_command:Invoking command in '/home/vboxuser/robot/workdown/build/image_topic': CMAKE_PREFIX_PATH=/opt/ros/humble /usr/bin/cmake --install /home/vboxuser/robot/workdown/build/image_topic
[5.580s] Level 1:colcon.colcon_core.environment:create_environment_scripts_only(image_topic)
[5.581s] DEBUG:colcon.colcon_core.event_handler.log_command:Invoked command in '/home/vboxuser/robot/workdown/build/image_topic' returned '0': CMAKE_PREFIX_PATH=/opt/ros/humble /usr/bin/cmake --install /home/vboxuser/robot/workdown/build/image_topic
[5.582s] Level 1:colcon.colcon_core.environment:checking '/home/vboxuser/robot/workdown/install/image_topic' for CMake module files
[5.583s] Level 1:colcon.colcon_core.environment:checking '/home/vboxuser/robot/workdown/install/image_topic' for CMake config files
[5.583s] Level 1:colcon.colcon_core.shell:create_environment_hook('image_topic', 'cmake_prefix_path')
[5.583s] INFO:colcon.colcon_core.shell:Creating environment hook '/home/vboxuser/robot/workdown/install/image_topic/share/image_topic/hook/cmake_prefix_path.ps1'
[5.584s] INFO:colcon.colcon_core.shell:Creating environment descriptor '/home/vboxuser/robot/workdown/install/image_topic/share/image_topic/hook/cmake_prefix_path.dsv'
[5.585s] INFO:colcon.colcon_core.shell:Creating environment hook '/home/vboxuser/robot/workdown/install/image_topic/share/image_topic/hook/cmake_prefix_path.sh'
[5.586s] Level 1:colcon.colcon_core.environment:checking '/home/vboxuser/robot/workdown/install/image_topic/lib'
[5.586s] Level 1:colcon.colcon_core.environment:checking '/home/vboxuser/robot/workdown/install/image_topic/bin'
[5.586s] Level 1:colcon.colcon_core.environment:checking '/home/vboxuser/robot/workdown/install/image_topic/lib/pkgconfig/image_topic.pc'
[5.586s] Level 1:colcon.colcon_core.environment:checking '/home/vboxuser/robot/workdown/install/image_topic/lib/python3.10/site-packages'
[5.587s] Level 1:colcon.colcon_core.environment:checking '/home/vboxuser/robot/workdown/install/image_topic/bin'
[5.587s] INFO:colcon.colcon_core.shell:Creating package script '/home/vboxuser/robot/workdown/install/image_topic/share/image_topic/package.ps1'
[5.588s] INFO:colcon.colcon_core.shell:Creating package descriptor '/home/vboxuser/robot/workdown/install/image_topic/share/image_topic/package.dsv'
[5.588s] INFO:colcon.colcon_core.shell:Creating package script '/home/vboxuser/robot/workdown/install/image_topic/share/image_topic/package.sh'
[5.589s] INFO:colcon.colcon_core.shell:Creating package script '/home/vboxuser/robot/workdown/install/image_topic/share/image_topic/package.bash'
[5.589s] INFO:colcon.colcon_core.shell:Creating package script '/home/vboxuser/robot/workdown/install/image_topic/share/image_topic/package.zsh'
[5.590s] Level 1:colcon.colcon_core.environment:create_file_with_runtime_dependencies(/home/vboxuser/robot/workdown/install/image_topic/share/colcon-core/packages/image_topic)
[5.591s] Level 1:colcon.colcon_core.environment:create_environment_scripts_only(image_topic)
[5.591s] Level 1:colcon.colcon_core.environment:checking '/home/vboxuser/robot/workdown/install/image_topic' for CMake module files
[5.591s] Level 1:colcon.colcon_core.environment:checking '/home/vboxuser/robot/workdown/install/image_topic' for CMake config files
[5.591s] Level 1:colcon.colcon_core.shell:create_environment_hook('image_topic', 'cmake_prefix_path')
[5.592s] INFO:colcon.colcon_core.shell:Creating environment hook '/home/vboxuser/robot/workdown/install/image_topic/share/image_topic/hook/cmake_prefix_path.ps1'
[5.592s] INFO:colcon.colcon_core.shell:Creating environment descriptor '/home/vboxuser/robot/workdown/install/image_topic/share/image_topic/hook/cmake_prefix_path.dsv'
[5.592s] INFO:colcon.colcon_core.shell:Creating environment hook '/home/vboxuser/robot/workdown/install/image_topic/share/image_topic/hook/cmake_prefix_path.sh'
[5.594s] Level 1:colcon.colcon_core.environment:checking '/home/vboxuser/robot/workdown/install/image_topic/lib'
[5.594s] Level 1:colcon.colcon_core.environment:checking '/home/vboxuser/robot/workdown/install/image_topic/bin'
[5.595s] Level 1:colcon.colcon_core.environment:checking '/home/vboxuser/robot/workdown/install/image_topic/lib/pkgconfig/image_topic.pc'
[5.595s] Level 1:colcon.colcon_core.environment:checking '/home/vboxuser/robot/workdown/install/image_topic/lib/python3.10/site-packages'
[5.595s] Level 1:colcon.colcon_core.environment:checking '/home/vboxuser/robot/workdown/install/image_topic/bin'
[5.595s] INFO:colcon.colcon_core.shell:Creating package script '/home/vboxuser/robot/workdown/install/image_topic/share/image_topic/package.ps1'
[5.597s] INFO:colcon.colcon_core.shell:Creating package descriptor '/home/vboxuser/robot/workdown/install/image_topic/share/image_topic/package.dsv'
[5.598s] INFO:colcon.colcon_core.shell:Creating package script '/home/vboxuser/robot/workdown/install/image_topic/share/image_topic/package.sh'
[5.598s] INFO:colcon.colcon_core.shell:Creating package script '/home/vboxuser/robot/workdown/install/image_topic/share/image_topic/package.bash'
[5.599s] INFO:colcon.colcon_core.shell:Creating package script '/home/vboxuser/robot/workdown/install/image_topic/share/image_topic/package.zsh'
[5.599s] Level 1:colcon.colcon_core.environment:create_file_with_runtime_dependencies(/home/vboxuser/robot/workdown/install/image_topic/share/colcon-core/packages/image_topic)
[5.600s] DEBUG:colcon.colcon_parallel_executor.executor.parallel:closing loop
[5.600s] DEBUG:colcon.colcon_parallel_executor.executor.parallel:loop closed
[5.600s] DEBUG:colcon.colcon_parallel_executor.executor.parallel:run_until_complete finished with '0'
[5.600s] DEBUG:colcon.colcon_core.event_reactor:joining thread
[5.606s] INFO:colcon.colcon_core.plugin_system:Skipping extension 'colcon_notification.desktop_notification.terminal_notifier': Not used on non-Darwin systems
[5.606s] INFO:colcon.colcon_core.plugin_system:Skipping extension 'colcon_notification.desktop_notification.win32': Not used on non-Windows systems
[5.606s] INFO:colcon.colcon_notification.desktop_notification:Sending desktop notification using 'notify2'
[5.629s] DEBUG:colcon.colcon_core.event_reactor:joined thread
[5.630s] INFO:colcon.colcon_core.shell:Creating prefix script '/home/vboxuser/robot/workdown/install/local_setup.ps1'
[5.631s] INFO:colcon.colcon_core.shell:Creating prefix util module '/home/vboxuser/robot/workdown/install/_local_setup_util_ps1.py'
[5.632s] INFO:colcon.colcon_core.shell:Creating prefix chain script '/home/vboxuser/robot/workdown/install/setup.ps1'
[5.633s] INFO:colcon.colcon_core.shell:Creating prefix script '/home/vboxuser/robot/workdown/install/local_setup.sh'
[5.634s] INFO:colcon.colcon_core.shell:Creating prefix util module '/home/vboxuser/robot/workdown/install/_local_setup_util_sh.py'
[5.634s] INFO:colcon.colcon_core.shell:Creating prefix chain script '/home/vboxuser/robot/workdown/install/setup.sh'
[5.635s] INFO:colcon.colcon_core.shell:Creating prefix script '/home/vboxuser/robot/workdown/install/local_setup.bash'
[5.635s] INFO:colcon.colcon_core.shell:Creating prefix chain script '/home/vboxuser/robot/workdown/install/setup.bash'
[5.636s] INFO:colcon.colcon_core.shell:Creating prefix script '/home/vboxuser/robot/workdown/install/local_setup.zsh'
[5.637s] INFO:colcon.colcon_core.shell:Creating prefix chain script '/home/vboxuser/robot/workdown/install/setup.zsh'
