[ 16%] [32mBuilding CXX object CMakeFiles/Image_Topic_Publisher.dir/src/publisher.cpp.o[0m
[ 50%] Built target Image_Topic_Subscribe
[ 83%] Built target Image_To_Int
[100%] [32m[1mLinking CXX executable Image_Topic_Publisher[0m
[100%] Built target Image_Topic_Publisher
-- Install configuration: ""
-- Up-to-date: /home/vboxuser/robot/workdown/workdown_ws/install/image_topic/share/ament_index/resource_index/package_run_dependencies/image_topic
-- Up-to-date: /home/vboxuser/robot/workdown/workdown_ws/install/image_topic/share/ament_index/resource_index/parent_prefix_path/image_topic
-- Up-to-date: /home/vboxuser/robot/workdown/workdown_ws/install/image_topic/share/image_topic/environment/ament_prefix_path.sh
-- Up-to-date: /home/vboxuser/robot/workdown/workdown_ws/install/image_topic/share/image_topic/environment/ament_prefix_path.dsv
-- Up-to-date: /home/vboxuser/robot/workdown/workdown_ws/install/image_topic/share/image_topic/environment/path.sh
-- Up-to-date: /home/vboxuser/robot/workdown/workdown_ws/install/image_topic/share/image_topic/environment/path.dsv
-- Up-to-date: /home/vboxuser/robot/workdown/workdown_ws/install/image_topic/share/image_topic/local_setup.bash
-- Up-to-date: /home/vboxuser/robot/workdown/workdown_ws/install/image_topic/share/image_topic/local_setup.sh
-- Up-to-date: /home/vboxuser/robot/workdown/workdown_ws/install/image_topic/share/image_topic/local_setup.zsh
-- Up-to-date: /home/vboxuser/robot/workdown/workdown_ws/install/image_topic/share/image_topic/local_setup.dsv
-- Installing: /home/vboxuser/robot/workdown/workdown_ws/install/image_topic/share/image_topic/package.dsv
-- Up-to-date: /home/vboxuser/robot/workdown/workdown_ws/install/image_topic/share/ament_index/resource_index/packages/image_topic
-- Up-to-date: /home/vboxuser/robot/workdown/workdown_ws/install/image_topic/share/image_topic/cmake/image_topicConfig.cmake
-- Up-to-date: /home/vboxuser/robot/workdown/workdown_ws/install/image_topic/share/image_topic/cmake/image_topicConfig-version.cmake
-- Up-to-date: /home/vboxuser/robot/workdown/workdown_ws/install/image_topic/share/image_topic/package.xml
-- Installing: /home/vboxuser/robot/workdown/workdown_ws/install/image_topic/lib/image_topic/Image_Topic_Publisher
-- Set runtime path of "/home/vboxuser/robot/workdown/workdown_ws/install/image_topic/lib/image_topic/Image_Topic_Publisher" to ""
-- Up-to-date: /home/vboxuser/robot/workdown/workdown_ws/install/image_topic/lib/image_topic/Image_Topic_Subscribe
-- Up-to-date: /home/vboxuser/robot/workdown/workdown_ws/install/image_topic/lib/image_topic/Image_To_Int
