[0.025s] Invoking command in '/home/vboxuser/robot/workdown/workdown_ws/build/aim_interfaces': CMAKE_PREFIX_PATH=/opt/ros/humble /usr/bin/cmake --build /home/vboxuser/robot/workdown/workdown_ws/build/aim_interfaces -- -j4 -l4
[0.185s] [  3%] Built target aim_interfaces__cpp
[0.193s] [ 12%] Built target aim_interfaces__rosidl_generator_c
[0.213s] [ 12%] Built target ament_cmake_python_copy_aim_interfaces
[0.234s] [ 22%] Built target aim_interfaces__rosidl_typesupport_introspection_cpp
[0.237s] [ 32%] Built target aim_interfaces__rosidl_typesupport_cpp
[0.237s] [ 41%] Built target aim_interfaces__rosidl_typesupport_fastrtps_cpp
[0.265s] [ 51%] Built target aim_interfaces__rosidl_typesupport_fastrtps_c
[0.277s] [ 61%] Built target aim_interfaces__rosidl_typesupport_c
[0.278s] [ 70%] Built target aim_interfaces__rosidl_typesupport_introspection_c
[0.307s] [ 70%] Built target aim_interfaces
[0.336s] [ 74%] Built target aim_interfaces__py
[0.374s] [ 80%] Built target aim_interfaces__rosidl_generator_py
[0.407s] [ 90%] Built target aim_interfaces__rosidl_typesupport_fastrtps_c__pyext
[0.407s] [ 93%] Built target aim_interfaces__rosidl_typesupport_c__pyext
[0.418s] [100%] Built target aim_interfaces__rosidl_typesupport_introspection_c__pyext
[0.465s] running egg_info
[0.467s] writing aim_interfaces.egg-info/PKG-INFO
[0.468s] writing dependency_links to aim_interfaces.egg-info/dependency_links.txt
[0.469s] writing top-level names to aim_interfaces.egg-info/top_level.txt
[0.474s] reading manifest file 'aim_interfaces.egg-info/SOURCES.txt'
[0.476s] writing manifest file 'aim_interfaces.egg-info/SOURCES.txt'
[0.513s] [100%] Built target ament_cmake_python_build_aim_interfaces_egg
[0.530s] Invoked command in '/home/vboxuser/robot/workdown/workdown_ws/build/aim_interfaces' returned '0': CMAKE_PREFIX_PATH=/opt/ros/humble /usr/bin/cmake --build /home/vboxuser/robot/workdown/workdown_ws/build/aim_interfaces -- -j4 -l4
[0.546s] Invoking command in '/home/vboxuser/robot/workdown/workdown_ws/build/aim_interfaces': CMAKE_PREFIX_PATH=/opt/ros/humble /usr/bin/cmake --install /home/vboxuser/robot/workdown/workdown_ws/build/aim_interfaces
[0.558s] -- Install configuration: ""
[0.559s] -- Up-to-date: /home/vboxuser/robot/workdown/workdown_ws/install/aim_interfaces/share/ament_index/resource_index/rosidl_interfaces/aim_interfaces
[0.559s] -- Up-to-date: /home/vboxuser/robot/workdown/workdown_ws/install/aim_interfaces/include/aim_interfaces/aim_interfaces
[0.559s] -- Up-to-date: /home/vboxuser/robot/workdown/workdown_ws/install/aim_interfaces/include/aim_interfaces/aim_interfaces/msg
[0.559s] -- Up-to-date: /home/vboxuser/robot/workdown/workdown_ws/install/aim_interfaces/include/aim_interfaces/aim_interfaces/msg/rosidl_generator_c__visibility_control.h
[0.559s] -- Up-to-date: /home/vboxuser/robot/workdown/workdown_ws/install/aim_interfaces/include/aim_interfaces/aim_interfaces/msg/detail
[0.559s] -- Up-to-date: /home/vboxuser/robot/workdown/workdown_ws/install/aim_interfaces/include/aim_interfaces/aim_interfaces/msg/detail/aim_info__struct.h
[0.559s] -- Up-to-date: /home/vboxuser/robot/workdown/workdown_ws/install/aim_interfaces/include/aim_interfaces/aim_interfaces/msg/detail/aim_info__type_support.h
[0.559s] -- Up-to-date: /home/vboxuser/robot/workdown/workdown_ws/install/aim_interfaces/include/aim_interfaces/aim_interfaces/msg/detail/aim_info__functions.c
[0.560s] -- Up-to-date: /home/vboxuser/robot/workdown/workdown_ws/install/aim_interfaces/include/aim_interfaces/aim_interfaces/msg/detail/aim_info__functions.h
[0.560s] -- Up-to-date: /home/vboxuser/robot/workdown/workdown_ws/install/aim_interfaces/include/aim_interfaces/aim_interfaces/msg/aim_info.h
[0.560s] -- Up-to-date: /home/vboxuser/robot/workdown/workdown_ws/install/aim_interfaces/share/aim_interfaces/environment/library_path.sh
[0.560s] -- Up-to-date: /home/vboxuser/robot/workdown/workdown_ws/install/aim_interfaces/share/aim_interfaces/environment/library_path.dsv
[0.561s] -- Up-to-date: /home/vboxuser/robot/workdown/workdown_ws/install/aim_interfaces/lib/libaim_interfaces__rosidl_generator_c.so
[0.561s] -- Up-to-date: /home/vboxuser/robot/workdown/workdown_ws/install/aim_interfaces/include/aim_interfaces/aim_interfaces
[0.561s] -- Up-to-date: /home/vboxuser/robot/workdown/workdown_ws/install/aim_interfaces/include/aim_interfaces/aim_interfaces/msg
[0.561s] -- Up-to-date: /home/vboxuser/robot/workdown/workdown_ws/install/aim_interfaces/include/aim_interfaces/aim_interfaces/msg/rosidl_typesupport_fastrtps_c__visibility_control.h
[0.561s] -- Up-to-date: /home/vboxuser/robot/workdown/workdown_ws/install/aim_interfaces/include/aim_interfaces/aim_interfaces/msg/detail
[0.561s] -- Up-to-date: /home/vboxuser/robot/workdown/workdown_ws/install/aim_interfaces/include/aim_interfaces/aim_interfaces/msg/detail/aim_info__rosidl_typesupport_fastrtps_c.h
[0.563s] -- Up-to-date: /home/vboxuser/robot/workdown/workdown_ws/install/aim_interfaces/lib/libaim_interfaces__rosidl_typesupport_fastrtps_c.so
[0.563s] -- Up-to-date: /home/vboxuser/robot/workdown/workdown_ws/install/aim_interfaces/include/aim_interfaces/aim_interfaces
[0.563s] -- Up-to-date: /home/vboxuser/robot/workdown/workdown_ws/install/aim_interfaces/include/aim_interfaces/aim_interfaces/msg
[0.563s] -- Up-to-date: /home/vboxuser/robot/workdown/workdown_ws/install/aim_interfaces/include/aim_interfaces/aim_interfaces/msg/rosidl_typesupport_introspection_c__visibility_control.h
[0.563s] -- Up-to-date: /home/vboxuser/robot/workdown/workdown_ws/install/aim_interfaces/include/aim_interfaces/aim_interfaces/msg/detail
[0.563s] -- Up-to-date: /home/vboxuser/robot/workdown/workdown_ws/install/aim_interfaces/include/aim_interfaces/aim_interfaces/msg/detail/aim_info__type_support.c
[0.564s] -- Up-to-date: /home/vboxuser/robot/workdown/workdown_ws/install/aim_interfaces/include/aim_interfaces/aim_interfaces/msg/detail/aim_info__rosidl_typesupport_introspection_c.h
[0.565s] -- Up-to-date: /home/vboxuser/robot/workdown/workdown_ws/install/aim_interfaces/lib/libaim_interfaces__rosidl_typesupport_introspection_c.so
[0.565s] -- Up-to-date: /home/vboxuser/robot/workdown/workdown_ws/install/aim_interfaces/lib/libaim_interfaces__rosidl_typesupport_c.so
[0.566s] -- Up-to-date: /home/vboxuser/robot/workdown/workdown_ws/install/aim_interfaces/include/aim_interfaces/aim_interfaces
[0.566s] -- Up-to-date: /home/vboxuser/robot/workdown/workdown_ws/install/aim_interfaces/include/aim_interfaces/aim_interfaces/msg
[0.566s] -- Up-to-date: /home/vboxuser/robot/workdown/workdown_ws/install/aim_interfaces/include/aim_interfaces/aim_interfaces/msg/rosidl_generator_cpp__visibility_control.hpp
[0.566s] -- Up-to-date: /home/vboxuser/robot/workdown/workdown_ws/install/aim_interfaces/include/aim_interfaces/aim_interfaces/msg/detail
[0.566s] -- Up-to-date: /home/vboxuser/robot/workdown/workdown_ws/install/aim_interfaces/include/aim_interfaces/aim_interfaces/msg/detail/aim_info__traits.hpp
[0.566s] -- Up-to-date: /home/vboxuser/robot/workdown/workdown_ws/install/aim_interfaces/include/aim_interfaces/aim_interfaces/msg/detail/aim_info__type_support.hpp
[0.566s] -- Up-to-date: /home/vboxuser/robot/workdown/workdown_ws/install/aim_interfaces/include/aim_interfaces/aim_interfaces/msg/detail/aim_info__builder.hpp
[0.566s] -- Up-to-date: /home/vboxuser/robot/workdown/workdown_ws/install/aim_interfaces/include/aim_interfaces/aim_interfaces/msg/detail/aim_info__struct.hpp
[0.566s] -- Up-to-date: /home/vboxuser/robot/workdown/workdown_ws/install/aim_interfaces/include/aim_interfaces/aim_interfaces/msg/aim_info.hpp
[0.567s] -- Up-to-date: /home/vboxuser/robot/workdown/workdown_ws/install/aim_interfaces/include/aim_interfaces/aim_interfaces
[0.567s] -- Up-to-date: /home/vboxuser/robot/workdown/workdown_ws/install/aim_interfaces/include/aim_interfaces/aim_interfaces/msg
[0.567s] -- Up-to-date: /home/vboxuser/robot/workdown/workdown_ws/install/aim_interfaces/include/aim_interfaces/aim_interfaces/msg/detail
[0.567s] -- Up-to-date: /home/vboxuser/robot/workdown/workdown_ws/install/aim_interfaces/include/aim_interfaces/aim_interfaces/msg/detail/dds_fastrtps
[0.567s] -- Up-to-date: /home/vboxuser/robot/workdown/workdown_ws/install/aim_interfaces/include/aim_interfaces/aim_interfaces/msg/detail/aim_info__rosidl_typesupport_fastrtps_cpp.hpp
[0.567s] -- Up-to-date: /home/vboxuser/robot/workdown/workdown_ws/install/aim_interfaces/include/aim_interfaces/aim_interfaces/msg/rosidl_typesupport_fastrtps_cpp__visibility_control.h
[0.568s] -- Up-to-date: /home/vboxuser/robot/workdown/workdown_ws/install/aim_interfaces/lib/libaim_interfaces__rosidl_typesupport_fastrtps_cpp.so
[0.568s] -- Up-to-date: /home/vboxuser/robot/workdown/workdown_ws/install/aim_interfaces/include/aim_interfaces/aim_interfaces
[0.568s] -- Up-to-date: /home/vboxuser/robot/workdown/workdown_ws/install/aim_interfaces/include/aim_interfaces/aim_interfaces/msg
[0.568s] -- Up-to-date: /home/vboxuser/robot/workdown/workdown_ws/install/aim_interfaces/include/aim_interfaces/aim_interfaces/msg/detail
[0.568s] -- Up-to-date: /home/vboxuser/robot/workdown/workdown_ws/install/aim_interfaces/include/aim_interfaces/aim_interfaces/msg/detail/aim_info__type_support.cpp
[0.568s] -- Up-to-date: /home/vboxuser/robot/workdown/workdown_ws/install/aim_interfaces/include/aim_interfaces/aim_interfaces/msg/detail/aim_info__rosidl_typesupport_introspection_cpp.hpp
[0.570s] -- Up-to-date: /home/vboxuser/robot/workdown/workdown_ws/install/aim_interfaces/lib/libaim_interfaces__rosidl_typesupport_introspection_cpp.so
[0.571s] -- Up-to-date: /home/vboxuser/robot/workdown/workdown_ws/install/aim_interfaces/lib/libaim_interfaces__rosidl_typesupport_cpp.so
[0.572s] -- Up-to-date: /home/vboxuser/robot/workdown/workdown_ws/install/aim_interfaces/share/aim_interfaces/environment/pythonpath.sh
[0.572s] -- Up-to-date: /home/vboxuser/robot/workdown/workdown_ws/install/aim_interfaces/share/aim_interfaces/environment/pythonpath.dsv
[0.572s] -- Up-to-date: /home/vboxuser/robot/workdown/workdown_ws/install/aim_interfaces/local/lib/python3.10/dist-packages/aim_interfaces-0.0.0-py3.10.egg-info
[0.572s] -- Installing: /home/vboxuser/robot/workdown/workdown_ws/install/aim_interfaces/local/lib/python3.10/dist-packages/aim_interfaces-0.0.0-py3.10.egg-info/dependency_links.txt
[0.572s] -- Installing: /home/vboxuser/robot/workdown/workdown_ws/install/aim_interfaces/local/lib/python3.10/dist-packages/aim_interfaces-0.0.0-py3.10.egg-info/SOURCES.txt
[0.572s] -- Installing: /home/vboxuser/robot/workdown/workdown_ws/install/aim_interfaces/local/lib/python3.10/dist-packages/aim_interfaces-0.0.0-py3.10.egg-info/PKG-INFO
[0.573s] -- Installing: /home/vboxuser/robot/workdown/workdown_ws/install/aim_interfaces/local/lib/python3.10/dist-packages/aim_interfaces-0.0.0-py3.10.egg-info/top_level.txt
[0.573s] -- Up-to-date: /home/vboxuser/robot/workdown/workdown_ws/install/aim_interfaces/local/lib/python3.10/dist-packages/aim_interfaces
[0.574s] -- Up-to-date: /home/vboxuser/robot/workdown/workdown_ws/install/aim_interfaces/local/lib/python3.10/dist-packages/aim_interfaces/aim_interfaces_s__rosidl_typesupport_fastrtps_c.cpython-310-x86_64-linux-gnu.so
[0.574s] -- Up-to-date: /home/vboxuser/robot/workdown/workdown_ws/install/aim_interfaces/local/lib/python3.10/dist-packages/aim_interfaces/_aim_interfaces_s.ep.rosidl_typesupport_fastrtps_c.c
[0.574s] -- Up-to-date: /home/vboxuser/robot/workdown/workdown_ws/install/aim_interfaces/local/lib/python3.10/dist-packages/aim_interfaces/aim_interfaces_s__rosidl_typesupport_introspection_c.cpython-310-x86_64-linux-gnu.so
[0.574s] -- Up-to-date: /home/vboxuser/robot/workdown/workdown_ws/install/aim_interfaces/local/lib/python3.10/dist-packages/aim_interfaces/msg
[0.574s] -- Up-to-date: /home/vboxuser/robot/workdown/workdown_ws/install/aim_interfaces/local/lib/python3.10/dist-packages/aim_interfaces/msg/_aim_info.py
[0.574s] -- Up-to-date: /home/vboxuser/robot/workdown/workdown_ws/install/aim_interfaces/local/lib/python3.10/dist-packages/aim_interfaces/msg/__init__.py
[0.574s] -- Up-to-date: /home/vboxuser/robot/workdown/workdown_ws/install/aim_interfaces/local/lib/python3.10/dist-packages/aim_interfaces/msg/_aim_info_s.c
[0.574s] -- Up-to-date: /home/vboxuser/robot/workdown/workdown_ws/install/aim_interfaces/local/lib/python3.10/dist-packages/aim_interfaces/__init__.py
[0.574s] -- Up-to-date: /home/vboxuser/robot/workdown/workdown_ws/install/aim_interfaces/local/lib/python3.10/dist-packages/aim_interfaces/_aim_interfaces_s.ep.rosidl_typesupport_c.c
[0.574s] -- Up-to-date: /home/vboxuser/robot/workdown/workdown_ws/install/aim_interfaces/local/lib/python3.10/dist-packages/aim_interfaces/_aim_interfaces_s.ep.rosidl_typesupport_introspection_c.c
[0.574s] -- Up-to-date: /home/vboxuser/robot/workdown/workdown_ws/install/aim_interfaces/local/lib/python3.10/dist-packages/aim_interfaces/aim_interfaces_s__rosidl_typesupport_c.cpython-310-x86_64-linux-gnu.so
[0.574s] -- Up-to-date: /home/vboxuser/robot/workdown/workdown_ws/install/aim_interfaces/local/lib/python3.10/dist-packages/aim_interfaces/libaim_interfaces__rosidl_generator_py.so
[0.609s] Listing '/home/vboxuser/robot/workdown/workdown_ws/install/aim_interfaces/local/lib/python3.10/dist-packages/aim_interfaces'...
[0.609s] Listing '/home/vboxuser/robot/workdown/workdown_ws/install/aim_interfaces/local/lib/python3.10/dist-packages/aim_interfaces/msg'...
[0.615s] -- Up-to-date: /home/vboxuser/robot/workdown/workdown_ws/install/aim_interfaces/local/lib/python3.10/dist-packages/aim_interfaces/aim_interfaces_s__rosidl_typesupport_fastrtps_c.cpython-310-x86_64-linux-gnu.so
[0.616s] -- Up-to-date: /home/vboxuser/robot/workdown/workdown_ws/install/aim_interfaces/local/lib/python3.10/dist-packages/aim_interfaces/aim_interfaces_s__rosidl_typesupport_introspection_c.cpython-310-x86_64-linux-gnu.so
[0.617s] -- Up-to-date: /home/vboxuser/robot/workdown/workdown_ws/install/aim_interfaces/local/lib/python3.10/dist-packages/aim_interfaces/aim_interfaces_s__rosidl_typesupport_c.cpython-310-x86_64-linux-gnu.so
[0.619s] -- Up-to-date: /home/vboxuser/robot/workdown/workdown_ws/install/aim_interfaces/lib/libaim_interfaces__rosidl_generator_py.so
[0.619s] -- Up-to-date: /home/vboxuser/robot/workdown/workdown_ws/install/aim_interfaces/share/aim_interfaces/msg/AimInfo.idl
[0.620s] -- Up-to-date: /home/vboxuser/robot/workdown/workdown_ws/install/aim_interfaces/share/aim_interfaces/msg/AimInfo.msg
[0.620s] -- Up-to-date: /home/vboxuser/robot/workdown/workdown_ws/install/aim_interfaces/share/ament_index/resource_index/package_run_dependencies/aim_interfaces
[0.620s] -- Up-to-date: /home/vboxuser/robot/workdown/workdown_ws/install/aim_interfaces/share/ament_index/resource_index/parent_prefix_path/aim_interfaces
[0.620s] -- Up-to-date: /home/vboxuser/robot/workdown/workdown_ws/install/aim_interfaces/share/aim_interfaces/environment/ament_prefix_path.sh
[0.620s] -- Up-to-date: /home/vboxuser/robot/workdown/workdown_ws/install/aim_interfaces/share/aim_interfaces/environment/ament_prefix_path.dsv
[0.620s] -- Up-to-date: /home/vboxuser/robot/workdown/workdown_ws/install/aim_interfaces/share/aim_interfaces/environment/path.sh
[0.620s] -- Up-to-date: /home/vboxuser/robot/workdown/workdown_ws/install/aim_interfaces/share/aim_interfaces/environment/path.dsv
[0.620s] -- Up-to-date: /home/vboxuser/robot/workdown/workdown_ws/install/aim_interfaces/share/aim_interfaces/local_setup.bash
[0.620s] -- Up-to-date: /home/vboxuser/robot/workdown/workdown_ws/install/aim_interfaces/share/aim_interfaces/local_setup.sh
[0.620s] -- Up-to-date: /home/vboxuser/robot/workdown/workdown_ws/install/aim_interfaces/share/aim_interfaces/local_setup.zsh
[0.620s] -- Up-to-date: /home/vboxuser/robot/workdown/workdown_ws/install/aim_interfaces/share/aim_interfaces/local_setup.dsv
[0.621s] -- Installing: /home/vboxuser/robot/workdown/workdown_ws/install/aim_interfaces/share/aim_interfaces/package.dsv
[0.621s] -- Up-to-date: /home/vboxuser/robot/workdown/workdown_ws/install/aim_interfaces/share/ament_index/resource_index/packages/aim_interfaces
[0.622s] -- Up-to-date: /home/vboxuser/robot/workdown/workdown_ws/install/aim_interfaces/share/aim_interfaces/cmake/export_aim_interfaces__rosidl_generator_cExport.cmake
[0.622s] -- Up-to-date: /home/vboxuser/robot/workdown/workdown_ws/install/aim_interfaces/share/aim_interfaces/cmake/export_aim_interfaces__rosidl_generator_cExport-noconfig.cmake
[0.624s] -- Up-to-date: /home/vboxuser/robot/workdown/workdown_ws/install/aim_interfaces/share/aim_interfaces/cmake/export_aim_interfaces__rosidl_typesupport_fastrtps_cExport.cmake
[0.624s] -- Up-to-date: /home/vboxuser/robot/workdown/workdown_ws/install/aim_interfaces/share/aim_interfaces/cmake/export_aim_interfaces__rosidl_typesupport_fastrtps_cExport-noconfig.cmake
[0.625s] -- Up-to-date: /home/vboxuser/robot/workdown/workdown_ws/install/aim_interfaces/share/aim_interfaces/cmake/aim_interfaces__rosidl_typesupport_introspection_cExport.cmake
[0.625s] -- Up-to-date: /home/vboxuser/robot/workdown/workdown_ws/install/aim_interfaces/share/aim_interfaces/cmake/aim_interfaces__rosidl_typesupport_introspection_cExport-noconfig.cmake
[0.626s] -- Up-to-date: /home/vboxuser/robot/workdown/workdown_ws/install/aim_interfaces/share/aim_interfaces/cmake/aim_interfaces__rosidl_typesupport_cExport.cmake
[0.626s] -- Up-to-date: /home/vboxuser/robot/workdown/workdown_ws/install/aim_interfaces/share/aim_interfaces/cmake/aim_interfaces__rosidl_typesupport_cExport-noconfig.cmake
[0.628s] -- Up-to-date: /home/vboxuser/robot/workdown/workdown_ws/install/aim_interfaces/share/aim_interfaces/cmake/export_aim_interfaces__rosidl_generator_cppExport.cmake
[0.629s] -- Up-to-date: /home/vboxuser/robot/workdown/workdown_ws/install/aim_interfaces/share/aim_interfaces/cmake/export_aim_interfaces__rosidl_typesupport_fastrtps_cppExport.cmake
[0.629s] -- Up-to-date: /home/vboxuser/robot/workdown/workdown_ws/install/aim_interfaces/share/aim_interfaces/cmake/export_aim_interfaces__rosidl_typesupport_fastrtps_cppExport-noconfig.cmake
[0.630s] -- Up-to-date: /home/vboxuser/robot/workdown/workdown_ws/install/aim_interfaces/share/aim_interfaces/cmake/aim_interfaces__rosidl_typesupport_introspection_cppExport.cmake
[0.630s] -- Up-to-date: /home/vboxuser/robot/workdown/workdown_ws/install/aim_interfaces/share/aim_interfaces/cmake/aim_interfaces__rosidl_typesupport_introspection_cppExport-noconfig.cmake
[0.632s] -- Up-to-date: /home/vboxuser/robot/workdown/workdown_ws/install/aim_interfaces/share/aim_interfaces/cmake/aim_interfaces__rosidl_typesupport_cppExport.cmake
[0.632s] -- Up-to-date: /home/vboxuser/robot/workdown/workdown_ws/install/aim_interfaces/share/aim_interfaces/cmake/aim_interfaces__rosidl_typesupport_cppExport-noconfig.cmake
[0.633s] -- Up-to-date: /home/vboxuser/robot/workdown/workdown_ws/install/aim_interfaces/share/aim_interfaces/cmake/export_aim_interfaces__rosidl_generator_pyExport.cmake
[0.634s] -- Up-to-date: /home/vboxuser/robot/workdown/workdown_ws/install/aim_interfaces/share/aim_interfaces/cmake/export_aim_interfaces__rosidl_generator_pyExport-noconfig.cmake
[0.634s] -- Up-to-date: /home/vboxuser/robot/workdown/workdown_ws/install/aim_interfaces/share/aim_interfaces/cmake/rosidl_cmake-extras.cmake
[0.634s] -- Up-to-date: /home/vboxuser/robot/workdown/workdown_ws/install/aim_interfaces/share/aim_interfaces/cmake/ament_cmake_export_dependencies-extras.cmake
[0.634s] -- Up-to-date: /home/vboxuser/robot/workdown/workdown_ws/install/aim_interfaces/share/aim_interfaces/cmake/ament_cmake_export_include_directories-extras.cmake
[0.634s] -- Up-to-date: /home/vboxuser/robot/workdown/workdown_ws/install/aim_interfaces/share/aim_interfaces/cmake/ament_cmake_export_libraries-extras.cmake
[0.634s] -- Up-to-date: /home/vboxuser/robot/workdown/workdown_ws/install/aim_interfaces/share/aim_interfaces/cmake/ament_cmake_export_targets-extras.cmake
[0.635s] -- Up-to-date: /home/vboxuser/robot/workdown/workdown_ws/install/aim_interfaces/share/aim_interfaces/cmake/rosidl_cmake_export_typesupport_targets-extras.cmake
[0.635s] -- Up-to-date: /home/vboxuser/robot/workdown/workdown_ws/install/aim_interfaces/share/aim_interfaces/cmake/rosidl_cmake_export_typesupport_libraries-extras.cmake
[0.635s] -- Up-to-date: /home/vboxuser/robot/workdown/workdown_ws/install/aim_interfaces/share/aim_interfaces/cmake/aim_interfacesConfig.cmake
[0.635s] -- Up-to-date: /home/vboxuser/robot/workdown/workdown_ws/install/aim_interfaces/share/aim_interfaces/cmake/aim_interfacesConfig-version.cmake
[0.635s] -- Up-to-date: /home/vboxuser/robot/workdown/workdown_ws/install/aim_interfaces/share/aim_interfaces/package.xml
[0.639s] Invoked command in '/home/vboxuser/robot/workdown/workdown_ws/build/aim_interfaces' returned '0': CMAKE_PREFIX_PATH=/opt/ros/humble /usr/bin/cmake --install /home/vboxuser/robot/workdown/workdown_ws/build/aim_interfaces
