[0.013s] Invoking command in '/home/vboxuser/robot/workdown/workdown_ws/image_topic/build/image_topic': CMAKE_PREFIX_PATH=/opt/ros/humble /usr/bin/cmake /home/vboxuser/robot/workdown/workdown_ws/image_topic -DCMAKE_INSTALL_PREFIX=/home/vboxuser/robot/workdown/workdown_ws/image_topic/install/image_topic
[0.031s] -- Found ament_cmake: 1.3.11 (/opt/ros/humble/share/ament_cmake/cmake)
[0.156s] -- Found rclcpp: 16.0.12 (/opt/ros/humble/share/rclcpp/cmake)
[0.180s] -- Found rosidl_generator_c: 3.1.6 (/opt/ros/humble/share/rosidl_generator_c/cmake)
[0.183s] -- Found rosidl_adapter: 3.1.6 (/opt/ros/humble/share/rosidl_adapter/cmake)
[0.187s] -- Found rosidl_generator_cpp: 3.1.6 (/opt/ros/humble/share/rosidl_generator_cpp/cmake)
[0.196s] -- Using all available rosidl_typesupport_c: rosidl_typesupport_fastrtps_c;rosidl_typesupport_introspection_c
[0.207s] -- Using all available rosidl_typesupport_cpp: rosidl_typesupport_fastrtps_cpp;rosidl_typesupport_introspection_cpp
[0.235s] -- Found rmw_implementation_cmake: 6.1.2 (/opt/ros/humble/share/rmw_implementation_cmake/cmake)
[0.236s] -- Found rmw_fastrtps_cpp: 6.2.7 (/opt/ros/humble/share/rmw_fastrtps_cpp/cmake)
[0.338s] -- Using RMW implementation 'rmw_fastrtps_cpp' as default
[0.385s] -- Found ament_lint_auto: 0.12.12 (/opt/ros/humble/share/ament_lint_auto/cmake)
[0.470s] -- Added test 'cppcheck' to perform static code analysis on C / C++ code
[0.471s] -- Configured cppcheck include dirs: 
[0.471s] -- Configured cppcheck exclude dirs and/or files: 
[0.474s] -- Added test 'flake8' to check Python code syntax and style conventions
[0.476s] -- Added test 'lint_cmake' to check CMake code style
[0.476s] -- Added test 'pep257' to check Python code against some of the docstring style conventions in PEP 257
[0.487s] -- Added test 'uncrustify' to check C / C++ code style
[0.487s] -- Configured uncrustify additional arguments: 
[0.487s] -- Added test 'xmllint' to check XML markup files
[0.489s] -- Found sensor_msgs: 4.9.0 (/opt/ros/humble/share/sensor_msgs/cmake)
[0.525s] -- Configuring incomplete, errors occurred!
[0.525s] See also "/home/vboxuser/robot/workdown/workdown_ws/image_topic/build/image_topic/CMakeFiles/CMakeOutput.log".
[0.525s] [31mCMake Error at CMakeLists.txt:28 (find_package):
[0.525s]   By not providing "Findaim_interfaces.cmake" in CMAKE_MODULE_PATH this
[0.525s]   project has asked CMake to find a package configuration file provided by
[0.525s]   "aim_interfaces", but CMake did not find one.
[0.525s] 
[0.526s]   Could not find a package configuration file provided by "aim_interfaces"
[0.526s]   with any of the following names:
[0.526s] 
[0.526s]     aim_interfacesConfig.cmake
[0.526s]     aim_interfaces-config.cmake
[0.526s] 
[0.526s]   Add the installation prefix of "aim_interfaces" to CMAKE_PREFIX_PATH or set
[0.526s]   "aim_interfaces_DIR" to a directory containing one of the above files.  If
[0.526s]   "aim_interfaces" provides a separate development package or SDK, be sure it
[0.526s]   has been installed.
[0.526s] 
[0.526s] [0m
[0.537s] Invoked command in '/home/vboxuser/robot/workdown/workdown_ws/image_topic/build/image_topic' returned '1': CMAKE_PREFIX_PATH=/opt/ros/humble /usr/bin/cmake /home/vboxuser/robot/workdown/workdown_ws/image_topic -DCMAKE_INSTALL_PREFIX=/home/vboxuser/robot/workdown/workdown_ws/image_topic/install/image_topic
