[0.101s] DEBUG:colcon:Command line arguments: ['/usr/bin/colcon', 'build']
[0.101s] DEBUG:colcon:Parsed command line arguments: Namespace(log_base=None, log_level=None, verb_name='build', build_base='build', install_base='install', merge_install=False, symlink_install=False, test_result_base=None, continue_on_error=False, executor='parallel', parallel_workers=4, event_handlers=None, ignore_user_meta=False, metas=['./colcon.meta'], base_paths=['.'], packages_ignore=None, packages_ignore_regex=None, paths=None, packages_up_to=None, packages_up_to_regex=None, packages_above=None, packages_above_and_dependencies=None, packages_above_depth=None, packages_select_by_dep=None, packages_skip_by_dep=None, packages_skip_up_to=None, packages_select_build_failed=False, packages_skip_build_finished=False, packages_select_test_failures=False, packages_skip_test_passed=False, packages_select=None, packages_skip=None, packages_select_regex=None, packages_skip_regex=None, packages_start=None, packages_end=None, allow_overriding=[], cmake_args=None, cmake_target=None, cmake_target_skip_unavailable=False, cmake_clean_cache=False, cmake_clean_first=False, cmake_force_configure=False, ament_cmake_args=None, catkin_cmake_args=None, catkin_skip_building_tests=False, verb_parser=<colcon_defaults.argument_parser.defaults.DefaultArgumentsDecorator object at 0x7c1056223610>, verb_extension=<colcon_core.verb.build.BuildVerb object at 0x7c1056223130>, main=<bound method BuildVerb.main of <colcon_core.verb.build.BuildVerb object at 0x7c1056223130>>)
[0.260s] Level 1:colcon.colcon_core.package_discovery:discover_packages(colcon_meta) check parameters
[0.260s] Level 1:colcon.colcon_core.package_discovery:discover_packages(recursive) check parameters
[0.260s] Level 1:colcon.colcon_core.package_discovery:discover_packages(ignore) check parameters
[0.260s] Level 1:colcon.colcon_core.package_discovery:discover_packages(path) check parameters
[0.260s] Level 1:colcon.colcon_core.package_discovery:discover_packages(colcon_meta) discover
[0.260s] Level 1:colcon.colcon_core.package_discovery:discover_packages(recursive) discover
[0.260s] INFO:colcon.colcon_core.package_discovery:Crawling recursively for packages in '/home/vboxuser/robot/workdown/workdown_ws'
[0.260s] Level 1:colcon.colcon_core.package_identification:_identify(.) by extensions ['ignore', 'ignore_ament_install']
[0.260s] Level 1:colcon.colcon_core.package_identification:_identify(.) by extension 'ignore'
[0.260s] Level 1:colcon.colcon_core.package_identification:_identify(.) by extension 'ignore_ament_install'
[0.260s] Level 1:colcon.colcon_core.package_identification:_identify(.) by extensions ['colcon_pkg']
[0.260s] Level 1:colcon.colcon_core.package_identification:_identify(.) by extension 'colcon_pkg'
[0.260s] Level 1:colcon.colcon_core.package_identification:_identify(.) by extensions ['colcon_meta']
[0.260s] Level 1:colcon.colcon_core.package_identification:_identify(.) by extension 'colcon_meta'
[0.261s] Level 1:colcon.colcon_core.package_identification:_identify(.) by extensions ['ros']
[0.261s] Level 1:colcon.colcon_core.package_identification:_identify(.) by extension 'ros'
[0.272s] Level 1:colcon.colcon_core.package_identification:_identify(.) by extensions ['cmake', 'python']
[0.273s] Level 1:colcon.colcon_core.package_identification:_identify(.) by extension 'cmake'
[0.273s] Level 1:colcon.colcon_core.package_identification:_identify(.) by extension 'python'
[0.273s] Level 1:colcon.colcon_core.package_identification:_identify(.) by extensions ['python_setup_py']
[0.273s] Level 1:colcon.colcon_core.package_identification:_identify(.) by extension 'python_setup_py'
[0.273s] Level 1:colcon.colcon_core.package_identification:_identify(build) by extensions ['ignore', 'ignore_ament_install']
[0.273s] Level 1:colcon.colcon_core.package_identification:_identify(build) by extension 'ignore'
[0.273s] Level 1:colcon.colcon_core.package_identification:_identify(build) ignored
[0.273s] Level 1:colcon.colcon_core.package_identification:_identify(image_topic) by extensions ['ignore', 'ignore_ament_install']
[0.274s] Level 1:colcon.colcon_core.package_identification:_identify(image_topic) by extension 'ignore'
[0.274s] Level 1:colcon.colcon_core.package_identification:_identify(image_topic) by extension 'ignore_ament_install'
[0.274s] Level 1:colcon.colcon_core.package_identification:_identify(image_topic) by extensions ['colcon_pkg']
[0.274s] Level 1:colcon.colcon_core.package_identification:_identify(image_topic) by extension 'colcon_pkg'
[0.274s] Level 1:colcon.colcon_core.package_identification:_identify(image_topic) by extensions ['colcon_meta']
[0.274s] Level 1:colcon.colcon_core.package_identification:_identify(image_topic) by extension 'colcon_meta'
[0.274s] Level 1:colcon.colcon_core.package_identification:_identify(image_topic) by extensions ['ros']
[0.274s] Level 1:colcon.colcon_core.package_identification:_identify(image_topic) by extension 'ros'
[0.276s] DEBUG:colcon.colcon_core.package_identification:Package 'image_topic' with type 'ros.ament_cmake' and name 'image_topic'
[0.276s] Level 1:colcon.colcon_core.package_identification:_identify(install) by extensions ['ignore', 'ignore_ament_install']
[0.276s] Level 1:colcon.colcon_core.package_identification:_identify(install) by extension 'ignore'
[0.276s] Level 1:colcon.colcon_core.package_identification:_identify(install) ignored
[0.276s] Level 1:colcon.colcon_core.package_identification:_identify(log) by extensions ['ignore', 'ignore_ament_install']
[0.277s] Level 1:colcon.colcon_core.package_identification:_identify(log) by extension 'ignore'
[0.277s] Level 1:colcon.colcon_core.package_identification:_identify(log) ignored
[0.277s] Level 1:colcon.colcon_core.package_discovery:discover_packages(recursive) using defaults
[0.277s] Level 1:colcon.colcon_core.package_discovery:discover_packages(ignore) discover
[0.277s] Level 1:colcon.colcon_core.package_discovery:discover_packages(ignore) using defaults
[0.277s] Level 1:colcon.colcon_core.package_discovery:discover_packages(path) discover
[0.277s] Level 1:colcon.colcon_core.package_discovery:discover_packages(path) using defaults
[0.294s] Level 1:colcon.colcon_core.package_discovery:discover_packages(prefix_path) check parameters
[0.295s] Level 1:colcon.colcon_core.package_discovery:discover_packages(prefix_path) discover
[0.298s] DEBUG:colcon.colcon_installed_package_information.package_discovery:Found 295 installed packages in /opt/ros/humble
[0.310s] Level 1:colcon.colcon_core.package_discovery:discover_packages(prefix_path) using defaults
[0.348s] Level 5:colcon.colcon_core.verb:set package 'image_topic' build argument 'cmake_args' from command line to 'None'
[0.349s] Level 5:colcon.colcon_core.verb:set package 'image_topic' build argument 'cmake_target' from command line to 'None'
[0.349s] Level 5:colcon.colcon_core.verb:set package 'image_topic' build argument 'cmake_target_skip_unavailable' from command line to 'False'
[0.349s] Level 5:colcon.colcon_core.verb:set package 'image_topic' build argument 'cmake_clean_cache' from command line to 'False'
[0.349s] Level 5:colcon.colcon_core.verb:set package 'image_topic' build argument 'cmake_clean_first' from command line to 'False'
[0.349s] Level 5:colcon.colcon_core.verb:set package 'image_topic' build argument 'cmake_force_configure' from command line to 'False'
[0.349s] Level 5:colcon.colcon_core.verb:set package 'image_topic' build argument 'ament_cmake_args' from command line to 'None'
[0.349s] Level 5:colcon.colcon_core.verb:set package 'image_topic' build argument 'catkin_cmake_args' from command line to 'None'
[0.349s] Level 5:colcon.colcon_core.verb:set package 'image_topic' build argument 'catkin_skip_building_tests' from command line to 'False'
[0.349s] DEBUG:colcon.colcon_core.verb:Building package 'image_topic' with the following arguments: {'ament_cmake_args': None, 'build_base': '/home/vboxuser/robot/workdown/workdown_ws/build/image_topic', 'catkin_cmake_args': None, 'catkin_skip_building_tests': False, 'cmake_args': None, 'cmake_clean_cache': False, 'cmake_clean_first': False, 'cmake_force_configure': False, 'cmake_target': None, 'cmake_target_skip_unavailable': False, 'install_base': '/home/vboxuser/robot/workdown/workdown_ws/install/image_topic', 'merge_install': False, 'path': '/home/vboxuser/robot/workdown/workdown_ws/image_topic', 'symlink_install': False, 'test_result_base': None}
[0.349s] INFO:colcon.colcon_core.executor:Executing jobs using 'parallel' executor
[0.351s] DEBUG:colcon.colcon_parallel_executor.executor.parallel:run_until_complete
[0.351s] INFO:colcon.colcon_ros.task.ament_cmake.build:Building ROS package in '/home/vboxuser/robot/workdown/workdown_ws/image_topic' with build type 'ament_cmake'
[0.352s] INFO:colcon.colcon_cmake.task.cmake.build:Building CMake package in '/home/vboxuser/robot/workdown/workdown_ws/image_topic'
[0.354s] INFO:colcon.colcon_core.plugin_system:Skipping extension 'colcon_core.shell.bat': Not used on non-Windows systems
[0.355s] INFO:colcon.colcon_core.shell:Skip shell extension 'powershell' for command environment: Not usable outside of PowerShell
[0.355s] DEBUG:colcon.colcon_core.shell:Skip shell extension 'dsv' for command environment
[0.368s] DEBUG:colcon.colcon_core.event_handler.log_command:Invoking command in '/home/vboxuser/robot/workdown/workdown_ws/build/image_topic': CMAKE_PREFIX_PATH=/opt/ros/humble /usr/bin/cmake --build /home/vboxuser/robot/workdown/workdown_ws/build/image_topic -- -j4 -l4
[0.473s] DEBUG:colcon.colcon_core.event_handler.log_command:Invoked command in '/home/vboxuser/robot/workdown/workdown_ws/build/image_topic' returned '0': CMAKE_PREFIX_PATH=/opt/ros/humble /usr/bin/cmake --build /home/vboxuser/robot/workdown/workdown_ws/build/image_topic -- -j4 -l4
[0.486s] DEBUG:colcon.colcon_core.event_handler.log_command:Invoking command in '/home/vboxuser/robot/workdown/workdown_ws/build/image_topic': CMAKE_PREFIX_PATH=/opt/ros/humble /usr/bin/cmake --install /home/vboxuser/robot/workdown/workdown_ws/build/image_topic
[0.501s] Level 1:colcon.colcon_core.environment:create_environment_scripts_only(image_topic)
[0.501s] DEBUG:colcon.colcon_core.event_handler.log_command:Invoked command in '/home/vboxuser/robot/workdown/workdown_ws/build/image_topic' returned '0': CMAKE_PREFIX_PATH=/opt/ros/humble /usr/bin/cmake --install /home/vboxuser/robot/workdown/workdown_ws/build/image_topic
[0.503s] Level 1:colcon.colcon_core.environment:checking '/home/vboxuser/robot/workdown/workdown_ws/install/image_topic' for CMake module files
[0.504s] Level 1:colcon.colcon_core.environment:checking '/home/vboxuser/robot/workdown/workdown_ws/install/image_topic' for CMake config files
[0.504s] Level 1:colcon.colcon_core.shell:create_environment_hook('image_topic', 'cmake_prefix_path')
[0.504s] INFO:colcon.colcon_core.shell:Creating environment hook '/home/vboxuser/robot/workdown/workdown_ws/install/image_topic/share/image_topic/hook/cmake_prefix_path.ps1'
[0.505s] INFO:colcon.colcon_core.shell:Creating environment descriptor '/home/vboxuser/robot/workdown/workdown_ws/install/image_topic/share/image_topic/hook/cmake_prefix_path.dsv'
[0.506s] INFO:colcon.colcon_core.shell:Creating environment hook '/home/vboxuser/robot/workdown/workdown_ws/install/image_topic/share/image_topic/hook/cmake_prefix_path.sh'
[0.507s] Level 1:colcon.colcon_core.environment:checking '/home/vboxuser/robot/workdown/workdown_ws/install/image_topic/lib'
[0.507s] Level 1:colcon.colcon_core.environment:checking '/home/vboxuser/robot/workdown/workdown_ws/install/image_topic/bin'
[0.507s] Level 1:colcon.colcon_core.environment:checking '/home/vboxuser/robot/workdown/workdown_ws/install/image_topic/lib/pkgconfig/image_topic.pc'
[0.507s] Level 1:colcon.colcon_core.environment:checking '/home/vboxuser/robot/workdown/workdown_ws/install/image_topic/lib/python3.10/site-packages'
[0.507s] Level 1:colcon.colcon_core.environment:checking '/home/vboxuser/robot/workdown/workdown_ws/install/image_topic/bin'
[0.508s] INFO:colcon.colcon_core.shell:Creating package script '/home/vboxuser/robot/workdown/workdown_ws/install/image_topic/share/image_topic/package.ps1'
[0.509s] INFO:colcon.colcon_core.shell:Creating package descriptor '/home/vboxuser/robot/workdown/workdown_ws/install/image_topic/share/image_topic/package.dsv'
[0.510s] INFO:colcon.colcon_core.shell:Creating package script '/home/vboxuser/robot/workdown/workdown_ws/install/image_topic/share/image_topic/package.sh'
[0.510s] INFO:colcon.colcon_core.shell:Creating package script '/home/vboxuser/robot/workdown/workdown_ws/install/image_topic/share/image_topic/package.bash'
[0.511s] INFO:colcon.colcon_core.shell:Creating package script '/home/vboxuser/robot/workdown/workdown_ws/install/image_topic/share/image_topic/package.zsh'
[0.512s] Level 1:colcon.colcon_core.environment:create_file_with_runtime_dependencies(/home/vboxuser/robot/workdown/workdown_ws/install/image_topic/share/colcon-core/packages/image_topic)
[0.513s] Level 1:colcon.colcon_core.environment:create_environment_scripts_only(image_topic)
[0.513s] Level 1:colcon.colcon_core.environment:checking '/home/vboxuser/robot/workdown/workdown_ws/install/image_topic' for CMake module files
[0.514s] Level 1:colcon.colcon_core.environment:checking '/home/vboxuser/robot/workdown/workdown_ws/install/image_topic' for CMake config files
[0.514s] Level 1:colcon.colcon_core.shell:create_environment_hook('image_topic', 'cmake_prefix_path')
[0.514s] INFO:colcon.colcon_core.shell:Creating environment hook '/home/vboxuser/robot/workdown/workdown_ws/install/image_topic/share/image_topic/hook/cmake_prefix_path.ps1'
[0.515s] INFO:colcon.colcon_core.shell:Creating environment descriptor '/home/vboxuser/robot/workdown/workdown_ws/install/image_topic/share/image_topic/hook/cmake_prefix_path.dsv'
[0.516s] INFO:colcon.colcon_core.shell:Creating environment hook '/home/vboxuser/robot/workdown/workdown_ws/install/image_topic/share/image_topic/hook/cmake_prefix_path.sh'
[0.517s] Level 1:colcon.colcon_core.environment:checking '/home/vboxuser/robot/workdown/workdown_ws/install/image_topic/lib'
[0.517s] Level 1:colcon.colcon_core.environment:checking '/home/vboxuser/robot/workdown/workdown_ws/install/image_topic/bin'
[0.517s] Level 1:colcon.colcon_core.environment:checking '/home/vboxuser/robot/workdown/workdown_ws/install/image_topic/lib/pkgconfig/image_topic.pc'
[0.517s] Level 1:colcon.colcon_core.environment:checking '/home/vboxuser/robot/workdown/workdown_ws/install/image_topic/lib/python3.10/site-packages'
[0.517s] Level 1:colcon.colcon_core.environment:checking '/home/vboxuser/robot/workdown/workdown_ws/install/image_topic/bin'
[0.518s] INFO:colcon.colcon_core.shell:Creating package script '/home/vboxuser/robot/workdown/workdown_ws/install/image_topic/share/image_topic/package.ps1'
[0.519s] INFO:colcon.colcon_core.shell:Creating package descriptor '/home/vboxuser/robot/workdown/workdown_ws/install/image_topic/share/image_topic/package.dsv'
[0.519s] INFO:colcon.colcon_core.shell:Creating package script '/home/vboxuser/robot/workdown/workdown_ws/install/image_topic/share/image_topic/package.sh'
[0.520s] INFO:colcon.colcon_core.shell:Creating package script '/home/vboxuser/robot/workdown/workdown_ws/install/image_topic/share/image_topic/package.bash'
[0.521s] INFO:colcon.colcon_core.shell:Creating package script '/home/vboxuser/robot/workdown/workdown_ws/install/image_topic/share/image_topic/package.zsh'
[0.522s] Level 1:colcon.colcon_core.environment:create_file_with_runtime_dependencies(/home/vboxuser/robot/workdown/workdown_ws/install/image_topic/share/colcon-core/packages/image_topic)
[0.522s] DEBUG:colcon.colcon_parallel_executor.executor.parallel:closing loop
[0.523s] DEBUG:colcon.colcon_parallel_executor.executor.parallel:loop closed
[0.523s] DEBUG:colcon.colcon_parallel_executor.executor.parallel:run_until_complete finished with '0'
[0.523s] DEBUG:colcon.colcon_core.event_reactor:joining thread
[0.529s] INFO:colcon.colcon_core.plugin_system:Skipping extension 'colcon_notification.desktop_notification.terminal_notifier': Not used on non-Darwin systems
[0.529s] INFO:colcon.colcon_core.plugin_system:Skipping extension 'colcon_notification.desktop_notification.win32': Not used on non-Windows systems
[0.529s] INFO:colcon.colcon_notification.desktop_notification:Sending desktop notification using 'notify2'
[0.545s] DEBUG:colcon.colcon_core.event_reactor:joined thread
[0.545s] INFO:colcon.colcon_core.shell:Creating prefix script '/home/vboxuser/robot/workdown/workdown_ws/install/local_setup.ps1'
[0.547s] INFO:colcon.colcon_core.shell:Creating prefix util module '/home/vboxuser/robot/workdown/workdown_ws/install/_local_setup_util_ps1.py'
[0.548s] INFO:colcon.colcon_core.shell:Creating prefix chain script '/home/vboxuser/robot/workdown/workdown_ws/install/setup.ps1'
[0.549s] INFO:colcon.colcon_core.shell:Creating prefix script '/home/vboxuser/robot/workdown/workdown_ws/install/local_setup.sh'
[0.550s] INFO:colcon.colcon_core.shell:Creating prefix util module '/home/vboxuser/robot/workdown/workdown_ws/install/_local_setup_util_sh.py'
[0.551s] INFO:colcon.colcon_core.shell:Creating prefix chain script '/home/vboxuser/robot/workdown/workdown_ws/install/setup.sh'
[0.552s] INFO:colcon.colcon_core.shell:Creating prefix script '/home/vboxuser/robot/workdown/workdown_ws/install/local_setup.bash'
[0.553s] INFO:colcon.colcon_core.shell:Creating prefix chain script '/home/vboxuser/robot/workdown/workdown_ws/install/setup.bash'
[0.554s] INFO:colcon.colcon_core.shell:Creating prefix script '/home/vboxuser/robot/workdown/workdown_ws/install/local_setup.zsh'
[0.555s] INFO:colcon.colcon_core.shell:Creating prefix chain script '/home/vboxuser/robot/workdown/workdown_ws/install/setup.zsh'
