[0.013s] Invoking command in '/home/vboxuser/robot/workdown/workdown_ws/build/image_topic': AMENT_PREFIX_PATH=/home/vboxuser/robot/workdown/workdown_ws/install/aim_interfaces:${AMENT_PREFIX_PATH} CMAKE_PREFIX_PATH=/home/vboxuser/robot/workdown/workdown_ws/install/aim_interfaces:/opt/ros/humble LD_LIBRARY_PATH=/home/vboxuser/robot/workdown/workdown_ws/install/aim_interfaces/lib:${LD_LIBRARY_PATH} PYTHONPATH=/home/vboxuser/robot/workdown/workdown_ws/install/aim_interfaces/local/lib/python3.10/dist-packages:${PYTHONPATH} /usr/bin/cmake --build /home/vboxuser/robot/workdown/workdown_ws/build/image_topic -- -j4 -l4
[0.064s] -- Found ament_cmake: 1.3.11 (/opt/ros/humble/share/ament_cmake/cmake)
[0.223s] -- Found rclcpp: 16.0.12 (/opt/ros/humble/share/rclcpp/cmake)
[0.223s] -- Found rosidl_generator_c: 3.1.6 (/opt/ros/humble/share/rosidl_generator_c/cmake)
[0.223s] -- Found rosidl_adapter: 3.1.6 (/opt/ros/humble/share/rosidl_adapter/cmake)
[0.226s] -- Found rosidl_generator_cpp: 3.1.6 (/opt/ros/humble/share/rosidl_generator_cpp/cmake)
[0.235s] -- Using all available rosidl_typesupport_c: rosidl_typesupport_fastrtps_c;rosidl_typesupport_introspection_c
[0.245s] -- Using all available rosidl_typesupport_cpp: rosidl_typesupport_fastrtps_cpp;rosidl_typesupport_introspection_cpp
[0.275s] -- Found rmw_implementation_cmake: 6.1.2 (/opt/ros/humble/share/rmw_implementation_cmake/cmake)
[0.277s] -- Found rmw_fastrtps_cpp: 6.2.7 (/opt/ros/humble/share/rmw_fastrtps_cpp/cmake)
[0.379s] -- Using RMW implementation 'rmw_fastrtps_cpp' as default
[0.415s] -- Found ament_lint_auto: 0.12.12 (/opt/ros/humble/share/ament_lint_auto/cmake)
[0.484s] -- Added test 'cppcheck' to perform static code analysis on C / C++ code
[0.485s] -- Configured cppcheck include dirs: 
[0.485s] -- Configured cppcheck exclude dirs and/or files: 
[0.485s] -- Added test 'lint_cmake' to check CMake code style
[0.486s] -- Added test 'uncrustify' to check C / C++ code style
[0.486s] -- Configured uncrustify additional arguments: 
[0.486s] -- Added test 'xmllint' to check XML markup files
[0.487s] -- Found sensor_msgs: 4.9.0 (/opt/ros/humble/share/sensor_msgs/cmake)
[0.511s] -- Found aim_interfaces: 0.0.0 (/home/vboxuser/robot/workdown/workdown_ws/install/aim_interfaces/share/aim_interfaces/cmake)
[0.528s] -- Found cv_bridge: 3.2.1 (/opt/ros/humble/share/cv_bridge/cmake)
[0.528s] -- Configuring done
[0.546s] -- Generating done
[0.553s] -- Build files have been written to: /home/vboxuser/robot/workdown/workdown_ws/build/image_topic
[0.591s] [35m[1mConsolidate compiler generated dependencies of target Image_Topic_Subscribe[0m
[0.602s] [35m[1mConsolidate compiler generated dependencies of target Image_Topic_Publisher[0m
[0.621s] [ 25%] [32mBuilding CXX object CMakeFiles/Image_Topic_Subscribe.dir/src/subscribe.cpp.o[0m
[0.653s] [ 75%] Built target Image_Topic_Publisher
[11.219s] [100%] [32m[1mLinking CXX executable Image_Topic_Subscribe[0m
[11.689s] [100%] Built target Image_Topic_Subscribe
[11.711s] Invoked command in '/home/vboxuser/robot/workdown/workdown_ws/build/image_topic' returned '0': AMENT_PREFIX_PATH=/home/vboxuser/robot/workdown/workdown_ws/install/aim_interfaces:${AMENT_PREFIX_PATH} CMAKE_PREFIX_PATH=/home/vboxuser/robot/workdown/workdown_ws/install/aim_interfaces:/opt/ros/humble LD_LIBRARY_PATH=/home/vboxuser/robot/workdown/workdown_ws/install/aim_interfaces/lib:${LD_LIBRARY_PATH} PYTHONPATH=/home/vboxuser/robot/workdown/workdown_ws/install/aim_interfaces/local/lib/python3.10/dist-packages:${PYTHONPATH} /usr/bin/cmake --build /home/vboxuser/robot/workdown/workdown_ws/build/image_topic -- -j4 -l4
[11.712s] Invoking command in '/home/vboxuser/robot/workdown/workdown_ws/build/image_topic': AMENT_PREFIX_PATH=/home/vboxuser/robot/workdown/workdown_ws/install/aim_interfaces:${AMENT_PREFIX_PATH} CMAKE_PREFIX_PATH=/home/vboxuser/robot/workdown/workdown_ws/install/aim_interfaces:/opt/ros/humble LD_LIBRARY_PATH=/home/vboxuser/robot/workdown/workdown_ws/install/aim_interfaces/lib:${LD_LIBRARY_PATH} PYTHONPATH=/home/vboxuser/robot/workdown/workdown_ws/install/aim_interfaces/local/lib/python3.10/dist-packages:${PYTHONPATH} /usr/bin/cmake --install /home/vboxuser/robot/workdown/workdown_ws/build/image_topic
[11.721s] -- Install configuration: ""
[11.722s] -- Up-to-date: /home/vboxuser/robot/workdown/workdown_ws/install/image_topic/share/ament_index/resource_index/package_run_dependencies/image_topic
[11.722s] -- Up-to-date: /home/vboxuser/robot/workdown/workdown_ws/install/image_topic/share/ament_index/resource_index/parent_prefix_path/image_topic
[11.722s] -- Up-to-date: /home/vboxuser/robot/workdown/workdown_ws/install/image_topic/share/image_topic/environment/ament_prefix_path.sh
[11.722s] -- Installing: /home/vboxuser/robot/workdown/workdown_ws/install/image_topic/share/image_topic/environment/ament_prefix_path.dsv
[11.722s] -- Up-to-date: /home/vboxuser/robot/workdown/workdown_ws/install/image_topic/share/image_topic/environment/path.sh
[11.722s] -- Installing: /home/vboxuser/robot/workdown/workdown_ws/install/image_topic/share/image_topic/environment/path.dsv
[11.726s] -- Up-to-date: /home/vboxuser/robot/workdown/workdown_ws/install/image_topic/share/image_topic/local_setup.bash
[11.726s] -- Up-to-date: /home/vboxuser/robot/workdown/workdown_ws/install/image_topic/share/image_topic/local_setup.sh
[11.726s] -- Up-to-date: /home/vboxuser/robot/workdown/workdown_ws/install/image_topic/share/image_topic/local_setup.zsh
[11.726s] -- Installing: /home/vboxuser/robot/workdown/workdown_ws/install/image_topic/share/image_topic/local_setup.dsv
[11.726s] -- Installing: /home/vboxuser/robot/workdown/workdown_ws/install/image_topic/share/image_topic/package.dsv
[11.726s] -- Up-to-date: /home/vboxuser/robot/workdown/workdown_ws/install/image_topic/share/ament_index/resource_index/packages/image_topic
[11.726s] -- Up-to-date: /home/vboxuser/robot/workdown/workdown_ws/install/image_topic/share/image_topic/cmake/image_topicConfig.cmake
[11.726s] -- Up-to-date: /home/vboxuser/robot/workdown/workdown_ws/install/image_topic/share/image_topic/cmake/image_topicConfig-version.cmake
[11.726s] -- Up-to-date: /home/vboxuser/robot/workdown/workdown_ws/install/image_topic/share/image_topic/package.xml
[11.726s] -- Up-to-date: /home/vboxuser/robot/workdown/workdown_ws/install/image_topic/lib/image_topic/Image_Topic_Publisher
[11.726s] -- Installing: /home/vboxuser/robot/workdown/workdown_ws/install/image_topic/lib/image_topic/Image_Topic_Subscribe
[11.732s] -- Set runtime path of "/home/vboxuser/robot/workdown/workdown_ws/install/image_topic/lib/image_topic/Image_Topic_Subscribe" to ""
[11.735s] Invoked command in '/home/vboxuser/robot/workdown/workdown_ws/build/image_topic' returned '0': AMENT_PREFIX_PATH=/home/vboxuser/robot/workdown/workdown_ws/install/aim_interfaces:${AMENT_PREFIX_PATH} CMAKE_PREFIX_PATH=/home/vboxuser/robot/workdown/workdown_ws/install/aim_interfaces:/opt/ros/humble LD_LIBRARY_PATH=/home/vboxuser/robot/workdown/workdown_ws/install/aim_interfaces/lib:${LD_LIBRARY_PATH} PYTHONPATH=/home/vboxuser/robot/workdown/workdown_ws/install/aim_interfaces/local/lib/python3.10/dist-packages:${PYTHONPATH} /usr/bin/cmake --install /home/vboxuser/robot/workdown/workdown_ws/build/image_topic
