[0.103s] DEBUG:colcon:Command line arguments: ['/usr/bin/colcon', 'build', '--packages-select', 'aim_interfaces']
[0.103s] DEBUG:colcon:Parsed command line arguments: Namespace(log_base=None, log_level=None, verb_name='build', build_base='build', install_base='install', merge_install=False, symlink_install=False, test_result_base=None, continue_on_error=False, executor='parallel', parallel_workers=4, event_handlers=None, ignore_user_meta=False, metas=['./colcon.meta'], base_paths=['.'], packages_ignore=None, packages_ignore_regex=None, paths=None, packages_up_to=None, packages_up_to_regex=None, packages_above=None, packages_above_and_dependencies=None, packages_above_depth=None, packages_select_by_dep=None, packages_skip_by_dep=None, packages_skip_up_to=None, packages_select_build_failed=False, packages_skip_build_finished=False, packages_select_test_failures=False, packages_skip_test_passed=False, packages_select=['aim_interfaces'], packages_skip=None, packages_select_regex=None, packages_skip_regex=None, packages_start=None, packages_end=None, allow_overriding=[], cmake_args=None, cmake_target=None, cmake_target_skip_unavailable=False, cmake_clean_cache=False, cmake_clean_first=False, cmake_force_configure=False, ament_cmake_args=None, catkin_cmake_args=None, catkin_skip_building_tests=False, verb_parser=<colcon_defaults.argument_parser.defaults.DefaultArgumentsDecorator object at 0x780cb4c1f8b0>, verb_extension=<colcon_core.verb.build.BuildVerb object at 0x780cb4c1f3d0>, main=<bound method BuildVerb.main of <colcon_core.verb.build.BuildVerb object at 0x780cb4c1f3d0>>)
[0.247s] Level 1:colcon.colcon_core.package_discovery:discover_packages(colcon_meta) check parameters
[0.247s] Level 1:colcon.colcon_core.package_discovery:discover_packages(recursive) check parameters
[0.247s] Level 1:colcon.colcon_core.package_discovery:discover_packages(ignore) check parameters
[0.247s] Level 1:colcon.colcon_core.package_discovery:discover_packages(path) check parameters
[0.247s] Level 1:colcon.colcon_core.package_discovery:discover_packages(colcon_meta) discover
[0.247s] Level 1:colcon.colcon_core.package_discovery:discover_packages(recursive) discover
[0.247s] INFO:colcon.colcon_core.package_discovery:Crawling recursively for packages in '/home/vboxuser/robot/workdown/workdown_ws'
[0.247s] Level 1:colcon.colcon_core.package_identification:_identify(.) by extensions ['ignore', 'ignore_ament_install']
[0.248s] Level 1:colcon.colcon_core.package_identification:_identify(.) by extension 'ignore'
[0.248s] Level 1:colcon.colcon_core.package_identification:_identify(.) by extension 'ignore_ament_install'
[0.248s] Level 1:colcon.colcon_core.package_identification:_identify(.) by extensions ['colcon_pkg']
[0.248s] Level 1:colcon.colcon_core.package_identification:_identify(.) by extension 'colcon_pkg'
[0.248s] Level 1:colcon.colcon_core.package_identification:_identify(.) by extensions ['colcon_meta']
[0.248s] Level 1:colcon.colcon_core.package_identification:_identify(.) by extension 'colcon_meta'
[0.248s] Level 1:colcon.colcon_core.package_identification:_identify(.) by extensions ['ros']
[0.248s] Level 1:colcon.colcon_core.package_identification:_identify(.) by extension 'ros'
[0.258s] Level 1:colcon.colcon_core.package_identification:_identify(.) by extensions ['cmake', 'python']
[0.258s] Level 1:colcon.colcon_core.package_identification:_identify(.) by extension 'cmake'
[0.258s] Level 1:colcon.colcon_core.package_identification:_identify(.) by extension 'python'
[0.258s] Level 1:colcon.colcon_core.package_identification:_identify(.) by extensions ['python_setup_py']
[0.258s] Level 1:colcon.colcon_core.package_identification:_identify(.) by extension 'python_setup_py'
[0.258s] Level 1:colcon.colcon_core.package_identification:_identify(aim_interfaces) by extensions ['ignore', 'ignore_ament_install']
[0.259s] Level 1:colcon.colcon_core.package_identification:_identify(aim_interfaces) by extension 'ignore'
[0.259s] Level 1:colcon.colcon_core.package_identification:_identify(aim_interfaces) by extension 'ignore_ament_install'
[0.259s] Level 1:colcon.colcon_core.package_identification:_identify(aim_interfaces) by extensions ['colcon_pkg']
[0.259s] Level 1:colcon.colcon_core.package_identification:_identify(aim_interfaces) by extension 'colcon_pkg'
[0.259s] Level 1:colcon.colcon_core.package_identification:_identify(aim_interfaces) by extensions ['colcon_meta']
[0.259s] Level 1:colcon.colcon_core.package_identification:_identify(aim_interfaces) by extension 'colcon_meta'
[0.259s] Level 1:colcon.colcon_core.package_identification:_identify(aim_interfaces) by extensions ['ros']
[0.260s] Level 1:colcon.colcon_core.package_identification:_identify(aim_interfaces) by extension 'ros'
[0.261s] DEBUG:colcon.colcon_core.package_identification:Package 'aim_interfaces' with type 'ros.ament_cmake' and name 'aim_interfaces'
[0.262s] Level 1:colcon.colcon_core.package_identification:_identify(build) by extensions ['ignore', 'ignore_ament_install']
[0.262s] Level 1:colcon.colcon_core.package_identification:_identify(build) by extension 'ignore'
[0.262s] Level 1:colcon.colcon_core.package_identification:_identify(build) ignored
[0.262s] Level 1:colcon.colcon_core.package_identification:_identify(image_topic) by extensions ['ignore', 'ignore_ament_install']
[0.262s] Level 1:colcon.colcon_core.package_identification:_identify(image_topic) by extension 'ignore'
[0.262s] Level 1:colcon.colcon_core.package_identification:_identify(image_topic) by extension 'ignore_ament_install'
[0.262s] Level 1:colcon.colcon_core.package_identification:_identify(image_topic) by extensions ['colcon_pkg']
[0.262s] Level 1:colcon.colcon_core.package_identification:_identify(image_topic) by extension 'colcon_pkg'
[0.262s] Level 1:colcon.colcon_core.package_identification:_identify(image_topic) by extensions ['colcon_meta']
[0.263s] Level 1:colcon.colcon_core.package_identification:_identify(image_topic) by extension 'colcon_meta'
[0.263s] Level 1:colcon.colcon_core.package_identification:_identify(image_topic) by extensions ['ros']
[0.263s] Level 1:colcon.colcon_core.package_identification:_identify(image_topic) by extension 'ros'
[0.263s] DEBUG:colcon.colcon_core.package_identification:Package 'image_topic' with type 'ros.ament_cmake' and name 'image_topic'
[0.263s] Level 1:colcon.colcon_core.package_identification:_identify(install) by extensions ['ignore', 'ignore_ament_install']
[0.264s] Level 1:colcon.colcon_core.package_identification:_identify(install) by extension 'ignore'
[0.264s] Level 1:colcon.colcon_core.package_identification:_identify(install) ignored
[0.264s] Level 1:colcon.colcon_core.package_identification:_identify(log) by extensions ['ignore', 'ignore_ament_install']
[0.264s] Level 1:colcon.colcon_core.package_identification:_identify(log) by extension 'ignore'
[0.264s] Level 1:colcon.colcon_core.package_identification:_identify(log) ignored
[0.264s] Level 1:colcon.colcon_core.package_discovery:discover_packages(recursive) using defaults
[0.264s] Level 1:colcon.colcon_core.package_discovery:discover_packages(ignore) discover
[0.264s] Level 1:colcon.colcon_core.package_discovery:discover_packages(ignore) using defaults
[0.264s] Level 1:colcon.colcon_core.package_discovery:discover_packages(path) discover
[0.264s] Level 1:colcon.colcon_core.package_discovery:discover_packages(path) using defaults
[0.280s] INFO:colcon.colcon_core.package_selection:Skipping not selected package 'image_topic' in 'image_topic'
[0.281s] Level 1:colcon.colcon_core.package_discovery:discover_packages(prefix_path) check parameters
[0.281s] Level 1:colcon.colcon_core.package_discovery:discover_packages(prefix_path) discover
[0.284s] DEBUG:colcon.colcon_installed_package_information.package_discovery:Found 295 installed packages in /opt/ros/humble
[0.294s] Level 1:colcon.colcon_core.package_discovery:discover_packages(prefix_path) using defaults
[0.329s] Level 5:colcon.colcon_core.verb:set package 'aim_interfaces' build argument 'cmake_args' from command line to 'None'
[0.330s] Level 5:colcon.colcon_core.verb:set package 'aim_interfaces' build argument 'cmake_target' from command line to 'None'
[0.330s] Level 5:colcon.colcon_core.verb:set package 'aim_interfaces' build argument 'cmake_target_skip_unavailable' from command line to 'False'
[0.330s] Level 5:colcon.colcon_core.verb:set package 'aim_interfaces' build argument 'cmake_clean_cache' from command line to 'False'
[0.330s] Level 5:colcon.colcon_core.verb:set package 'aim_interfaces' build argument 'cmake_clean_first' from command line to 'False'
[0.330s] Level 5:colcon.colcon_core.verb:set package 'aim_interfaces' build argument 'cmake_force_configure' from command line to 'False'
[0.330s] Level 5:colcon.colcon_core.verb:set package 'aim_interfaces' build argument 'ament_cmake_args' from command line to 'None'
[0.330s] Level 5:colcon.colcon_core.verb:set package 'aim_interfaces' build argument 'catkin_cmake_args' from command line to 'None'
[0.330s] Level 5:colcon.colcon_core.verb:set package 'aim_interfaces' build argument 'catkin_skip_building_tests' from command line to 'False'
[0.330s] DEBUG:colcon.colcon_core.verb:Building package 'aim_interfaces' with the following arguments: {'ament_cmake_args': None, 'build_base': '/home/vboxuser/robot/workdown/workdown_ws/build/aim_interfaces', 'catkin_cmake_args': None, 'catkin_skip_building_tests': False, 'cmake_args': None, 'cmake_clean_cache': False, 'cmake_clean_first': False, 'cmake_force_configure': False, 'cmake_target': None, 'cmake_target_skip_unavailable': False, 'install_base': '/home/vboxuser/robot/workdown/workdown_ws/install/aim_interfaces', 'merge_install': False, 'path': '/home/vboxuser/robot/workdown/workdown_ws/aim_interfaces', 'symlink_install': False, 'test_result_base': None}
[0.330s] INFO:colcon.colcon_core.executor:Executing jobs using 'parallel' executor
[0.332s] DEBUG:colcon.colcon_parallel_executor.executor.parallel:run_until_complete
[0.332s] INFO:colcon.colcon_ros.task.ament_cmake.build:Building ROS package in '/home/vboxuser/robot/workdown/workdown_ws/aim_interfaces' with build type 'ament_cmake'
[0.332s] INFO:colcon.colcon_cmake.task.cmake.build:Building CMake package in '/home/vboxuser/robot/workdown/workdown_ws/aim_interfaces'
[0.336s] INFO:colcon.colcon_core.plugin_system:Skipping extension 'colcon_core.shell.bat': Not used on non-Windows systems
[0.336s] INFO:colcon.colcon_core.shell:Skip shell extension 'powershell' for command environment: Not usable outside of PowerShell
[0.336s] DEBUG:colcon.colcon_core.shell:Skip shell extension 'dsv' for command environment
[0.350s] DEBUG:colcon.colcon_core.event_handler.log_command:Invoking command in '/home/vboxuser/robot/workdown/workdown_ws/build/aim_interfaces': CMAKE_PREFIX_PATH=/opt/ros/humble /usr/bin/cmake --build /home/vboxuser/robot/workdown/workdown_ws/build/aim_interfaces -- -j4 -l4
[4.139s] DEBUG:colcon.colcon_core.event_handler.log_command:Invoked command in '/home/vboxuser/robot/workdown/workdown_ws/build/aim_interfaces' returned '0': CMAKE_PREFIX_PATH=/opt/ros/humble /usr/bin/cmake --build /home/vboxuser/robot/workdown/workdown_ws/build/aim_interfaces -- -j4 -l4
[4.152s] DEBUG:colcon.colcon_core.event_handler.log_command:Invoking command in '/home/vboxuser/robot/workdown/workdown_ws/build/aim_interfaces': CMAKE_PREFIX_PATH=/opt/ros/humble /usr/bin/cmake --install /home/vboxuser/robot/workdown/workdown_ws/build/aim_interfaces
[4.236s] Level 1:colcon.colcon_core.environment:create_environment_scripts_only(aim_interfaces)
[4.237s] DEBUG:colcon.colcon_core.event_handler.log_command:Invoked command in '/home/vboxuser/robot/workdown/workdown_ws/build/aim_interfaces' returned '0': CMAKE_PREFIX_PATH=/opt/ros/humble /usr/bin/cmake --install /home/vboxuser/robot/workdown/workdown_ws/build/aim_interfaces
[4.240s] Level 1:colcon.colcon_core.environment:checking '/home/vboxuser/robot/workdown/workdown_ws/install/aim_interfaces' for CMake module files
[4.240s] Level 1:colcon.colcon_core.environment:checking '/home/vboxuser/robot/workdown/workdown_ws/install/aim_interfaces' for CMake config files
[4.241s] Level 1:colcon.colcon_core.shell:create_environment_hook('aim_interfaces', 'cmake_prefix_path')
[4.241s] INFO:colcon.colcon_core.shell:Creating environment hook '/home/vboxuser/robot/workdown/workdown_ws/install/aim_interfaces/share/aim_interfaces/hook/cmake_prefix_path.ps1'
[4.243s] INFO:colcon.colcon_core.shell:Creating environment descriptor '/home/vboxuser/robot/workdown/workdown_ws/install/aim_interfaces/share/aim_interfaces/hook/cmake_prefix_path.dsv'
[4.244s] INFO:colcon.colcon_core.shell:Creating environment hook '/home/vboxuser/robot/workdown/workdown_ws/install/aim_interfaces/share/aim_interfaces/hook/cmake_prefix_path.sh'
[4.245s] Level 1:colcon.colcon_core.environment:checking '/home/vboxuser/robot/workdown/workdown_ws/install/aim_interfaces/lib'
[4.246s] Level 1:colcon.colcon_core.shell:create_environment_hook('aim_interfaces', 'ld_library_path_lib')
[4.246s] INFO:colcon.colcon_core.shell:Creating environment hook '/home/vboxuser/robot/workdown/workdown_ws/install/aim_interfaces/share/aim_interfaces/hook/ld_library_path_lib.ps1'
[4.246s] INFO:colcon.colcon_core.shell:Creating environment descriptor '/home/vboxuser/robot/workdown/workdown_ws/install/aim_interfaces/share/aim_interfaces/hook/ld_library_path_lib.dsv'
[4.247s] INFO:colcon.colcon_core.shell:Creating environment hook '/home/vboxuser/robot/workdown/workdown_ws/install/aim_interfaces/share/aim_interfaces/hook/ld_library_path_lib.sh'
[4.247s] Level 1:colcon.colcon_core.environment:checking '/home/vboxuser/robot/workdown/workdown_ws/install/aim_interfaces/bin'
[4.249s] Level 1:colcon.colcon_core.environment:checking '/home/vboxuser/robot/workdown/workdown_ws/install/aim_interfaces/lib/pkgconfig/aim_interfaces.pc'
[4.249s] Level 1:colcon.colcon_core.environment:checking '/home/vboxuser/robot/workdown/workdown_ws/install/aim_interfaces/lib/python3.10/site-packages'
[4.249s] Level 1:colcon.colcon_core.environment:checking '/home/vboxuser/robot/workdown/workdown_ws/install/aim_interfaces/bin'
[4.250s] INFO:colcon.colcon_core.shell:Creating package script '/home/vboxuser/robot/workdown/workdown_ws/install/aim_interfaces/share/aim_interfaces/package.ps1'
[4.251s] INFO:colcon.colcon_core.shell:Creating package descriptor '/home/vboxuser/robot/workdown/workdown_ws/install/aim_interfaces/share/aim_interfaces/package.dsv'
[4.251s] INFO:colcon.colcon_core.shell:Creating package script '/home/vboxuser/robot/workdown/workdown_ws/install/aim_interfaces/share/aim_interfaces/package.sh'
[4.252s] INFO:colcon.colcon_core.shell:Creating package script '/home/vboxuser/robot/workdown/workdown_ws/install/aim_interfaces/share/aim_interfaces/package.bash'
[4.253s] INFO:colcon.colcon_core.shell:Creating package script '/home/vboxuser/robot/workdown/workdown_ws/install/aim_interfaces/share/aim_interfaces/package.zsh'
[4.253s] Level 1:colcon.colcon_core.environment:create_file_with_runtime_dependencies(/home/vboxuser/robot/workdown/workdown_ws/install/aim_interfaces/share/colcon-core/packages/aim_interfaces)
[4.254s] Level 1:colcon.colcon_core.environment:create_environment_scripts_only(aim_interfaces)
[4.255s] Level 1:colcon.colcon_core.environment:checking '/home/vboxuser/robot/workdown/workdown_ws/install/aim_interfaces' for CMake module files
[4.255s] Level 1:colcon.colcon_core.environment:checking '/home/vboxuser/robot/workdown/workdown_ws/install/aim_interfaces' for CMake config files
[4.256s] Level 1:colcon.colcon_core.shell:create_environment_hook('aim_interfaces', 'cmake_prefix_path')
[4.256s] INFO:colcon.colcon_core.shell:Creating environment hook '/home/vboxuser/robot/workdown/workdown_ws/install/aim_interfaces/share/aim_interfaces/hook/cmake_prefix_path.ps1'
[4.257s] INFO:colcon.colcon_core.shell:Creating environment descriptor '/home/vboxuser/robot/workdown/workdown_ws/install/aim_interfaces/share/aim_interfaces/hook/cmake_prefix_path.dsv'
[4.257s] INFO:colcon.colcon_core.shell:Creating environment hook '/home/vboxuser/robot/workdown/workdown_ws/install/aim_interfaces/share/aim_interfaces/hook/cmake_prefix_path.sh'
[4.258s] Level 1:colcon.colcon_core.environment:checking '/home/vboxuser/robot/workdown/workdown_ws/install/aim_interfaces/lib'
[4.258s] Level 1:colcon.colcon_core.shell:create_environment_hook('aim_interfaces', 'ld_library_path_lib')
[4.258s] INFO:colcon.colcon_core.shell:Creating environment hook '/home/vboxuser/robot/workdown/workdown_ws/install/aim_interfaces/share/aim_interfaces/hook/ld_library_path_lib.ps1'
[4.259s] INFO:colcon.colcon_core.shell:Creating environment descriptor '/home/vboxuser/robot/workdown/workdown_ws/install/aim_interfaces/share/aim_interfaces/hook/ld_library_path_lib.dsv'
[4.259s] INFO:colcon.colcon_core.shell:Creating environment hook '/home/vboxuser/robot/workdown/workdown_ws/install/aim_interfaces/share/aim_interfaces/hook/ld_library_path_lib.sh'
[4.260s] Level 1:colcon.colcon_core.environment:checking '/home/vboxuser/robot/workdown/workdown_ws/install/aim_interfaces/bin'
[4.260s] Level 1:colcon.colcon_core.environment:checking '/home/vboxuser/robot/workdown/workdown_ws/install/aim_interfaces/lib/pkgconfig/aim_interfaces.pc'
[4.260s] Level 1:colcon.colcon_core.environment:checking '/home/vboxuser/robot/workdown/workdown_ws/install/aim_interfaces/lib/python3.10/site-packages'
[4.260s] Level 1:colcon.colcon_core.environment:checking '/home/vboxuser/robot/workdown/workdown_ws/install/aim_interfaces/bin'
[4.261s] INFO:colcon.colcon_core.shell:Creating package script '/home/vboxuser/robot/workdown/workdown_ws/install/aim_interfaces/share/aim_interfaces/package.ps1'
[4.261s] INFO:colcon.colcon_core.shell:Creating package descriptor '/home/vboxuser/robot/workdown/workdown_ws/install/aim_interfaces/share/aim_interfaces/package.dsv'
[4.262s] INFO:colcon.colcon_core.shell:Creating package script '/home/vboxuser/robot/workdown/workdown_ws/install/aim_interfaces/share/aim_interfaces/package.sh'
[4.263s] INFO:colcon.colcon_core.shell:Creating package script '/home/vboxuser/robot/workdown/workdown_ws/install/aim_interfaces/share/aim_interfaces/package.bash'
[4.263s] INFO:colcon.colcon_core.shell:Creating package script '/home/vboxuser/robot/workdown/workdown_ws/install/aim_interfaces/share/aim_interfaces/package.zsh'
[4.264s] Level 1:colcon.colcon_core.environment:create_file_with_runtime_dependencies(/home/vboxuser/robot/workdown/workdown_ws/install/aim_interfaces/share/colcon-core/packages/aim_interfaces)
[4.264s] DEBUG:colcon.colcon_parallel_executor.executor.parallel:closing loop
[4.265s] DEBUG:colcon.colcon_parallel_executor.executor.parallel:loop closed
[4.265s] DEBUG:colcon.colcon_parallel_executor.executor.parallel:run_until_complete finished with '0'
[4.265s] DEBUG:colcon.colcon_core.event_reactor:joining thread
[4.270s] INFO:colcon.colcon_core.plugin_system:Skipping extension 'colcon_notification.desktop_notification.terminal_notifier': Not used on non-Darwin systems
[4.270s] INFO:colcon.colcon_core.plugin_system:Skipping extension 'colcon_notification.desktop_notification.win32': Not used on non-Windows systems
[4.270s] INFO:colcon.colcon_notification.desktop_notification:Sending desktop notification using 'notify2'
[4.289s] DEBUG:colcon.colcon_core.event_reactor:joined thread
[4.290s] INFO:colcon.colcon_core.shell:Creating prefix script '/home/vboxuser/robot/workdown/workdown_ws/install/local_setup.ps1'
[4.291s] INFO:colcon.colcon_core.shell:Creating prefix util module '/home/vboxuser/robot/workdown/workdown_ws/install/_local_setup_util_ps1.py'
[4.292s] INFO:colcon.colcon_core.shell:Creating prefix chain script '/home/vboxuser/robot/workdown/workdown_ws/install/setup.ps1'
[4.294s] INFO:colcon.colcon_core.shell:Creating prefix script '/home/vboxuser/robot/workdown/workdown_ws/install/local_setup.sh'
[4.294s] INFO:colcon.colcon_core.shell:Creating prefix util module '/home/vboxuser/robot/workdown/workdown_ws/install/_local_setup_util_sh.py'
[4.295s] INFO:colcon.colcon_core.shell:Creating prefix chain script '/home/vboxuser/robot/workdown/workdown_ws/install/setup.sh'
[4.296s] INFO:colcon.colcon_core.shell:Creating prefix script '/home/vboxuser/robot/workdown/workdown_ws/install/local_setup.bash'
[4.296s] INFO:colcon.colcon_core.shell:Creating prefix chain script '/home/vboxuser/robot/workdown/workdown_ws/install/setup.bash'
[4.297s] INFO:colcon.colcon_core.shell:Creating prefix script '/home/vboxuser/robot/workdown/workdown_ws/install/local_setup.zsh'
[4.298s] INFO:colcon.colcon_core.shell:Creating prefix chain script '/home/vboxuser/robot/workdown/workdown_ws/install/setup.zsh'
