[0.014s] Invoking command in '/home/vboxuser/robot/workdown/workdown_ws/build/aim_interfaces': CMAKE_PREFIX_PATH=/opt/ros/humble /usr/bin/cmake /home/vboxuser/robot/workdown/workdown_ws/aim_interfaces -DCMAKE_INSTALL_PREFIX=/home/vboxuser/robot/workdown/workdown_ws/install/aim_interfaces
[0.028s] -- Found ament_cmake: 1.3.11 (/opt/ros/humble/share/ament_cmake/cmake)
[0.153s] -- Found ament_lint_auto: 0.12.12 (/opt/ros/humble/share/ament_lint_auto/cmake)
[0.217s] -- Found geometry_msgs: 4.9.0 (/opt/ros/humble/share/geometry_msgs/cmake)
[0.243s] -- Found rosidl_generator_c: 3.1.6 (/opt/ros/humble/share/rosidl_generator_c/cmake)
[0.245s] -- Found rosidl_adapter: 3.1.6 (/opt/ros/humble/share/rosidl_adapter/cmake)
[0.251s] -- Found rosidl_generator_cpp: 3.1.6 (/opt/ros/humble/share/rosidl_generator_cpp/cmake)
[0.260s] -- Using all available rosidl_typesupport_c: rosidl_typesupport_fastrtps_c;rosidl_typesupport_introspection_c
[0.272s] -- Using all available rosidl_typesupport_cpp: rosidl_typesupport_fastrtps_cpp;rosidl_typesupport_introspection_cpp
[0.303s] -- Found rosidl_default_generators: 1.2.0 (/opt/ros/humble/share/rosidl_default_generators/cmake)
[0.506s] [31mCMake Error at /opt/ros/humble/share/rosidl_adapter/cmake/rosidl_adapt_interfaces.cmake:59 (message):
[0.506s]   execute_process(/usr/bin/python3 -m rosidl_adapter --package-name
[0.506s]   aim_interfaces --arguments-file
[0.506s]   /home/vboxuser/robot/workdown/workdown_ws/build/aim_interfaces/rosidl_adapter__arguments__aim_interfaces.json
[0.506s]   --output-dir
[0.506s]   /home/vboxuser/robot/workdown/workdown_ws/build/aim_interfaces/rosidl_adapter/aim_interfaces
[0.506s]   --output-file
[0.506s]   /home/vboxuser/robot/workdown/workdown_ws/build/aim_interfaces/rosidl_adapter/aim_interfaces.idls)
[0.506s]   returned error code 1:
[0.506s] 
[0.506s]   Traceback (most recent call last):
[0.506s] 
[0.507s]     File "/usr/lib/python3.10/runpy.py", line 196, in _run_module_as_main
[0.507s]       return _run_code(code, main_globals, None,
[0.507s]     File "/usr/lib/python3.10/runpy.py", line 86, in _run_code
[0.507s]       exec(code, run_globals)
[0.507s]     File "/opt/ros/humble/local/lib/python3.10/dist-packages/rosidl_adapter/__main__.py", line 19, in <module>
[0.507s]       sys.exit(main())
[0.507s]     File "/opt/ros/humble/local/lib/python3.10/dist-packages/rosidl_adapter/main.py", line 53, in main
[0.507s]       abs_idl_file = convert_to_idl(
[0.507s]     File "/opt/ros/humble/local/lib/python3.10/dist-packages/rosidl_adapter/__init__.py", line 19, in convert_to_idl
[0.507s]       return convert_msg_to_idl(
[0.507s]     File "/opt/ros/humble/local/lib/python3.10/dist-packages/rosidl_adapter/msg/__init__.py", line 28, in convert_msg_to_idl
[0.507s]       msg = parse_message_string(package_name, input_file.stem, content)
[0.507s]     File "/opt/ros/humble/local/lib/python3.10/dist-packages/rosidl_adapter/parser.py", line 544, in parse_message_string
[0.507s]       msg = MessageSpecification(pkg_name, msg_name, fields, constants)
[0.507s]     File "/opt/ros/humble/local/lib/python3.10/dist-packages/rosidl_adapter/parser.py", line 388, in __init__
[0.507s]       self.base_type = BaseType(
[0.507s]     File "/opt/ros/humble/local/lib/python3.10/dist-packages/rosidl_adapter/parser.py", line 205, in __init__
[0.507s]       raise InvalidResourceName(
[0.508s] 
[0.508s]   rosidl_adapter.parser.InvalidResourceName: 'aim_info' is an invalid message
[0.508s]   name.  It should have the pattern '^[A-Z][A-Za-z0-9]*$'
[0.508s] 
[0.508s] Call Stack (most recent call first):
[0.508s]   /opt/ros/humble/share/rosidl_cmake/cmake/rosidl_generate_interfaces.cmake:130 (rosidl_adapt_interfaces)
[0.508s]   CMakeLists.txt:29 (rosidl_generate_interfaces)
[0.508s] 
[0.508s] [0m
[0.508s] -- Configuring incomplete, errors occurred!
[0.508s] See also "/home/vboxuser/robot/workdown/workdown_ws/build/aim_interfaces/CMakeFiles/CMakeOutput.log".
[0.514s] Invoked command in '/home/vboxuser/robot/workdown/workdown_ws/build/aim_interfaces' returned '1': CMAKE_PREFIX_PATH=/opt/ros/humble /usr/bin/cmake /home/vboxuser/robot/workdown/workdown_ws/aim_interfaces -DCMAKE_INSTALL_PREFIX=/home/vboxuser/robot/workdown/workdown_ws/install/aim_interfaces
