[0.014s] Invoking command in '/home/vboxuser/robot/workdown/workdown_ws/build/aim_interfaces': CMAKE_PREFIX_PATH=/opt/ros/humble /usr/bin/cmake --build /home/vboxuser/robot/workdown/workdown_ws/build/aim_interfaces -- -j4 -l4
[0.102s] [  9%] Built target aim_interfaces__rosidl_generator_c
[0.102s] [ 12%] Built target aim_interfaces__cpp
[0.129s] [ 12%] Built target ament_cmake_python_copy_aim_interfaces
[0.150s] [ 22%] Built target aim_interfaces__rosidl_typesupport_introspection_c
[0.152s] [ 32%] Built target aim_interfaces__rosidl_typesupport_fastrtps_c
[0.165s] [ 41%] Built target aim_interfaces__rosidl_typesupport_c
[0.177s] [ 51%] Built target aim_interfaces__rosidl_typesupport_fastrtps_cpp
[0.194s] [ 61%] Built target aim_interfaces__rosidl_typesupport_introspection_cpp
[0.224s] [ 70%] Built target aim_interfaces__rosidl_typesupport_cpp
[0.272s] [ 70%] Built target aim_interfaces
[0.305s] [ 74%] Built target aim_interfaces__py
[0.344s] [ 80%] Built target aim_interfaces__rosidl_generator_py
[0.418s] [ 87%] Built target aim_interfaces__rosidl_typesupport_fastrtps_c__pyext
[0.420s] [ 93%] Built target aim_interfaces__rosidl_typesupport_introspection_c__pyext
[0.421s] [100%] Built target aim_interfaces__rosidl_typesupport_c__pyext
[0.452s] running egg_info
[0.452s] writing aim_interfaces.egg-info/PKG-INFO
[0.453s] writing dependency_links to aim_interfaces.egg-info/dependency_links.txt
[0.453s] writing top-level names to aim_interfaces.egg-info/top_level.txt
[0.453s] reading manifest file 'aim_interfaces.egg-info/SOURCES.txt'
[0.453s] writing manifest file 'aim_interfaces.egg-info/SOURCES.txt'
[0.488s] [100%] Built target ament_cmake_python_build_aim_interfaces_egg
[0.511s] Invoked command in '/home/vboxuser/robot/workdown/workdown_ws/build/aim_interfaces' returned '0': CMAKE_PREFIX_PATH=/opt/ros/humble /usr/bin/cmake --build /home/vboxuser/robot/workdown/workdown_ws/build/aim_interfaces -- -j4 -l4
[0.530s] Invoking command in '/home/vboxuser/robot/workdown/workdown_ws/build/aim_interfaces': CMAKE_PREFIX_PATH=/opt/ros/humble /usr/bin/cmake --install /home/vboxuser/robot/workdown/workdown_ws/build/aim_interfaces
[0.537s] -- Install configuration: ""
[0.537s] -- Up-to-date: /home/vboxuser/robot/workdown/workdown_ws/install/aim_interfaces/share/ament_index/resource_index/rosidl_interfaces/aim_interfaces
[0.543s] -- Up-to-date: /home/vboxuser/robot/workdown/workdown_ws/install/aim_interfaces/include/aim_interfaces/aim_interfaces
[0.544s] -- Up-to-date: /home/vboxuser/robot/workdown/workdown_ws/install/aim_interfaces/include/aim_interfaces/aim_interfaces/msg
[0.544s] -- Up-to-date: /home/vboxuser/robot/workdown/workdown_ws/install/aim_interfaces/include/aim_interfaces/aim_interfaces/msg/rosidl_generator_c__visibility_control.h
[0.544s] -- Up-to-date: /home/vboxuser/robot/workdown/workdown_ws/install/aim_interfaces/include/aim_interfaces/aim_interfaces/msg/detail
[0.544s] -- Up-to-date: /home/vboxuser/robot/workdown/workdown_ws/install/aim_interfaces/include/aim_interfaces/aim_interfaces/msg/detail/aim_info__struct.h
[0.544s] -- Up-to-date: /home/vboxuser/robot/workdown/workdown_ws/install/aim_interfaces/include/aim_interfaces/aim_interfaces/msg/detail/aim_info__type_support.h
[0.544s] -- Up-to-date: /home/vboxuser/robot/workdown/workdown_ws/install/aim_interfaces/include/aim_interfaces/aim_interfaces/msg/detail/aim_info__functions.c
[0.544s] -- Up-to-date: /home/vboxuser/robot/workdown/workdown_ws/install/aim_interfaces/include/aim_interfaces/aim_interfaces/msg/detail/aim_info__functions.h
[0.544s] -- Up-to-date: /home/vboxuser/robot/workdown/workdown_ws/install/aim_interfaces/include/aim_interfaces/aim_interfaces/msg/aim_info.h
[0.544s] -- Up-to-date: /home/vboxuser/robot/workdown/workdown_ws/install/aim_interfaces/share/aim_interfaces/environment/library_path.sh
[0.545s] -- Up-to-date: /home/vboxuser/robot/workdown/workdown_ws/install/aim_interfaces/share/aim_interfaces/environment/library_path.dsv
[0.545s] -- Up-to-date: /home/vboxuser/robot/workdown/workdown_ws/install/aim_interfaces/lib/libaim_interfaces__rosidl_generator_c.so
[0.545s] -- Up-to-date: /home/vboxuser/robot/workdown/workdown_ws/install/aim_interfaces/include/aim_interfaces/aim_interfaces
[0.545s] -- Up-to-date: /home/vboxuser/robot/workdown/workdown_ws/install/aim_interfaces/include/aim_interfaces/aim_interfaces/msg
[0.545s] -- Up-to-date: /home/vboxuser/robot/workdown/workdown_ws/install/aim_interfaces/include/aim_interfaces/aim_interfaces/msg/rosidl_typesupport_fastrtps_c__visibility_control.h
[0.545s] -- Up-to-date: /home/vboxuser/robot/workdown/workdown_ws/install/aim_interfaces/include/aim_interfaces/aim_interfaces/msg/detail
[0.545s] -- Up-to-date: /home/vboxuser/robot/workdown/workdown_ws/install/aim_interfaces/include/aim_interfaces/aim_interfaces/msg/detail/aim_info__rosidl_typesupport_fastrtps_c.h
[0.545s] -- Up-to-date: /home/vboxuser/robot/workdown/workdown_ws/install/aim_interfaces/lib/libaim_interfaces__rosidl_typesupport_fastrtps_c.so
[0.545s] -- Up-to-date: /home/vboxuser/robot/workdown/workdown_ws/install/aim_interfaces/include/aim_interfaces/aim_interfaces
[0.545s] -- Up-to-date: /home/vboxuser/robot/workdown/workdown_ws/install/aim_interfaces/include/aim_interfaces/aim_interfaces/msg
[0.545s] -- Up-to-date: /home/vboxuser/robot/workdown/workdown_ws/install/aim_interfaces/include/aim_interfaces/aim_interfaces/msg/rosidl_typesupport_introspection_c__visibility_control.h
[0.545s] -- Up-to-date: /home/vboxuser/robot/workdown/workdown_ws/install/aim_interfaces/include/aim_interfaces/aim_interfaces/msg/detail
[0.545s] -- Up-to-date: /home/vboxuser/robot/workdown/workdown_ws/install/aim_interfaces/include/aim_interfaces/aim_interfaces/msg/detail/aim_info__type_support.c
[0.545s] -- Up-to-date: /home/vboxuser/robot/workdown/workdown_ws/install/aim_interfaces/include/aim_interfaces/aim_interfaces/msg/detail/aim_info__rosidl_typesupport_introspection_c.h
[0.545s] -- Up-to-date: /home/vboxuser/robot/workdown/workdown_ws/install/aim_interfaces/lib/libaim_interfaces__rosidl_typesupport_introspection_c.so
[0.545s] -- Up-to-date: /home/vboxuser/robot/workdown/workdown_ws/install/aim_interfaces/lib/libaim_interfaces__rosidl_typesupport_c.so
[0.545s] -- Up-to-date: /home/vboxuser/robot/workdown/workdown_ws/install/aim_interfaces/include/aim_interfaces/aim_interfaces
[0.545s] -- Up-to-date: /home/vboxuser/robot/workdown/workdown_ws/install/aim_interfaces/include/aim_interfaces/aim_interfaces/msg
[0.545s] -- Up-to-date: /home/vboxuser/robot/workdown/workdown_ws/install/aim_interfaces/include/aim_interfaces/aim_interfaces/msg/rosidl_generator_cpp__visibility_control.hpp
[0.545s] -- Up-to-date: /home/vboxuser/robot/workdown/workdown_ws/install/aim_interfaces/include/aim_interfaces/aim_interfaces/msg/detail
[0.546s] -- Up-to-date: /home/vboxuser/robot/workdown/workdown_ws/install/aim_interfaces/include/aim_interfaces/aim_interfaces/msg/detail/aim_info__traits.hpp
[0.546s] -- Up-to-date: /home/vboxuser/robot/workdown/workdown_ws/install/aim_interfaces/include/aim_interfaces/aim_interfaces/msg/detail/aim_info__type_support.hpp
[0.546s] -- Up-to-date: /home/vboxuser/robot/workdown/workdown_ws/install/aim_interfaces/include/aim_interfaces/aim_interfaces/msg/detail/aim_info__builder.hpp
[0.546s] -- Up-to-date: /home/vboxuser/robot/workdown/workdown_ws/install/aim_interfaces/include/aim_interfaces/aim_interfaces/msg/detail/aim_info__struct.hpp
[0.546s] -- Up-to-date: /home/vboxuser/robot/workdown/workdown_ws/install/aim_interfaces/include/aim_interfaces/aim_interfaces/msg/aim_info.hpp
[0.546s] -- Up-to-date: /home/vboxuser/robot/workdown/workdown_ws/install/aim_interfaces/include/aim_interfaces/aim_interfaces
[0.546s] -- Up-to-date: /home/vboxuser/robot/workdown/workdown_ws/install/aim_interfaces/include/aim_interfaces/aim_interfaces/msg
[0.546s] -- Up-to-date: /home/vboxuser/robot/workdown/workdown_ws/install/aim_interfaces/include/aim_interfaces/aim_interfaces/msg/detail
[0.546s] -- Up-to-date: /home/vboxuser/robot/workdown/workdown_ws/install/aim_interfaces/include/aim_interfaces/aim_interfaces/msg/detail/dds_fastrtps
[0.546s] -- Up-to-date: /home/vboxuser/robot/workdown/workdown_ws/install/aim_interfaces/include/aim_interfaces/aim_interfaces/msg/detail/aim_info__rosidl_typesupport_fastrtps_cpp.hpp
[0.546s] -- Up-to-date: /home/vboxuser/robot/workdown/workdown_ws/install/aim_interfaces/include/aim_interfaces/aim_interfaces/msg/rosidl_typesupport_fastrtps_cpp__visibility_control.h
[0.546s] -- Up-to-date: /home/vboxuser/robot/workdown/workdown_ws/install/aim_interfaces/lib/libaim_interfaces__rosidl_typesupport_fastrtps_cpp.so
[0.546s] -- Up-to-date: /home/vboxuser/robot/workdown/workdown_ws/install/aim_interfaces/include/aim_interfaces/aim_interfaces
[0.546s] -- Up-to-date: /home/vboxuser/robot/workdown/workdown_ws/install/aim_interfaces/include/aim_interfaces/aim_interfaces/msg
[0.546s] -- Up-to-date: /home/vboxuser/robot/workdown/workdown_ws/install/aim_interfaces/include/aim_interfaces/aim_interfaces/msg/detail
[0.546s] -- Up-to-date: /home/vboxuser/robot/workdown/workdown_ws/install/aim_interfaces/include/aim_interfaces/aim_interfaces/msg/detail/aim_info__type_support.cpp
[0.546s] -- Up-to-date: /home/vboxuser/robot/workdown/workdown_ws/install/aim_interfaces/include/aim_interfaces/aim_interfaces/msg/detail/aim_info__rosidl_typesupport_introspection_cpp.hpp
[0.546s] -- Up-to-date: /home/vboxuser/robot/workdown/workdown_ws/install/aim_interfaces/lib/libaim_interfaces__rosidl_typesupport_introspection_cpp.so
[0.546s] -- Up-to-date: /home/vboxuser/robot/workdown/workdown_ws/install/aim_interfaces/lib/libaim_interfaces__rosidl_typesupport_cpp.so
[0.546s] -- Up-to-date: /home/vboxuser/robot/workdown/workdown_ws/install/aim_interfaces/share/aim_interfaces/environment/pythonpath.sh
[0.546s] -- Up-to-date: /home/vboxuser/robot/workdown/workdown_ws/install/aim_interfaces/share/aim_interfaces/environment/pythonpath.dsv
[0.546s] -- Up-to-date: /home/vboxuser/robot/workdown/workdown_ws/install/aim_interfaces/local/lib/python3.10/dist-packages/aim_interfaces-0.0.0-py3.10.egg-info
[0.547s] -- Installing: /home/vboxuser/robot/workdown/workdown_ws/install/aim_interfaces/local/lib/python3.10/dist-packages/aim_interfaces-0.0.0-py3.10.egg-info/dependency_links.txt
[0.547s] -- Installing: /home/vboxuser/robot/workdown/workdown_ws/install/aim_interfaces/local/lib/python3.10/dist-packages/aim_interfaces-0.0.0-py3.10.egg-info/SOURCES.txt
[0.547s] -- Installing: /home/vboxuser/robot/workdown/workdown_ws/install/aim_interfaces/local/lib/python3.10/dist-packages/aim_interfaces-0.0.0-py3.10.egg-info/PKG-INFO
[0.547s] -- Installing: /home/vboxuser/robot/workdown/workdown_ws/install/aim_interfaces/local/lib/python3.10/dist-packages/aim_interfaces-0.0.0-py3.10.egg-info/top_level.txt
[0.547s] -- Up-to-date: /home/vboxuser/robot/workdown/workdown_ws/install/aim_interfaces/local/lib/python3.10/dist-packages/aim_interfaces
[0.547s] -- Up-to-date: /home/vboxuser/robot/workdown/workdown_ws/install/aim_interfaces/local/lib/python3.10/dist-packages/aim_interfaces/aim_interfaces_s__rosidl_typesupport_fastrtps_c.cpython-310-x86_64-linux-gnu.so
[0.547s] -- Up-to-date: /home/vboxuser/robot/workdown/workdown_ws/install/aim_interfaces/local/lib/python3.10/dist-packages/aim_interfaces/_aim_interfaces_s.ep.rosidl_typesupport_fastrtps_c.c
[0.547s] -- Up-to-date: /home/vboxuser/robot/workdown/workdown_ws/install/aim_interfaces/local/lib/python3.10/dist-packages/aim_interfaces/aim_interfaces_s__rosidl_typesupport_introspection_c.cpython-310-x86_64-linux-gnu.so
[0.547s] -- Up-to-date: /home/vboxuser/robot/workdown/workdown_ws/install/aim_interfaces/local/lib/python3.10/dist-packages/aim_interfaces/msg
[0.547s] -- Up-to-date: /home/vboxuser/robot/workdown/workdown_ws/install/aim_interfaces/local/lib/python3.10/dist-packages/aim_interfaces/msg/_aim_info.py
[0.547s] -- Up-to-date: /home/vboxuser/robot/workdown/workdown_ws/install/aim_interfaces/local/lib/python3.10/dist-packages/aim_interfaces/msg/__init__.py
[0.547s] -- Up-to-date: /home/vboxuser/robot/workdown/workdown_ws/install/aim_interfaces/local/lib/python3.10/dist-packages/aim_interfaces/msg/_aim_info_s.c
[0.547s] -- Up-to-date: /home/vboxuser/robot/workdown/workdown_ws/install/aim_interfaces/local/lib/python3.10/dist-packages/aim_interfaces/__init__.py
[0.547s] -- Up-to-date: /home/vboxuser/robot/workdown/workdown_ws/install/aim_interfaces/local/lib/python3.10/dist-packages/aim_interfaces/_aim_interfaces_s.ep.rosidl_typesupport_c.c
[0.547s] -- Up-to-date: /home/vboxuser/robot/workdown/workdown_ws/install/aim_interfaces/local/lib/python3.10/dist-packages/aim_interfaces/_aim_interfaces_s.ep.rosidl_typesupport_introspection_c.c
[0.547s] -- Up-to-date: /home/vboxuser/robot/workdown/workdown_ws/install/aim_interfaces/local/lib/python3.10/dist-packages/aim_interfaces/aim_interfaces_s__rosidl_typesupport_c.cpython-310-x86_64-linux-gnu.so
[0.547s] -- Up-to-date: /home/vboxuser/robot/workdown/workdown_ws/install/aim_interfaces/local/lib/python3.10/dist-packages/aim_interfaces/libaim_interfaces__rosidl_generator_py.so
[0.573s] Listing '/home/vboxuser/robot/workdown/workdown_ws/install/aim_interfaces/local/lib/python3.10/dist-packages/aim_interfaces'...
[0.573s] Listing '/home/vboxuser/robot/workdown/workdown_ws/install/aim_interfaces/local/lib/python3.10/dist-packages/aim_interfaces/msg'...
[0.581s] -- Up-to-date: /home/vboxuser/robot/workdown/workdown_ws/install/aim_interfaces/local/lib/python3.10/dist-packages/aim_interfaces/aim_interfaces_s__rosidl_typesupport_fastrtps_c.cpython-310-x86_64-linux-gnu.so
[0.587s] -- Up-to-date: /home/vboxuser/robot/workdown/workdown_ws/install/aim_interfaces/local/lib/python3.10/dist-packages/aim_interfaces/aim_interfaces_s__rosidl_typesupport_introspection_c.cpython-310-x86_64-linux-gnu.so
[0.589s] -- Up-to-date: /home/vboxuser/robot/workdown/workdown_ws/install/aim_interfaces/local/lib/python3.10/dist-packages/aim_interfaces/aim_interfaces_s__rosidl_typesupport_c.cpython-310-x86_64-linux-gnu.so
[0.590s] -- Up-to-date: /home/vboxuser/robot/workdown/workdown_ws/install/aim_interfaces/lib/libaim_interfaces__rosidl_generator_py.so
[0.591s] -- Up-to-date: /home/vboxuser/robot/workdown/workdown_ws/install/aim_interfaces/share/aim_interfaces/msg/AimInfo.idl
[0.591s] -- Up-to-date: /home/vboxuser/robot/workdown/workdown_ws/install/aim_interfaces/share/aim_interfaces/msg/AimInfo.msg
[0.591s] -- Up-to-date: /home/vboxuser/robot/workdown/workdown_ws/install/aim_interfaces/share/ament_index/resource_index/package_run_dependencies/aim_interfaces
[0.591s] -- Up-to-date: /home/vboxuser/robot/workdown/workdown_ws/install/aim_interfaces/share/ament_index/resource_index/parent_prefix_path/aim_interfaces
[0.591s] -- Up-to-date: /home/vboxuser/robot/workdown/workdown_ws/install/aim_interfaces/share/aim_interfaces/environment/ament_prefix_path.sh
[0.591s] -- Up-to-date: /home/vboxuser/robot/workdown/workdown_ws/install/aim_interfaces/share/aim_interfaces/environment/ament_prefix_path.dsv
[0.591s] -- Up-to-date: /home/vboxuser/robot/workdown/workdown_ws/install/aim_interfaces/share/aim_interfaces/environment/path.sh
[0.591s] -- Up-to-date: /home/vboxuser/robot/workdown/workdown_ws/install/aim_interfaces/share/aim_interfaces/environment/path.dsv
[0.591s] -- Up-to-date: /home/vboxuser/robot/workdown/workdown_ws/install/aim_interfaces/share/aim_interfaces/local_setup.bash
[0.591s] -- Up-to-date: /home/vboxuser/robot/workdown/workdown_ws/install/aim_interfaces/share/aim_interfaces/local_setup.sh
[0.591s] -- Up-to-date: /home/vboxuser/robot/workdown/workdown_ws/install/aim_interfaces/share/aim_interfaces/local_setup.zsh
[0.591s] -- Up-to-date: /home/vboxuser/robot/workdown/workdown_ws/install/aim_interfaces/share/aim_interfaces/local_setup.dsv
[0.591s] -- Installing: /home/vboxuser/robot/workdown/workdown_ws/install/aim_interfaces/share/aim_interfaces/package.dsv
[0.592s] -- Up-to-date: /home/vboxuser/robot/workdown/workdown_ws/install/aim_interfaces/share/ament_index/resource_index/packages/aim_interfaces
[0.592s] -- Up-to-date: /home/vboxuser/robot/workdown/workdown_ws/install/aim_interfaces/share/aim_interfaces/cmake/export_aim_interfaces__rosidl_generator_cExport.cmake
[0.592s] -- Up-to-date: /home/vboxuser/robot/workdown/workdown_ws/install/aim_interfaces/share/aim_interfaces/cmake/export_aim_interfaces__rosidl_generator_cExport-noconfig.cmake
[0.592s] -- Up-to-date: /home/vboxuser/robot/workdown/workdown_ws/install/aim_interfaces/share/aim_interfaces/cmake/export_aim_interfaces__rosidl_typesupport_fastrtps_cExport.cmake
[0.592s] -- Up-to-date: /home/vboxuser/robot/workdown/workdown_ws/install/aim_interfaces/share/aim_interfaces/cmake/export_aim_interfaces__rosidl_typesupport_fastrtps_cExport-noconfig.cmake
[0.592s] -- Up-to-date: /home/vboxuser/robot/workdown/workdown_ws/install/aim_interfaces/share/aim_interfaces/cmake/aim_interfaces__rosidl_typesupport_introspection_cExport.cmake
[0.592s] -- Up-to-date: /home/vboxuser/robot/workdown/workdown_ws/install/aim_interfaces/share/aim_interfaces/cmake/aim_interfaces__rosidl_typesupport_introspection_cExport-noconfig.cmake
[0.592s] -- Up-to-date: /home/vboxuser/robot/workdown/workdown_ws/install/aim_interfaces/share/aim_interfaces/cmake/aim_interfaces__rosidl_typesupport_cExport.cmake
[0.592s] -- Up-to-date: /home/vboxuser/robot/workdown/workdown_ws/install/aim_interfaces/share/aim_interfaces/cmake/aim_interfaces__rosidl_typesupport_cExport-noconfig.cmake
[0.592s] -- Up-to-date: /home/vboxuser/robot/workdown/workdown_ws/install/aim_interfaces/share/aim_interfaces/cmake/export_aim_interfaces__rosidl_generator_cppExport.cmake
[0.592s] -- Up-to-date: /home/vboxuser/robot/workdown/workdown_ws/install/aim_interfaces/share/aim_interfaces/cmake/export_aim_interfaces__rosidl_typesupport_fastrtps_cppExport.cmake
[0.592s] -- Up-to-date: /home/vboxuser/robot/workdown/workdown_ws/install/aim_interfaces/share/aim_interfaces/cmake/export_aim_interfaces__rosidl_typesupport_fastrtps_cppExport-noconfig.cmake
[0.592s] -- Up-to-date: /home/vboxuser/robot/workdown/workdown_ws/install/aim_interfaces/share/aim_interfaces/cmake/aim_interfaces__rosidl_typesupport_introspection_cppExport.cmake
[0.592s] -- Up-to-date: /home/vboxuser/robot/workdown/workdown_ws/install/aim_interfaces/share/aim_interfaces/cmake/aim_interfaces__rosidl_typesupport_introspection_cppExport-noconfig.cmake
[0.592s] -- Up-to-date: /home/vboxuser/robot/workdown/workdown_ws/install/aim_interfaces/share/aim_interfaces/cmake/aim_interfaces__rosidl_typesupport_cppExport.cmake
[0.592s] -- Up-to-date: /home/vboxuser/robot/workdown/workdown_ws/install/aim_interfaces/share/aim_interfaces/cmake/aim_interfaces__rosidl_typesupport_cppExport-noconfig.cmake
[0.592s] -- Up-to-date: /home/vboxuser/robot/workdown/workdown_ws/install/aim_interfaces/share/aim_interfaces/cmake/export_aim_interfaces__rosidl_generator_pyExport.cmake
[0.592s] -- Up-to-date: /home/vboxuser/robot/workdown/workdown_ws/install/aim_interfaces/share/aim_interfaces/cmake/export_aim_interfaces__rosidl_generator_pyExport-noconfig.cmake
[0.592s] -- Up-to-date: /home/vboxuser/robot/workdown/workdown_ws/install/aim_interfaces/share/aim_interfaces/cmake/rosidl_cmake-extras.cmake
[0.592s] -- Up-to-date: /home/vboxuser/robot/workdown/workdown_ws/install/aim_interfaces/share/aim_interfaces/cmake/ament_cmake_export_dependencies-extras.cmake
[0.592s] -- Up-to-date: /home/vboxuser/robot/workdown/workdown_ws/install/aim_interfaces/share/aim_interfaces/cmake/ament_cmake_export_include_directories-extras.cmake
[0.593s] -- Up-to-date: /home/vboxuser/robot/workdown/workdown_ws/install/aim_interfaces/share/aim_interfaces/cmake/ament_cmake_export_libraries-extras.cmake
[0.593s] -- Up-to-date: /home/vboxuser/robot/workdown/workdown_ws/install/aim_interfaces/share/aim_interfaces/cmake/ament_cmake_export_targets-extras.cmake
[0.593s] -- Up-to-date: /home/vboxuser/robot/workdown/workdown_ws/install/aim_interfaces/share/aim_interfaces/cmake/rosidl_cmake_export_typesupport_targets-extras.cmake
[0.593s] -- Up-to-date: /home/vboxuser/robot/workdown/workdown_ws/install/aim_interfaces/share/aim_interfaces/cmake/rosidl_cmake_export_typesupport_libraries-extras.cmake
[0.593s] -- Up-to-date: /home/vboxuser/robot/workdown/workdown_ws/install/aim_interfaces/share/aim_interfaces/cmake/aim_interfacesConfig.cmake
[0.593s] -- Up-to-date: /home/vboxuser/robot/workdown/workdown_ws/install/aim_interfaces/share/aim_interfaces/cmake/aim_interfacesConfig-version.cmake
[0.593s] -- Up-to-date: /home/vboxuser/robot/workdown/workdown_ws/install/aim_interfaces/share/aim_interfaces/package.xml
[0.603s] Invoked command in '/home/vboxuser/robot/workdown/workdown_ws/build/aim_interfaces' returned '0': CMAKE_PREFIX_PATH=/opt/ros/humble /usr/bin/cmake --install /home/vboxuser/robot/workdown/workdown_ws/build/aim_interfaces
