[0.016s] Invoking command in '/home/vboxuser/robot/workdown/workdown_ws/build/aim_interfaces': CMAKE_PREFIX_PATH=/opt/ros/humble /usr/bin/cmake --build /home/vboxuser/robot/workdown/workdown_ws/build/aim_interfaces -- -j4 -l4
[0.045s] -- Found ament_cmake: 1.3.11 (/opt/ros/humble/share/ament_cmake/cmake)
[0.176s] -- Found rosidl_default_generators: 1.2.0 (/opt/ros/humble/share/rosidl_default_generators/cmake)
[0.177s] -- Using all available rosidl_typesupport_c: rosidl_typesupport_fastrtps_c;rosidl_typesupport_introspection_c
[0.180s] -- Found rosidl_adapter: 3.1.6 (/opt/ros/humble/share/rosidl_adapter/cmake)
[0.210s] -- Using all available rosidl_typesupport_cpp: rosidl_typesupport_fastrtps_cpp;rosidl_typesupport_introspection_cpp
[0.235s] -- Found geometry_msgs: 4.9.0 (/opt/ros/humble/share/geometry_msgs/cmake)
[0.270s] -- Found ament_lint_auto: 0.12.12 (/opt/ros/humble/share/ament_lint_auto/cmake)
[0.556s] -- Found ament_cmake_ros: 0.10.0 (/opt/ros/humble/share/ament_cmake_ros/cmake)
[0.810s] -- Using all available rosidl_typesupport_c: rosidl_typesupport_fastrtps_c;rosidl_typesupport_introspection_c
[1.148s] -- Using all available rosidl_typesupport_cpp: rosidl_typesupport_fastrtps_cpp;rosidl_typesupport_introspection_cpp
[1.174s] -- Found python_cmake_module: 0.10.0 (/opt/ros/humble/share/python_cmake_module/cmake)
[1.200s] -- Using PYTHON_EXECUTABLE: /usr/bin/python3
[1.200s] -- Using PYTHON_INCLUDE_DIRS: /usr/include/python3.10
[1.200s] -- Using PYTHON_LIBRARIES: /usr/lib/x86_64-linux-gnu/libpython3.10.so
[1.241s] -- Added test 'lint_cmake' to check CMake code style
[1.242s] -- Added test 'xmllint' to check XML markup files
[1.246s] -- Configuring done
[1.305s] -- Generating done
[1.327s] -- Build files have been written to: /home/vboxuser/robot/workdown/workdown_ws/build/aim_interfaces
[1.380s] [  3%] Built target aim_interfaces__cpp
[1.390s] [  6%] [32mBuilding C object CMakeFiles/aim_interfaces__rosidl_generator_c.dir/rosidl_generator_c/aim_interfaces/msg/detail/aim_info__functions.c.o[0m
[1.404s] [  6%] Built target ament_cmake_python_copy_aim_interfaces
[1.412s] [  9%] [32mBuilding CXX object CMakeFiles/aim_interfaces__rosidl_typesupport_fastrtps_cpp.dir/rosidl_typesupport_fastrtps_cpp/aim_interfaces/msg/detail/dds_fastrtps/aim_info__type_support.cpp.o[0m
[1.414s] In file included from [01m[K/home/vboxuser/robot/workdown/workdown_ws/build/aim_interfaces/rosidl_generator_c/aim_interfaces/msg/detail/aim_info__functions.h:19[m[K,
[1.414s]                  from [01m[K/home/vboxuser/robot/workdown/workdown_ws/build/aim_interfaces/rosidl_generator_c/aim_interfaces/msg/detail/aim_info__functions.c:4[m[K:
[1.414s] [01m[K/home/vboxuser/robot/workdown/workdown_ws/build/aim_interfaces/rosidl_generator_c/aim_interfaces/msg/detail/aim_info__struct.h:23:10:[m[K [01;31m[Kfatal error: [m[Kaim_interfaces/msg/detail/int16__struct.h: æ²¡æœ‰é‚£ä¸ªæ–‡ä»¶æˆ–ç›®å½•
[1.414s]    23 | #include [01;31m[K"aim_interfaces/msg/detail/int16__struct.h"[m[K
[1.414s]       |          [01;31m[K^~~~~~~~~~~~~~~~~~~~~~~~~~~~~~~~~~~~~~~~~~~[m[K
[1.414s] compilation terminated.
[1.414s] gmake[2]: *** [CMakeFiles/aim_interfaces__rosidl_generator_c.dir/build.make:167ï¼šCMakeFiles/aim_interfaces__rosidl_generator_c.dir/rosidl_generator_c/aim_interfaces/msg/detail/aim_info__functions.c.o] é”™è¯¯ 1
[1.414s] gmake[1]: *** [CMakeFiles/Makefile2:213ï¼šCMakeFiles/aim_interfaces__rosidl_generator_c.dir/all] é”™è¯¯ 2
[1.414s] gmake[1]: *** æ­£åœ¨ç­‰å¾…æœªå®Œæˆçš„ä»»åŠ¡....
[1.419s] [ 12%] [32mBuilding CXX object CMakeFiles/aim_interfaces__rosidl_typesupport_cpp.dir/rosidl_typesupport_cpp/aim_interfaces/msg/aim_info__type_support.cpp.o[0m
[1.432s] [ 16%] [32mBuilding CXX object CMakeFiles/aim_interfaces__rosidl_typesupport_introspection_cpp.dir/rosidl_typesupport_introspection_cpp/aim_interfaces/msg/detail/aim_info__type_support.cpp.o[0m
[1.487s] In file included from [01m[K/home/vboxuser/robot/workdown/workdown_ws/build/aim_interfaces/rosidl_typesupport_cpp/aim_interfaces/msg/aim_info__type_support.cpp:7[m[K:
[1.487s] [01m[K/home/vboxuser/robot/workdown/workdown_ws/build/aim_interfaces/rosidl_generator_cpp/aim_interfaces/msg/detail/aim_info__struct.hpp:21:10:[m[K [01;31m[Kfatal error: [m[Kaim_interfaces/msg/detail/int16__struct.hpp: æ²¡æœ‰é‚£ä¸ªæ–‡ä»¶æˆ–ç›®å½•
[1.487s]    21 | #include [01;31m[K"aim_interfaces/msg/detail/int16__struct.hpp"[m[K
[1.487s]       |          [01;31m[K^~~~~~~~~~~~~~~~~~~~~~~~~~~~~~~~~~~~~~~~~~~~~[m[K
[1.487s] compilation terminated.
[1.487s] gmake[2]: *** [CMakeFiles/aim_interfaces__rosidl_typesupport_cpp.dir/build.make:148ï¼šCMakeFiles/aim_interfaces__rosidl_typesupport_cpp.dir/rosidl_typesupport_cpp/aim_interfaces/msg/aim_info__type_support.cpp.o] é”™è¯¯ 1
[1.487s] gmake[1]: *** [CMakeFiles/Makefile2:395ï¼šCMakeFiles/aim_interfaces__rosidl_typesupport_cpp.dir/all] é”™è¯¯ 2
[1.495s] In file included from [01m[K/home/vboxuser/robot/workdown/workdown_ws/build/aim_interfaces/rosidl_typesupport_fastrtps_cpp/aim_interfaces/msg/detail/aim_info__rosidl_typesupport_fastrtps_cpp.hpp:11[m[K,
[1.496s]                  from [01m[K/home/vboxuser/robot/workdown/workdown_ws/build/aim_interfaces/rosidl_typesupport_fastrtps_cpp/aim_interfaces/msg/detail/dds_fastrtps/aim_info__type_support.cpp:4[m[K:
[1.496s] [01m[K/home/vboxuser/robot/workdown/workdown_ws/build/aim_interfaces/rosidl_generator_cpp/aim_interfaces/msg/detail/aim_info__struct.hpp:21:10:[m[K [01;31m[Kfatal error: [m[Kaim_interfaces/msg/detail/int16__struct.hpp: æ²¡æœ‰é‚£ä¸ªæ–‡ä»¶æˆ–ç›®å½•
[1.496s]    21 | #include [01;31m[K"aim_interfaces/msg/detail/int16__struct.hpp"[m[K
[1.496s]       |          [01;31m[K^~~~~~~~~~~~~~~~~~~~~~~~~~~~~~~~~~~~~~~~~~~~~[m[K
[1.496s] compilation terminated.
[1.498s] gmake[2]: *** [CMakeFiles/aim_interfaces__rosidl_typesupport_fastrtps_cpp.dir/build.make:153ï¼šCMakeFiles/aim_interfaces__rosidl_typesupport_fastrtps_cpp.dir/rosidl_typesupport_fastrtps_cpp/aim_interfaces/msg/detail/dds_fastrtps/aim_info__type_support.cpp.o] é”™è¯¯ 1
[1.498s] gmake[1]: *** [CMakeFiles/Makefile2:343ï¼šCMakeFiles/aim_interfaces__rosidl_typesupport_fastrtps_cpp.dir/all] é”™è¯¯ 2
[1.510s] In file included from [01m[K/home/vboxuser/robot/workdown/workdown_ws/build/aim_interfaces/rosidl_typesupport_introspection_cpp/aim_interfaces/msg/detail/aim_info__type_support.cpp:12[m[K:
[1.510s] [01m[K/home/vboxuser/robot/workdown/workdown_ws/build/aim_interfaces/rosidl_generator_cpp/aim_interfaces/msg/detail/aim_info__struct.hpp:21:10:[m[K [01;31m[Kfatal error: [m[Kaim_interfaces/msg/detail/int16__struct.hpp: æ²¡æœ‰é‚£ä¸ªæ–‡ä»¶æˆ–ç›®å½•
[1.510s]    21 | #include [01;31m[K"aim_interfaces/msg/detail/int16__struct.hpp"[m[K
[1.510s]       |          [01;31m[K^~~~~~~~~~~~~~~~~~~~~~~~~~~~~~~~~~~~~~~~~~~~~[m[K
[1.510s] compilation terminated.
[1.513s] gmake[2]: *** [CMakeFiles/aim_interfaces__rosidl_typesupport_introspection_cpp.dir/build.make:153ï¼šCMakeFiles/aim_interfaces__rosidl_typesupport_introspection_cpp.dir/rosidl_typesupport_introspection_cpp/aim_interfaces/msg/detail/aim_info__type_support.cpp.o] é”™è¯¯ 1
[1.513s] gmake[1]: *** [CMakeFiles/Makefile2:369ï¼šCMakeFiles/aim_interfaces__rosidl_typesupport_introspection_cpp.dir/all] é”™è¯¯ 2
[1.514s] gmake: *** [Makefile:146ï¼šall] é”™è¯¯ 2
[1.517s] Invoked command in '/home/vboxuser/robot/workdown/workdown_ws/build/aim_interfaces' returned '2': CMAKE_PREFIX_PATH=/opt/ros/humble /usr/bin/cmake --build /home/vboxuser/robot/workdown/workdown_ws/build/aim_interfaces -- -j4 -l4
