[0.102s] DEBUG:colcon:Command line arguments: ['/usr/bin/colcon', 'build']
[0.102s] DEBUG:colcon:Parsed command line arguments: Namespace(log_base=None, log_level=None, verb_name='build', build_base='build', install_base='install', merge_install=False, symlink_install=False, test_result_base=None, continue_on_error=False, executor='parallel', parallel_workers=4, event_handlers=None, ignore_user_meta=False, metas=['./colcon.meta'], base_paths=['.'], packages_ignore=None, packages_ignore_regex=None, paths=None, packages_up_to=None, packages_up_to_regex=None, packages_above=None, packages_above_and_dependencies=None, packages_above_depth=None, packages_select_by_dep=None, packages_skip_by_dep=None, packages_skip_up_to=None, packages_select_build_failed=False, packages_skip_build_finished=False, packages_select_test_failures=False, packages_skip_test_passed=False, packages_select=None, packages_skip=None, packages_select_regex=None, packages_skip_regex=None, packages_start=None, packages_end=None, allow_overriding=[], cmake_args=None, cmake_target=None, cmake_target_skip_unavailable=False, cmake_clean_cache=False, cmake_clean_first=False, cmake_force_configure=False, ament_cmake_args=None, catkin_cmake_args=None, catkin_skip_building_tests=False, verb_parser=<colcon_defaults.argument_parser.defaults.DefaultArgumentsDecorator object at 0x772ab5c9f880>, verb_extension=<colcon_core.verb.build.BuildVerb object at 0x772ab5c9f3a0>, main=<bound method BuildVerb.main of <colcon_core.verb.build.BuildVerb object at 0x772ab5c9f3a0>>)
[0.257s] Level 1:colcon.colcon_core.package_discovery:discover_packages(colcon_meta) check parameters
[0.258s] Level 1:colcon.colcon_core.package_discovery:discover_packages(recursive) check parameters
[0.258s] Level 1:colcon.colcon_core.package_discovery:discover_packages(ignore) check parameters
[0.258s] Level 1:colcon.colcon_core.package_discovery:discover_packages(path) check parameters
[0.258s] Level 1:colcon.colcon_core.package_discovery:discover_packages(colcon_meta) discover
[0.258s] Level 1:colcon.colcon_core.package_discovery:discover_packages(recursive) discover
[0.258s] INFO:colcon.colcon_core.package_discovery:Crawling recursively for packages in '/home/vboxuser/robot/workdown/workdown_ws'
[0.258s] Level 1:colcon.colcon_core.package_identification:_identify(.) by extensions ['ignore', 'ignore_ament_install']
[0.258s] Level 1:colcon.colcon_core.package_identification:_identify(.) by extension 'ignore'
[0.258s] Level 1:colcon.colcon_core.package_identification:_identify(.) by extension 'ignore_ament_install'
[0.258s] Level 1:colcon.colcon_core.package_identification:_identify(.) by extensions ['colcon_pkg']
[0.258s] Level 1:colcon.colcon_core.package_identification:_identify(.) by extension 'colcon_pkg'
[0.258s] Level 1:colcon.colcon_core.package_identification:_identify(.) by extensions ['colcon_meta']
[0.258s] Level 1:colcon.colcon_core.package_identification:_identify(.) by extension 'colcon_meta'
[0.258s] Level 1:colcon.colcon_core.package_identification:_identify(.) by extensions ['ros']
[0.258s] Level 1:colcon.colcon_core.package_identification:_identify(.) by extension 'ros'
[0.271s] Level 1:colcon.colcon_core.package_identification:_identify(.) by extensions ['cmake', 'python']
[0.271s] Level 1:colcon.colcon_core.package_identification:_identify(.) by extension 'cmake'
[0.271s] Level 1:colcon.colcon_core.package_identification:_identify(.) by extension 'python'
[0.271s] Level 1:colcon.colcon_core.package_identification:_identify(.) by extensions ['python_setup_py']
[0.271s] Level 1:colcon.colcon_core.package_identification:_identify(.) by extension 'python_setup_py'
[0.271s] Level 1:colcon.colcon_core.package_identification:_identify(aim_interfaces) by extensions ['ignore', 'ignore_ament_install']
[0.271s] Level 1:colcon.colcon_core.package_identification:_identify(aim_interfaces) by extension 'ignore'
[0.272s] Level 1:colcon.colcon_core.package_identification:_identify(aim_interfaces) by extension 'ignore_ament_install'
[0.272s] Level 1:colcon.colcon_core.package_identification:_identify(aim_interfaces) by extensions ['colcon_pkg']
[0.272s] Level 1:colcon.colcon_core.package_identification:_identify(aim_interfaces) by extension 'colcon_pkg'
[0.272s] Level 1:colcon.colcon_core.package_identification:_identify(aim_interfaces) by extensions ['colcon_meta']
[0.272s] Level 1:colcon.colcon_core.package_identification:_identify(aim_interfaces) by extension 'colcon_meta'
[0.272s] Level 1:colcon.colcon_core.package_identification:_identify(aim_interfaces) by extensions ['ros']
[0.272s] Level 1:colcon.colcon_core.package_identification:_identify(aim_interfaces) by extension 'ros'
[0.275s] DEBUG:colcon.colcon_core.package_identification:Package 'aim_interfaces' with type 'ros.ament_cmake' and name 'aim_interfaces'
[0.275s] Level 1:colcon.colcon_core.package_identification:_identify(build) by extensions ['ignore', 'ignore_ament_install']
[0.275s] Level 1:colcon.colcon_core.package_identification:_identify(build) by extension 'ignore'
[0.275s] Level 1:colcon.colcon_core.package_identification:_identify(build) ignored
[0.275s] Level 1:colcon.colcon_core.package_identification:_identify(image_topic) by extensions ['ignore', 'ignore_ament_install']
[0.275s] Level 1:colcon.colcon_core.package_identification:_identify(image_topic) by extension 'ignore'
[0.276s] Level 1:colcon.colcon_core.package_identification:_identify(image_topic) by extension 'ignore_ament_install'
[0.276s] Level 1:colcon.colcon_core.package_identification:_identify(image_topic) by extensions ['colcon_pkg']
[0.276s] Level 1:colcon.colcon_core.package_identification:_identify(image_topic) by extension 'colcon_pkg'
[0.276s] Level 1:colcon.colcon_core.package_identification:_identify(image_topic) by extensions ['colcon_meta']
[0.276s] Level 1:colcon.colcon_core.package_identification:_identify(image_topic) by extension 'colcon_meta'
[0.276s] Level 1:colcon.colcon_core.package_identification:_identify(image_topic) by extensions ['ros']
[0.276s] Level 1:colcon.colcon_core.package_identification:_identify(image_topic) by extension 'ros'
[0.276s] DEBUG:colcon.colcon_core.package_identification:Package 'image_topic' with type 'ros.ament_cmake' and name 'image_topic'
[0.277s] Level 1:colcon.colcon_core.package_identification:_identify(install) by extensions ['ignore', 'ignore_ament_install']
[0.277s] Level 1:colcon.colcon_core.package_identification:_identify(install) by extension 'ignore'
[0.277s] Level 1:colcon.colcon_core.package_identification:_identify(install) ignored
[0.277s] Level 1:colcon.colcon_core.package_identification:_identify(log) by extensions ['ignore', 'ignore_ament_install']
[0.277s] Level 1:colcon.colcon_core.package_identification:_identify(log) by extension 'ignore'
[0.277s] Level 1:colcon.colcon_core.package_identification:_identify(log) ignored
[0.277s] Level 1:colcon.colcon_core.package_identification:_identify(picture) by extensions ['ignore', 'ignore_ament_install']
[0.277s] Level 1:colcon.colcon_core.package_identification:_identify(picture) by extension 'ignore'
[0.278s] Level 1:colcon.colcon_core.package_identification:_identify(picture) by extension 'ignore_ament_install'
[0.278s] Level 1:colcon.colcon_core.package_identification:_identify(picture) by extensions ['colcon_pkg']
[0.278s] Level 1:colcon.colcon_core.package_identification:_identify(picture) by extension 'colcon_pkg'
[0.278s] Level 1:colcon.colcon_core.package_identification:_identify(picture) by extensions ['colcon_meta']
[0.278s] Level 1:colcon.colcon_core.package_identification:_identify(picture) by extension 'colcon_meta'
[0.278s] Level 1:colcon.colcon_core.package_identification:_identify(picture) by extensions ['ros']
[0.278s] Level 1:colcon.colcon_core.package_identification:_identify(picture) by extension 'ros'
[0.278s] Level 1:colcon.colcon_core.package_identification:_identify(picture) by extensions ['cmake', 'python']
[0.278s] Level 1:colcon.colcon_core.package_identification:_identify(picture) by extension 'cmake'
[0.278s] Level 1:colcon.colcon_core.package_identification:_identify(picture) by extension 'python'
[0.278s] Level 1:colcon.colcon_core.package_identification:_identify(picture) by extensions ['python_setup_py']
[0.278s] Level 1:colcon.colcon_core.package_identification:_identify(picture) by extension 'python_setup_py'
[0.278s] Level 1:colcon.colcon_core.package_discovery:discover_packages(recursive) using defaults
[0.278s] Level 1:colcon.colcon_core.package_discovery:discover_packages(ignore) discover
[0.278s] Level 1:colcon.colcon_core.package_discovery:discover_packages(ignore) using defaults
[0.278s] Level 1:colcon.colcon_core.package_discovery:discover_packages(path) discover
[0.278s] Level 1:colcon.colcon_core.package_discovery:discover_packages(path) using defaults
[0.298s] Level 1:colcon.colcon_core.package_discovery:discover_packages(prefix_path) check parameters
[0.298s] Level 1:colcon.colcon_core.package_discovery:discover_packages(prefix_path) discover
[0.301s] DEBUG:colcon.colcon_installed_package_information.package_discovery:Found 295 installed packages in /opt/ros/humble
[0.316s] Level 1:colcon.colcon_core.package_discovery:discover_packages(prefix_path) using defaults
[0.352s] Level 5:colcon.colcon_core.verb:set package 'aim_interfaces' build argument 'cmake_args' from command line to 'None'
[0.352s] Level 5:colcon.colcon_core.verb:set package 'aim_interfaces' build argument 'cmake_target' from command line to 'None'
[0.352s] Level 5:colcon.colcon_core.verb:set package 'aim_interfaces' build argument 'cmake_target_skip_unavailable' from command line to 'False'
[0.352s] Level 5:colcon.colcon_core.verb:set package 'aim_interfaces' build argument 'cmake_clean_cache' from command line to 'False'
[0.352s] Level 5:colcon.colcon_core.verb:set package 'aim_interfaces' build argument 'cmake_clean_first' from command line to 'False'
[0.352s] Level 5:colcon.colcon_core.verb:set package 'aim_interfaces' build argument 'cmake_force_configure' from command line to 'False'
[0.352s] Level 5:colcon.colcon_core.verb:set package 'aim_interfaces' build argument 'ament_cmake_args' from command line to 'None'
[0.353s] Level 5:colcon.colcon_core.verb:set package 'aim_interfaces' build argument 'catkin_cmake_args' from command line to 'None'
[0.353s] Level 5:colcon.colcon_core.verb:set package 'aim_interfaces' build argument 'catkin_skip_building_tests' from command line to 'False'
[0.353s] DEBUG:colcon.colcon_core.verb:Building package 'aim_interfaces' with the following arguments: {'ament_cmake_args': None, 'build_base': '/home/vboxuser/robot/workdown/workdown_ws/build/aim_interfaces', 'catkin_cmake_args': None, 'catkin_skip_building_tests': False, 'cmake_args': None, 'cmake_clean_cache': False, 'cmake_clean_first': False, 'cmake_force_configure': False, 'cmake_target': None, 'cmake_target_skip_unavailable': False, 'install_base': '/home/vboxuser/robot/workdown/workdown_ws/install/aim_interfaces', 'merge_install': False, 'path': '/home/vboxuser/robot/workdown/workdown_ws/aim_interfaces', 'symlink_install': False, 'test_result_base': None}
[0.353s] Level 5:colcon.colcon_core.verb:set package 'image_topic' build argument 'cmake_args' from command line to 'None'
[0.353s] Level 5:colcon.colcon_core.verb:set package 'image_topic' build argument 'cmake_target' from command line to 'None'
[0.353s] Level 5:colcon.colcon_core.verb:set package 'image_topic' build argument 'cmake_target_skip_unavailable' from command line to 'False'
[0.353s] Level 5:colcon.colcon_core.verb:set package 'image_topic' build argument 'cmake_clean_cache' from command line to 'False'
[0.353s] Level 5:colcon.colcon_core.verb:set package 'image_topic' build argument 'cmake_clean_first' from command line to 'False'
[0.353s] Level 5:colcon.colcon_core.verb:set package 'image_topic' build argument 'cmake_force_configure' from command line to 'False'
[0.353s] Level 5:colcon.colcon_core.verb:set package 'image_topic' build argument 'ament_cmake_args' from command line to 'None'
[0.353s] Level 5:colcon.colcon_core.verb:set package 'image_topic' build argument 'catkin_cmake_args' from command line to 'None'
[0.353s] Level 5:colcon.colcon_core.verb:set package 'image_topic' build argument 'catkin_skip_building_tests' from command line to 'False'
[0.353s] DEBUG:colcon.colcon_core.verb:Building package 'image_topic' with the following arguments: {'ament_cmake_args': None, 'build_base': '/home/vboxuser/robot/workdown/workdown_ws/build/image_topic', 'catkin_cmake_args': None, 'catkin_skip_building_tests': False, 'cmake_args': None, 'cmake_clean_cache': False, 'cmake_clean_first': False, 'cmake_force_configure': False, 'cmake_target': None, 'cmake_target_skip_unavailable': False, 'install_base': '/home/vboxuser/robot/workdown/workdown_ws/install/image_topic', 'merge_install': False, 'path': '/home/vboxuser/robot/workdown/workdown_ws/image_topic', 'symlink_install': False, 'test_result_base': None}
[0.353s] INFO:colcon.colcon_core.executor:Executing jobs using 'parallel' executor
[0.354s] DEBUG:colcon.colcon_parallel_executor.executor.parallel:run_until_complete
[0.355s] INFO:colcon.colcon_ros.task.ament_cmake.build:Building ROS package in '/home/vboxuser/robot/workdown/workdown_ws/aim_interfaces' with build type 'ament_cmake'
[0.355s] INFO:colcon.colcon_cmake.task.cmake.build:Building CMake package in '/home/vboxuser/robot/workdown/workdown_ws/aim_interfaces'
[0.357s] INFO:colcon.colcon_core.plugin_system:Skipping extension 'colcon_core.shell.bat': Not used on non-Windows systems
[0.357s] INFO:colcon.colcon_core.shell:Skip shell extension 'powershell' for command environment: Not usable outside of PowerShell
[0.357s] DEBUG:colcon.colcon_core.shell:Skip shell extension 'dsv' for command environment
[0.371s] DEBUG:colcon.colcon_core.event_handler.log_command:Invoking command in '/home/vboxuser/robot/workdown/workdown_ws/build/aim_interfaces': CMAKE_PREFIX_PATH=/opt/ros/humble /usr/bin/cmake --build /home/vboxuser/robot/workdown/workdown_ws/build/aim_interfaces -- -j4 -l4
[0.859s] DEBUG:colcon.colcon_core.event_handler.log_command:Invoked command in '/home/vboxuser/robot/workdown/workdown_ws/build/aim_interfaces' returned '0': CMAKE_PREFIX_PATH=/opt/ros/humble /usr/bin/cmake --build /home/vboxuser/robot/workdown/workdown_ws/build/aim_interfaces -- -j4 -l4
[0.872s] DEBUG:colcon.colcon_core.event_handler.log_command:Invoking command in '/home/vboxuser/robot/workdown/workdown_ws/build/aim_interfaces': CMAKE_PREFIX_PATH=/opt/ros/humble /usr/bin/cmake --install /home/vboxuser/robot/workdown/workdown_ws/build/aim_interfaces
[0.937s] Level 1:colcon.colcon_core.environment:create_environment_scripts_only(aim_interfaces)
[0.939s] Level 1:colcon.colcon_core.environment:checking '/home/vboxuser/robot/workdown/workdown_ws/install/aim_interfaces' for CMake module files
[0.940s] Level 1:colcon.colcon_core.environment:checking '/home/vboxuser/robot/workdown/workdown_ws/install/aim_interfaces' for CMake config files
[0.940s] Level 1:colcon.colcon_core.shell:create_environment_hook('aim_interfaces', 'cmake_prefix_path')
[0.940s] INFO:colcon.colcon_core.shell:Creating environment hook '/home/vboxuser/robot/workdown/workdown_ws/install/aim_interfaces/share/aim_interfaces/hook/cmake_prefix_path.ps1'
[0.941s] DEBUG:colcon.colcon_core.event_handler.log_command:Invoked command in '/home/vboxuser/robot/workdown/workdown_ws/build/aim_interfaces' returned '0': CMAKE_PREFIX_PATH=/opt/ros/humble /usr/bin/cmake --install /home/vboxuser/robot/workdown/workdown_ws/build/aim_interfaces
[0.942s] INFO:colcon.colcon_core.shell:Creating environment descriptor '/home/vboxuser/robot/workdown/workdown_ws/install/aim_interfaces/share/aim_interfaces/hook/cmake_prefix_path.dsv'
[0.943s] INFO:colcon.colcon_core.shell:Creating environment hook '/home/vboxuser/robot/workdown/workdown_ws/install/aim_interfaces/share/aim_interfaces/hook/cmake_prefix_path.sh'
[0.944s] Level 1:colcon.colcon_core.environment:checking '/home/vboxuser/robot/workdown/workdown_ws/install/aim_interfaces/lib'
[0.945s] Level 1:colcon.colcon_core.shell:create_environment_hook('aim_interfaces', 'ld_library_path_lib')
[0.945s] INFO:colcon.colcon_core.shell:Creating environment hook '/home/vboxuser/robot/workdown/workdown_ws/install/aim_interfaces/share/aim_interfaces/hook/ld_library_path_lib.ps1'
[0.946s] INFO:colcon.colcon_core.shell:Creating environment descriptor '/home/vboxuser/robot/workdown/workdown_ws/install/aim_interfaces/share/aim_interfaces/hook/ld_library_path_lib.dsv'
[0.946s] INFO:colcon.colcon_core.shell:Creating environment hook '/home/vboxuser/robot/workdown/workdown_ws/install/aim_interfaces/share/aim_interfaces/hook/ld_library_path_lib.sh'
[0.947s] Level 1:colcon.colcon_core.environment:checking '/home/vboxuser/robot/workdown/workdown_ws/install/aim_interfaces/bin'
[0.947s] Level 1:colcon.colcon_core.environment:checking '/home/vboxuser/robot/workdown/workdown_ws/install/aim_interfaces/lib/pkgconfig/aim_interfaces.pc'
[0.947s] Level 1:colcon.colcon_core.environment:checking '/home/vboxuser/robot/workdown/workdown_ws/install/aim_interfaces/lib/python3.10/site-packages'
[0.947s] Level 1:colcon.colcon_core.environment:checking '/home/vboxuser/robot/workdown/workdown_ws/install/aim_interfaces/bin'
[0.948s] INFO:colcon.colcon_core.shell:Creating package script '/home/vboxuser/robot/workdown/workdown_ws/install/aim_interfaces/share/aim_interfaces/package.ps1'
[0.949s] INFO:colcon.colcon_core.shell:Creating package descriptor '/home/vboxuser/robot/workdown/workdown_ws/install/aim_interfaces/share/aim_interfaces/package.dsv'
[0.954s] INFO:colcon.colcon_core.shell:Creating package script '/home/vboxuser/robot/workdown/workdown_ws/install/aim_interfaces/share/aim_interfaces/package.sh'
[0.955s] INFO:colcon.colcon_core.shell:Creating package script '/home/vboxuser/robot/workdown/workdown_ws/install/aim_interfaces/share/aim_interfaces/package.bash'
[0.956s] INFO:colcon.colcon_core.shell:Creating package script '/home/vboxuser/robot/workdown/workdown_ws/install/aim_interfaces/share/aim_interfaces/package.zsh'
[0.957s] Level 1:colcon.colcon_core.environment:create_file_with_runtime_dependencies(/home/vboxuser/robot/workdown/workdown_ws/install/aim_interfaces/share/colcon-core/packages/aim_interfaces)
[0.958s] Level 1:colcon.colcon_core.environment:create_environment_scripts_only(aim_interfaces)
[0.959s] Level 1:colcon.colcon_core.environment:checking '/home/vboxuser/robot/workdown/workdown_ws/install/aim_interfaces' for CMake module files
[0.959s] Level 1:colcon.colcon_core.environment:checking '/home/vboxuser/robot/workdown/workdown_ws/install/aim_interfaces' for CMake config files
[0.960s] Level 1:colcon.colcon_core.shell:create_environment_hook('aim_interfaces', 'cmake_prefix_path')
[0.960s] INFO:colcon.colcon_core.shell:Creating environment hook '/home/vboxuser/robot/workdown/workdown_ws/install/aim_interfaces/share/aim_interfaces/hook/cmake_prefix_path.ps1'
[0.961s] INFO:colcon.colcon_core.shell:Creating environment descriptor '/home/vboxuser/robot/workdown/workdown_ws/install/aim_interfaces/share/aim_interfaces/hook/cmake_prefix_path.dsv'
[0.961s] INFO:colcon.colcon_core.shell:Creating environment hook '/home/vboxuser/robot/workdown/workdown_ws/install/aim_interfaces/share/aim_interfaces/hook/cmake_prefix_path.sh'
[0.962s] Level 1:colcon.colcon_core.environment:checking '/home/vboxuser/robot/workdown/workdown_ws/install/aim_interfaces/lib'
[0.962s] Level 1:colcon.colcon_core.shell:create_environment_hook('aim_interfaces', 'ld_library_path_lib')
[0.963s] INFO:colcon.colcon_core.shell:Creating environment hook '/home/vboxuser/robot/workdown/workdown_ws/install/aim_interfaces/share/aim_interfaces/hook/ld_library_path_lib.ps1'
[0.964s] INFO:colcon.colcon_core.shell:Creating environment descriptor '/home/vboxuser/robot/workdown/workdown_ws/install/aim_interfaces/share/aim_interfaces/hook/ld_library_path_lib.dsv'
[0.964s] INFO:colcon.colcon_core.shell:Creating environment hook '/home/vboxuser/robot/workdown/workdown_ws/install/aim_interfaces/share/aim_interfaces/hook/ld_library_path_lib.sh'
[0.965s] Level 1:colcon.colcon_core.environment:checking '/home/vboxuser/robot/workdown/workdown_ws/install/aim_interfaces/bin'
[0.965s] Level 1:colcon.colcon_core.environment:checking '/home/vboxuser/robot/workdown/workdown_ws/install/aim_interfaces/lib/pkgconfig/aim_interfaces.pc'
[0.966s] Level 1:colcon.colcon_core.environment:checking '/home/vboxuser/robot/workdown/workdown_ws/install/aim_interfaces/lib/python3.10/site-packages'
[0.966s] Level 1:colcon.colcon_core.environment:checking '/home/vboxuser/robot/workdown/workdown_ws/install/aim_interfaces/bin'
[0.966s] INFO:colcon.colcon_core.shell:Creating package script '/home/vboxuser/robot/workdown/workdown_ws/install/aim_interfaces/share/aim_interfaces/package.ps1'
[0.967s] INFO:colcon.colcon_core.shell:Creating package descriptor '/home/vboxuser/robot/workdown/workdown_ws/install/aim_interfaces/share/aim_interfaces/package.dsv'
[0.968s] INFO:colcon.colcon_core.shell:Creating package script '/home/vboxuser/robot/workdown/workdown_ws/install/aim_interfaces/share/aim_interfaces/package.sh'
[0.969s] INFO:colcon.colcon_core.shell:Creating package script '/home/vboxuser/robot/workdown/workdown_ws/install/aim_interfaces/share/aim_interfaces/package.bash'
[0.970s] INFO:colcon.colcon_core.shell:Creating package script '/home/vboxuser/robot/workdown/workdown_ws/install/aim_interfaces/share/aim_interfaces/package.zsh'
[0.970s] Level 1:colcon.colcon_core.environment:create_file_with_runtime_dependencies(/home/vboxuser/robot/workdown/workdown_ws/install/aim_interfaces/share/colcon-core/packages/aim_interfaces)
[0.971s] INFO:colcon.colcon_ros.task.ament_cmake.build:Building ROS package in '/home/vboxuser/robot/workdown/workdown_ws/image_topic' with build type 'ament_cmake'
[0.971s] INFO:colcon.colcon_cmake.task.cmake.build:Building CMake package in '/home/vboxuser/robot/workdown/workdown_ws/image_topic'
[0.972s] INFO:colcon.colcon_core.shell:Skip shell extension 'powershell' for command environment: Not usable outside of PowerShell
[0.972s] DEBUG:colcon.colcon_core.shell:Skip shell extension 'dsv' for command environment
[0.984s] DEBUG:colcon.colcon_core.event_handler.log_command:Invoking command in '/home/vboxuser/robot/workdown/workdown_ws/build/image_topic': AMENT_PREFIX_PATH=/home/vboxuser/robot/workdown/workdown_ws/install/aim_interfaces:${AMENT_PREFIX_PATH} CMAKE_PREFIX_PATH=/home/vboxuser/robot/workdown/workdown_ws/install/aim_interfaces:/opt/ros/humble LD_LIBRARY_PATH=/home/vboxuser/robot/workdown/workdown_ws/install/aim_interfaces/lib:${LD_LIBRARY_PATH} PYTHONPATH=/home/vboxuser/robot/workdown/workdown_ws/install/aim_interfaces/local/lib/python3.10/dist-packages:${PYTHONPATH} /usr/bin/cmake --build /home/vboxuser/robot/workdown/workdown_ws/build/image_topic -- -j4 -l4
[7.662s] DEBUG:colcon.colcon_core.event_handler.log_command:Invoked command in '/home/vboxuser/robot/workdown/workdown_ws/build/image_topic' returned '2': AMENT_PREFIX_PATH=/home/vboxuser/robot/workdown/workdown_ws/install/aim_interfaces:${AMENT_PREFIX_PATH} CMAKE_PREFIX_PATH=/home/vboxuser/robot/workdown/workdown_ws/install/aim_interfaces:/opt/ros/humble LD_LIBRARY_PATH=/home/vboxuser/robot/workdown/workdown_ws/install/aim_interfaces/lib:${LD_LIBRARY_PATH} PYTHONPATH=/home/vboxuser/robot/workdown/workdown_ws/install/aim_interfaces/local/lib/python3.10/dist-packages:${PYTHONPATH} /usr/bin/cmake --build /home/vboxuser/robot/workdown/workdown_ws/build/image_topic -- -j4 -l4
[7.663s] Level 1:colcon.colcon_core.environment:create_environment_scripts_only(image_topic)
[7.663s] Level 1:colcon.colcon_core.environment:checking '/home/vboxuser/robot/workdown/workdown_ws/install/image_topic' for CMake module files
[7.664s] Level 1:colcon.colcon_core.environment:checking '/home/vboxuser/robot/workdown/workdown_ws/install/image_topic' for CMake config files
[7.664s] Level 1:colcon.colcon_core.shell:create_environment_hook('image_topic', 'cmake_prefix_path')
[7.664s] INFO:colcon.colcon_core.shell:Creating environment hook '/home/vboxuser/robot/workdown/workdown_ws/install/image_topic/share/image_topic/hook/cmake_prefix_path.ps1'
[7.665s] INFO:colcon.colcon_core.shell:Creating environment descriptor '/home/vboxuser/robot/workdown/workdown_ws/install/image_topic/share/image_topic/hook/cmake_prefix_path.dsv'
[7.665s] INFO:colcon.colcon_core.shell:Creating environment hook '/home/vboxuser/robot/workdown/workdown_ws/install/image_topic/share/image_topic/hook/cmake_prefix_path.sh'
[7.666s] Level 1:colcon.colcon_core.environment:checking '/home/vboxuser/robot/workdown/workdown_ws/install/image_topic/lib'
[7.666s] Level 1:colcon.colcon_core.environment:checking '/home/vboxuser/robot/workdown/workdown_ws/install/image_topic/bin'
[7.666s] Level 1:colcon.colcon_core.environment:checking '/home/vboxuser/robot/workdown/workdown_ws/install/image_topic/lib/pkgconfig/image_topic.pc'
[7.667s] Level 1:colcon.colcon_core.environment:checking '/home/vboxuser/robot/workdown/workdown_ws/install/image_topic/lib/python3.10/site-packages'
[7.667s] Level 1:colcon.colcon_core.environment:checking '/home/vboxuser/robot/workdown/workdown_ws/install/image_topic/bin'
[7.667s] INFO:colcon.colcon_core.shell:Creating package script '/home/vboxuser/robot/workdown/workdown_ws/install/image_topic/share/image_topic/package.ps1'
[7.668s] INFO:colcon.colcon_core.shell:Creating package descriptor '/home/vboxuser/robot/workdown/workdown_ws/install/image_topic/share/image_topic/package.dsv'
[7.669s] INFO:colcon.colcon_core.shell:Creating package script '/home/vboxuser/robot/workdown/workdown_ws/install/image_topic/share/image_topic/package.sh'
[7.669s] INFO:colcon.colcon_core.shell:Creating package script '/home/vboxuser/robot/workdown/workdown_ws/install/image_topic/share/image_topic/package.bash'
[7.670s] INFO:colcon.colcon_core.shell:Creating package script '/home/vboxuser/robot/workdown/workdown_ws/install/image_topic/share/image_topic/package.zsh'
[7.671s] Level 1:colcon.colcon_core.environment:create_file_with_runtime_dependencies(/home/vboxuser/robot/workdown/workdown_ws/install/image_topic/share/colcon-core/packages/image_topic)
[7.682s] DEBUG:colcon.colcon_parallel_executor.executor.parallel:closing loop
[7.682s] DEBUG:colcon.colcon_parallel_executor.executor.parallel:loop closed
[7.682s] DEBUG:colcon.colcon_parallel_executor.executor.parallel:run_until_complete finished with '2'
[7.682s] DEBUG:colcon.colcon_core.event_reactor:joining thread
[7.692s] INFO:colcon.colcon_core.plugin_system:Skipping extension 'colcon_notification.desktop_notification.terminal_notifier': Not used on non-Darwin systems
[7.692s] INFO:colcon.colcon_core.plugin_system:Skipping extension 'colcon_notification.desktop_notification.win32': Not used on non-Windows systems
[7.693s] INFO:colcon.colcon_notification.desktop_notification:Sending desktop notification using 'notify2'
[7.714s] DEBUG:colcon.colcon_core.event_reactor:joined thread
[7.714s] INFO:colcon.colcon_core.shell:Creating prefix script '/home/vboxuser/robot/workdown/workdown_ws/install/local_setup.ps1'
[7.715s] INFO:colcon.colcon_core.shell:Creating prefix util module '/home/vboxuser/robot/workdown/workdown_ws/install/_local_setup_util_ps1.py'
[7.717s] INFO:colcon.colcon_core.shell:Creating prefix chain script '/home/vboxuser/robot/workdown/workdown_ws/install/setup.ps1'
[7.718s] INFO:colcon.colcon_core.shell:Creating prefix script '/home/vboxuser/robot/workdown/workdown_ws/install/local_setup.sh'
[7.718s] INFO:colcon.colcon_core.shell:Creating prefix util module '/home/vboxuser/robot/workdown/workdown_ws/install/_local_setup_util_sh.py'
[7.719s] INFO:colcon.colcon_core.shell:Creating prefix chain script '/home/vboxuser/robot/workdown/workdown_ws/install/setup.sh'
[7.720s] INFO:colcon.colcon_core.shell:Creating prefix script '/home/vboxuser/robot/workdown/workdown_ws/install/local_setup.bash'
[7.720s] INFO:colcon.colcon_core.shell:Creating prefix chain script '/home/vboxuser/robot/workdown/workdown_ws/install/setup.bash'
[7.721s] INFO:colcon.colcon_core.shell:Creating prefix script '/home/vboxuser/robot/workdown/workdown_ws/install/local_setup.zsh'
[7.722s] INFO:colcon.colcon_core.shell:Creating prefix chain script '/home/vboxuser/robot/workdown/workdown_ws/install/setup.zsh'
