[0.014s] Invoking command in '/home/vboxuser/robot/workdown/workdown_ws/build/aim_interfaces': CMAKE_PREFIX_PATH=/opt/ros/humble /usr/bin/cmake --build /home/vboxuser/robot/workdown/workdown_ws/build/aim_interfaces -- -j4 -l4
[0.069s] [35m[1mConsolidate compiler generated dependencies of target aim_interfaces__rosidl_generator_c[0m
[0.087s] [  9%] Built target aim_interfaces__rosidl_generator_c
[0.087s] [ 12%] Built target aim_interfaces__cpp
[0.100s] [ 12%] Built target ament_cmake_python_copy_aim_interfaces
[0.100s] [35m[1mConsolidate compiler generated dependencies of target aim_interfaces__rosidl_typesupport_cpp[0m
[0.101s] [35m[1mConsolidate compiler generated dependencies of target aim_interfaces__rosidl_typesupport_fastrtps_c[0m
[0.101s] [35m[1mConsolidate compiler generated dependencies of target aim_interfaces__rosidl_typesupport_introspection_c[0m
[0.117s] [35m[1mConsolidate compiler generated dependencies of target aim_interfaces__rosidl_typesupport_c[0m
[0.144s] [ 22%] Built target aim_interfaces__rosidl_typesupport_introspection_c
[0.149s] [ 32%] Built target aim_interfaces__rosidl_typesupport_c
[0.154s] [ 41%] Built target aim_interfaces__rosidl_typesupport_fastrtps_c
[0.161s] [ 51%] Built target aim_interfaces__rosidl_typesupport_cpp
[0.167s] [35m[1mConsolidate compiler generated dependencies of target aim_interfaces__rosidl_typesupport_fastrtps_cpp[0m
[0.174s] [35m[1mConsolidate compiler generated dependencies of target aim_interfaces__rosidl_typesupport_introspection_cpp[0m
[0.189s] [ 61%] Built target aim_interfaces__rosidl_typesupport_fastrtps_cpp
[0.193s] [ 70%] Built target aim_interfaces__rosidl_typesupport_introspection_cpp
[0.222s] [ 70%] Built target aim_interfaces
[0.252s] [ 74%] Built target aim_interfaces__py
[0.270s] [35m[1mConsolidate compiler generated dependencies of target aim_interfaces__rosidl_generator_py[0m
[0.289s] [ 80%] Built target aim_interfaces__rosidl_generator_py
[0.306s] [35m[1mConsolidate compiler generated dependencies of target aim_interfaces__rosidl_typesupport_fastrtps_c__pyext[0m
[0.306s] [35m[1mConsolidate compiler generated dependencies of target aim_interfaces__rosidl_typesupport_c__pyext[0m
[0.306s] [35m[1mConsolidate compiler generated dependencies of target aim_interfaces__rosidl_typesupport_introspection_c__pyext[0m
[0.330s] [ 87%] Built target aim_interfaces__rosidl_typesupport_introspection_c__pyext
[0.338s] [ 93%] Built target aim_interfaces__rosidl_typesupport_fastrtps_c__pyext
[0.355s] [100%] Built target aim_interfaces__rosidl_typesupport_c__pyext
[0.395s] running egg_info
[0.396s] writing aim_interfaces.egg-info/PKG-INFO
[0.396s] writing dependency_links to aim_interfaces.egg-info/dependency_links.txt
[0.397s] writing top-level names to aim_interfaces.egg-info/top_level.txt
[0.399s] reading manifest file 'aim_interfaces.egg-info/SOURCES.txt'
[0.399s] writing manifest file 'aim_interfaces.egg-info/SOURCES.txt'
[0.423s] [100%] Built target ament_cmake_python_build_aim_interfaces_egg
[0.437s] Invoked command in '/home/vboxuser/robot/workdown/workdown_ws/build/aim_interfaces' returned '0': CMAKE_PREFIX_PATH=/opt/ros/humble /usr/bin/cmake --build /home/vboxuser/robot/workdown/workdown_ws/build/aim_interfaces -- -j4 -l4
[0.448s] Invoking command in '/home/vboxuser/robot/workdown/workdown_ws/build/aim_interfaces': CMAKE_PREFIX_PATH=/opt/ros/humble /usr/bin/cmake --install /home/vboxuser/robot/workdown/workdown_ws/build/aim_interfaces
[0.456s] -- Install configuration: ""
[0.457s] -- Up-to-date: /home/vboxuser/robot/workdown/workdown_ws/install/aim_interfaces/share/ament_index/resource_index/rosidl_interfaces/aim_interfaces
[0.457s] -- Up-to-date: /home/vboxuser/robot/workdown/workdown_ws/install/aim_interfaces/include/aim_interfaces/aim_interfaces
[0.457s] -- Up-to-date: /home/vboxuser/robot/workdown/workdown_ws/install/aim_interfaces/include/aim_interfaces/aim_interfaces/msg
[0.457s] -- Up-to-date: /home/vboxuser/robot/workdown/workdown_ws/install/aim_interfaces/include/aim_interfaces/aim_interfaces/msg/rosidl_generator_c__visibility_control.h
[0.457s] -- Up-to-date: /home/vboxuser/robot/workdown/workdown_ws/install/aim_interfaces/include/aim_interfaces/aim_interfaces/msg/detail
[0.457s] -- Up-to-date: /home/vboxuser/robot/workdown/workdown_ws/install/aim_interfaces/include/aim_interfaces/aim_interfaces/msg/detail/aim_info__struct.h
[0.457s] -- Up-to-date: /home/vboxuser/robot/workdown/workdown_ws/install/aim_interfaces/include/aim_interfaces/aim_interfaces/msg/detail/aim_info__type_support.h
[0.457s] -- Up-to-date: /home/vboxuser/robot/workdown/workdown_ws/install/aim_interfaces/include/aim_interfaces/aim_interfaces/msg/detail/aim_info__functions.c
[0.457s] -- Up-to-date: /home/vboxuser/robot/workdown/workdown_ws/install/aim_interfaces/include/aim_interfaces/aim_interfaces/msg/detail/aim_info__functions.h
[0.457s] -- Up-to-date: /home/vboxuser/robot/workdown/workdown_ws/install/aim_interfaces/include/aim_interfaces/aim_interfaces/msg/aim_info.h
[0.457s] -- Up-to-date: /home/vboxuser/robot/workdown/workdown_ws/install/aim_interfaces/share/aim_interfaces/environment/library_path.sh
[0.458s] -- Up-to-date: /home/vboxuser/robot/workdown/workdown_ws/install/aim_interfaces/share/aim_interfaces/environment/library_path.dsv
[0.458s] -- Up-to-date: /home/vboxuser/robot/workdown/workdown_ws/install/aim_interfaces/lib/libaim_interfaces__rosidl_generator_c.so
[0.458s] -- Up-to-date: /home/vboxuser/robot/workdown/workdown_ws/install/aim_interfaces/include/aim_interfaces/aim_interfaces
[0.458s] -- Up-to-date: /home/vboxuser/robot/workdown/workdown_ws/install/aim_interfaces/include/aim_interfaces/aim_interfaces/msg
[0.458s] -- Up-to-date: /home/vboxuser/robot/workdown/workdown_ws/install/aim_interfaces/include/aim_interfaces/aim_interfaces/msg/rosidl_typesupport_fastrtps_c__visibility_control.h
[0.458s] -- Up-to-date: /home/vboxuser/robot/workdown/workdown_ws/install/aim_interfaces/include/aim_interfaces/aim_interfaces/msg/detail
[0.458s] -- Up-to-date: /home/vboxuser/robot/workdown/workdown_ws/install/aim_interfaces/include/aim_interfaces/aim_interfaces/msg/detail/aim_info__rosidl_typesupport_fastrtps_c.h
[0.458s] -- Up-to-date: /home/vboxuser/robot/workdown/workdown_ws/install/aim_interfaces/lib/libaim_interfaces__rosidl_typesupport_fastrtps_c.so
[0.458s] -- Up-to-date: /home/vboxuser/robot/workdown/workdown_ws/install/aim_interfaces/include/aim_interfaces/aim_interfaces
[0.458s] -- Up-to-date: /home/vboxuser/robot/workdown/workdown_ws/install/aim_interfaces/include/aim_interfaces/aim_interfaces/msg
[0.459s] -- Up-to-date: /home/vboxuser/robot/workdown/workdown_ws/install/aim_interfaces/include/aim_interfaces/aim_interfaces/msg/rosidl_typesupport_introspection_c__visibility_control.h
[0.459s] -- Up-to-date: /home/vboxuser/robot/workdown/workdown_ws/install/aim_interfaces/include/aim_interfaces/aim_interfaces/msg/detail
[0.459s] -- Up-to-date: /home/vboxuser/robot/workdown/workdown_ws/install/aim_interfaces/include/aim_interfaces/aim_interfaces/msg/detail/aim_info__type_support.c
[0.459s] -- Up-to-date: /home/vboxuser/robot/workdown/workdown_ws/install/aim_interfaces/include/aim_interfaces/aim_interfaces/msg/detail/aim_info__rosidl_typesupport_introspection_c.h
[0.459s] -- Up-to-date: /home/vboxuser/robot/workdown/workdown_ws/install/aim_interfaces/lib/libaim_interfaces__rosidl_typesupport_introspection_c.so
[0.459s] -- Up-to-date: /home/vboxuser/robot/workdown/workdown_ws/install/aim_interfaces/lib/libaim_interfaces__rosidl_typesupport_c.so
[0.459s] -- Up-to-date: /home/vboxuser/robot/workdown/workdown_ws/install/aim_interfaces/include/aim_interfaces/aim_interfaces
[0.459s] -- Up-to-date: /home/vboxuser/robot/workdown/workdown_ws/install/aim_interfaces/include/aim_interfaces/aim_interfaces/msg
[0.459s] -- Up-to-date: /home/vboxuser/robot/workdown/workdown_ws/install/aim_interfaces/include/aim_interfaces/aim_interfaces/msg/rosidl_generator_cpp__visibility_control.hpp
[0.459s] -- Up-to-date: /home/vboxuser/robot/workdown/workdown_ws/install/aim_interfaces/include/aim_interfaces/aim_interfaces/msg/detail
[0.459s] -- Up-to-date: /home/vboxuser/robot/workdown/workdown_ws/install/aim_interfaces/include/aim_interfaces/aim_interfaces/msg/detail/aim_info__traits.hpp
[0.459s] -- Up-to-date: /home/vboxuser/robot/workdown/workdown_ws/install/aim_interfaces/include/aim_interfaces/aim_interfaces/msg/detail/aim_info__type_support.hpp
[0.459s] -- Up-to-date: /home/vboxuser/robot/workdown/workdown_ws/install/aim_interfaces/include/aim_interfaces/aim_interfaces/msg/detail/aim_info__builder.hpp
[0.459s] -- Up-to-date: /home/vboxuser/robot/workdown/workdown_ws/install/aim_interfaces/include/aim_interfaces/aim_interfaces/msg/detail/aim_info__struct.hpp
[0.459s] -- Up-to-date: /home/vboxuser/robot/workdown/workdown_ws/install/aim_interfaces/include/aim_interfaces/aim_interfaces/msg/aim_info.hpp
[0.459s] -- Up-to-date: /home/vboxuser/robot/workdown/workdown_ws/install/aim_interfaces/include/aim_interfaces/aim_interfaces
[0.460s] -- Up-to-date: /home/vboxuser/robot/workdown/workdown_ws/install/aim_interfaces/include/aim_interfaces/aim_interfaces/msg
[0.460s] -- Up-to-date: /home/vboxuser/robot/workdown/workdown_ws/install/aim_interfaces/include/aim_interfaces/aim_interfaces/msg/detail
[0.460s] -- Up-to-date: /home/vboxuser/robot/workdown/workdown_ws/install/aim_interfaces/include/aim_interfaces/aim_interfaces/msg/detail/dds_fastrtps
[0.460s] -- Up-to-date: /home/vboxuser/robot/workdown/workdown_ws/install/aim_interfaces/include/aim_interfaces/aim_interfaces/msg/detail/aim_info__rosidl_typesupport_fastrtps_cpp.hpp
[0.460s] -- Up-to-date: /home/vboxuser/robot/workdown/workdown_ws/install/aim_interfaces/include/aim_interfaces/aim_interfaces/msg/rosidl_typesupport_fastrtps_cpp__visibility_control.h
[0.460s] -- Up-to-date: /home/vboxuser/robot/workdown/workdown_ws/install/aim_interfaces/lib/libaim_interfaces__rosidl_typesupport_fastrtps_cpp.so
[0.460s] -- Up-to-date: /home/vboxuser/robot/workdown/workdown_ws/install/aim_interfaces/include/aim_interfaces/aim_interfaces
[0.460s] -- Up-to-date: /home/vboxuser/robot/workdown/workdown_ws/install/aim_interfaces/include/aim_interfaces/aim_interfaces/msg
[0.461s] -- Up-to-date: /home/vboxuser/robot/workdown/workdown_ws/install/aim_interfaces/include/aim_interfaces/aim_interfaces/msg/detail
[0.461s] -- Up-to-date: /home/vboxuser/robot/workdown/workdown_ws/install/aim_interfaces/include/aim_interfaces/aim_interfaces/msg/detail/aim_info__type_support.cpp
[0.462s] -- Up-to-date: /home/vboxuser/robot/workdown/workdown_ws/install/aim_interfaces/include/aim_interfaces/aim_interfaces/msg/detail/aim_info__rosidl_typesupport_introspection_cpp.hpp
[0.462s] -- Up-to-date: /home/vboxuser/robot/workdown/workdown_ws/install/aim_interfaces/lib/libaim_interfaces__rosidl_typesupport_introspection_cpp.so
[0.462s] -- Up-to-date: /home/vboxuser/robot/workdown/workdown_ws/install/aim_interfaces/lib/libaim_interfaces__rosidl_typesupport_cpp.so
[0.462s] -- Up-to-date: /home/vboxuser/robot/workdown/workdown_ws/install/aim_interfaces/share/aim_interfaces/environment/pythonpath.sh
[0.462s] -- Up-to-date: /home/vboxuser/robot/workdown/workdown_ws/install/aim_interfaces/share/aim_interfaces/environment/pythonpath.dsv
[0.462s] -- Up-to-date: /home/vboxuser/robot/workdown/workdown_ws/install/aim_interfaces/local/lib/python3.10/dist-packages/aim_interfaces-0.0.0-py3.10.egg-info
[0.462s] -- Installing: /home/vboxuser/robot/workdown/workdown_ws/install/aim_interfaces/local/lib/python3.10/dist-packages/aim_interfaces-0.0.0-py3.10.egg-info/dependency_links.txt
[0.462s] -- Installing: /home/vboxuser/robot/workdown/workdown_ws/install/aim_interfaces/local/lib/python3.10/dist-packages/aim_interfaces-0.0.0-py3.10.egg-info/SOURCES.txt
[0.462s] -- Installing: /home/vboxuser/robot/workdown/workdown_ws/install/aim_interfaces/local/lib/python3.10/dist-packages/aim_interfaces-0.0.0-py3.10.egg-info/PKG-INFO
[0.462s] -- Installing: /home/vboxuser/robot/workdown/workdown_ws/install/aim_interfaces/local/lib/python3.10/dist-packages/aim_interfaces-0.0.0-py3.10.egg-info/top_level.txt
[0.462s] -- Up-to-date: /home/vboxuser/robot/workdown/workdown_ws/install/aim_interfaces/local/lib/python3.10/dist-packages/aim_interfaces
[0.462s] -- Up-to-date: /home/vboxuser/robot/workdown/workdown_ws/install/aim_interfaces/local/lib/python3.10/dist-packages/aim_interfaces/aim_interfaces_s__rosidl_typesupport_fastrtps_c.cpython-310-x86_64-linux-gnu.so
[0.463s] -- Up-to-date: /home/vboxuser/robot/workdown/workdown_ws/install/aim_interfaces/local/lib/python3.10/dist-packages/aim_interfaces/_aim_interfaces_s.ep.rosidl_typesupport_fastrtps_c.c
[0.463s] -- Up-to-date: /home/vboxuser/robot/workdown/workdown_ws/install/aim_interfaces/local/lib/python3.10/dist-packages/aim_interfaces/aim_interfaces_s__rosidl_typesupport_introspection_c.cpython-310-x86_64-linux-gnu.so
[0.463s] -- Up-to-date: /home/vboxuser/robot/workdown/workdown_ws/install/aim_interfaces/local/lib/python3.10/dist-packages/aim_interfaces/msg
[0.463s] -- Up-to-date: /home/vboxuser/robot/workdown/workdown_ws/install/aim_interfaces/local/lib/python3.10/dist-packages/aim_interfaces/msg/_aim_info.py
[0.463s] -- Up-to-date: /home/vboxuser/robot/workdown/workdown_ws/install/aim_interfaces/local/lib/python3.10/dist-packages/aim_interfaces/msg/__init__.py
[0.463s] -- Up-to-date: /home/vboxuser/robot/workdown/workdown_ws/install/aim_interfaces/local/lib/python3.10/dist-packages/aim_interfaces/msg/_aim_info_s.c
[0.463s] -- Up-to-date: /home/vboxuser/robot/workdown/workdown_ws/install/aim_interfaces/local/lib/python3.10/dist-packages/aim_interfaces/__init__.py
[0.463s] -- Up-to-date: /home/vboxuser/robot/workdown/workdown_ws/install/aim_interfaces/local/lib/python3.10/dist-packages/aim_interfaces/_aim_interfaces_s.ep.rosidl_typesupport_c.c
[0.463s] -- Up-to-date: /home/vboxuser/robot/workdown/workdown_ws/install/aim_interfaces/local/lib/python3.10/dist-packages/aim_interfaces/_aim_interfaces_s.ep.rosidl_typesupport_introspection_c.c
[0.463s] -- Up-to-date: /home/vboxuser/robot/workdown/workdown_ws/install/aim_interfaces/local/lib/python3.10/dist-packages/aim_interfaces/aim_interfaces_s__rosidl_typesupport_c.cpython-310-x86_64-linux-gnu.so
[0.463s] -- Up-to-date: /home/vboxuser/robot/workdown/workdown_ws/install/aim_interfaces/local/lib/python3.10/dist-packages/aim_interfaces/libaim_interfaces__rosidl_generator_py.so
[0.489s] Listing '/home/vboxuser/robot/workdown/workdown_ws/install/aim_interfaces/local/lib/python3.10/dist-packages/aim_interfaces'...
[0.489s] Listing '/home/vboxuser/robot/workdown/workdown_ws/install/aim_interfaces/local/lib/python3.10/dist-packages/aim_interfaces/msg'...
[0.492s] -- Up-to-date: /home/vboxuser/robot/workdown/workdown_ws/install/aim_interfaces/local/lib/python3.10/dist-packages/aim_interfaces/aim_interfaces_s__rosidl_typesupport_fastrtps_c.cpython-310-x86_64-linux-gnu.so
[0.492s] -- Up-to-date: /home/vboxuser/robot/workdown/workdown_ws/install/aim_interfaces/local/lib/python3.10/dist-packages/aim_interfaces/aim_interfaces_s__rosidl_typesupport_introspection_c.cpython-310-x86_64-linux-gnu.so
[0.492s] -- Up-to-date: /home/vboxuser/robot/workdown/workdown_ws/install/aim_interfaces/local/lib/python3.10/dist-packages/aim_interfaces/aim_interfaces_s__rosidl_typesupport_c.cpython-310-x86_64-linux-gnu.so
[0.493s] -- Up-to-date: /home/vboxuser/robot/workdown/workdown_ws/install/aim_interfaces/lib/libaim_interfaces__rosidl_generator_py.so
[0.493s] -- Up-to-date: /home/vboxuser/robot/workdown/workdown_ws/install/aim_interfaces/share/aim_interfaces/msg/AimInfo.idl
[0.493s] -- Up-to-date: /home/vboxuser/robot/workdown/workdown_ws/install/aim_interfaces/share/aim_interfaces/msg/AimInfo.msg
[0.493s] -- Up-to-date: /home/vboxuser/robot/workdown/workdown_ws/install/aim_interfaces/share/ament_index/resource_index/package_run_dependencies/aim_interfaces
[0.493s] -- Up-to-date: /home/vboxuser/robot/workdown/workdown_ws/install/aim_interfaces/share/ament_index/resource_index/parent_prefix_path/aim_interfaces
[0.494s] -- Up-to-date: /home/vboxuser/robot/workdown/workdown_ws/install/aim_interfaces/share/aim_interfaces/environment/ament_prefix_path.sh
[0.494s] -- Up-to-date: /home/vboxuser/robot/workdown/workdown_ws/install/aim_interfaces/share/aim_interfaces/environment/ament_prefix_path.dsv
[0.494s] -- Up-to-date: /home/vboxuser/robot/workdown/workdown_ws/install/aim_interfaces/share/aim_interfaces/environment/path.sh
[0.494s] -- Up-to-date: /home/vboxuser/robot/workdown/workdown_ws/install/aim_interfaces/share/aim_interfaces/environment/path.dsv
[0.495s] -- Up-to-date: /home/vboxuser/robot/workdown/workdown_ws/install/aim_interfaces/share/aim_interfaces/local_setup.bash
[0.495s] -- Up-to-date: /home/vboxuser/robot/workdown/workdown_ws/install/aim_interfaces/share/aim_interfaces/local_setup.sh
[0.495s] -- Up-to-date: /home/vboxuser/robot/workdown/workdown_ws/install/aim_interfaces/share/aim_interfaces/local_setup.zsh
[0.495s] -- Up-to-date: /home/vboxuser/robot/workdown/workdown_ws/install/aim_interfaces/share/aim_interfaces/local_setup.dsv
[0.495s] -- Installing: /home/vboxuser/robot/workdown/workdown_ws/install/aim_interfaces/share/aim_interfaces/package.dsv
[0.495s] -- Up-to-date: /home/vboxuser/robot/workdown/workdown_ws/install/aim_interfaces/share/ament_index/resource_index/packages/aim_interfaces
[0.495s] -- Up-to-date: /home/vboxuser/robot/workdown/workdown_ws/install/aim_interfaces/share/aim_interfaces/cmake/export_aim_interfaces__rosidl_generator_cExport.cmake
[0.495s] -- Up-to-date: /home/vboxuser/robot/workdown/workdown_ws/install/aim_interfaces/share/aim_interfaces/cmake/export_aim_interfaces__rosidl_generator_cExport-noconfig.cmake
[0.495s] -- Up-to-date: /home/vboxuser/robot/workdown/workdown_ws/install/aim_interfaces/share/aim_interfaces/cmake/export_aim_interfaces__rosidl_typesupport_fastrtps_cExport.cmake
[0.495s] -- Up-to-date: /home/vboxuser/robot/workdown/workdown_ws/install/aim_interfaces/share/aim_interfaces/cmake/export_aim_interfaces__rosidl_typesupport_fastrtps_cExport-noconfig.cmake
[0.496s] -- Up-to-date: /home/vboxuser/robot/workdown/workdown_ws/install/aim_interfaces/share/aim_interfaces/cmake/aim_interfaces__rosidl_typesupport_introspection_cExport.cmake
[0.497s] -- Up-to-date: /home/vboxuser/robot/workdown/workdown_ws/install/aim_interfaces/share/aim_interfaces/cmake/aim_interfaces__rosidl_typesupport_introspection_cExport-noconfig.cmake
[0.497s] -- Up-to-date: /home/vboxuser/robot/workdown/workdown_ws/install/aim_interfaces/share/aim_interfaces/cmake/aim_interfaces__rosidl_typesupport_cExport.cmake
[0.497s] -- Up-to-date: /home/vboxuser/robot/workdown/workdown_ws/install/aim_interfaces/share/aim_interfaces/cmake/aim_interfaces__rosidl_typesupport_cExport-noconfig.cmake
[0.497s] -- Up-to-date: /home/vboxuser/robot/workdown/workdown_ws/install/aim_interfaces/share/aim_interfaces/cmake/export_aim_interfaces__rosidl_generator_cppExport.cmake
[0.497s] -- Up-to-date: /home/vboxuser/robot/workdown/workdown_ws/install/aim_interfaces/share/aim_interfaces/cmake/export_aim_interfaces__rosidl_typesupport_fastrtps_cppExport.cmake
[0.497s] -- Up-to-date: /home/vboxuser/robot/workdown/workdown_ws/install/aim_interfaces/share/aim_interfaces/cmake/export_aim_interfaces__rosidl_typesupport_fastrtps_cppExport-noconfig.cmake
[0.497s] -- Up-to-date: /home/vboxuser/robot/workdown/workdown_ws/install/aim_interfaces/share/aim_interfaces/cmake/aim_interfaces__rosidl_typesupport_introspection_cppExport.cmake
[0.497s] -- Up-to-date: /home/vboxuser/robot/workdown/workdown_ws/install/aim_interfaces/share/aim_interfaces/cmake/aim_interfaces__rosidl_typesupport_introspection_cppExport-noconfig.cmake
[0.497s] -- Up-to-date: /home/vboxuser/robot/workdown/workdown_ws/install/aim_interfaces/share/aim_interfaces/cmake/aim_interfaces__rosidl_typesupport_cppExport.cmake
[0.497s] -- Up-to-date: /home/vboxuser/robot/workdown/workdown_ws/install/aim_interfaces/share/aim_interfaces/cmake/aim_interfaces__rosidl_typesupport_cppExport-noconfig.cmake
[0.497s] -- Up-to-date: /home/vboxuser/robot/workdown/workdown_ws/install/aim_interfaces/share/aim_interfaces/cmake/export_aim_interfaces__rosidl_generator_pyExport.cmake
[0.497s] -- Up-to-date: /home/vboxuser/robot/workdown/workdown_ws/install/aim_interfaces/share/aim_interfaces/cmake/export_aim_interfaces__rosidl_generator_pyExport-noconfig.cmake
[0.497s] -- Up-to-date: /home/vboxuser/robot/workdown/workdown_ws/install/aim_interfaces/share/aim_interfaces/cmake/rosidl_cmake-extras.cmake
[0.497s] -- Up-to-date: /home/vboxuser/robot/workdown/workdown_ws/install/aim_interfaces/share/aim_interfaces/cmake/ament_cmake_export_dependencies-extras.cmake
[0.498s] -- Up-to-date: /home/vboxuser/robot/workdown/workdown_ws/install/aim_interfaces/share/aim_interfaces/cmake/ament_cmake_export_include_directories-extras.cmake
[0.498s] -- Up-to-date: /home/vboxuser/robot/workdown/workdown_ws/install/aim_interfaces/share/aim_interfaces/cmake/ament_cmake_export_libraries-extras.cmake
[0.498s] -- Up-to-date: /home/vboxuser/robot/workdown/workdown_ws/install/aim_interfaces/share/aim_interfaces/cmake/ament_cmake_export_targets-extras.cmake
[0.498s] -- Up-to-date: /home/vboxuser/robot/workdown/workdown_ws/install/aim_interfaces/share/aim_interfaces/cmake/rosidl_cmake_export_typesupport_targets-extras.cmake
[0.498s] -- Up-to-date: /home/vboxuser/robot/workdown/workdown_ws/install/aim_interfaces/share/aim_interfaces/cmake/rosidl_cmake_export_typesupport_libraries-extras.cmake
[0.498s] -- Up-to-date: /home/vboxuser/robot/workdown/workdown_ws/install/aim_interfaces/share/aim_interfaces/cmake/aim_interfacesConfig.cmake
[0.498s] -- Up-to-date: /home/vboxuser/robot/workdown/workdown_ws/install/aim_interfaces/share/aim_interfaces/cmake/aim_interfacesConfig-version.cmake
[0.498s] -- Up-to-date: /home/vboxuser/robot/workdown/workdown_ws/install/aim_interfaces/share/aim_interfaces/package.xml
[0.500s] Invoked command in '/home/vboxuser/robot/workdown/workdown_ws/build/aim_interfaces' returned '0': CMAKE_PREFIX_PATH=/opt/ros/humble /usr/bin/cmake --install /home/vboxuser/robot/workdown/workdown_ws/build/aim_interfaces
