[0.103s] DEBUG:colcon:Command line arguments: ['/usr/bin/colcon', 'build']
[0.103s] DEBUG:colcon:Parsed command line arguments: Namespace(log_base=None, log_level=None, verb_name='build', build_base='build', install_base='install', merge_install=False, symlink_install=False, test_result_base=None, continue_on_error=False, executor='parallel', parallel_workers=4, event_handlers=None, ignore_user_meta=False, metas=['./colcon.meta'], base_paths=['.'], packages_ignore=None, packages_ignore_regex=None, paths=None, packages_up_to=None, packages_up_to_regex=None, packages_above=None, packages_above_and_dependencies=None, packages_above_depth=None, packages_select_by_dep=None, packages_skip_by_dep=None, packages_skip_up_to=None, packages_select_build_failed=False, packages_skip_build_finished=False, packages_select_test_failures=False, packages_skip_test_passed=False, packages_select=None, packages_skip=None, packages_select_regex=None, packages_skip_regex=None, packages_start=None, packages_end=None, allow_overriding=[], cmake_args=None, cmake_target=None, cmake_target_skip_unavailable=False, cmake_clean_cache=False, cmake_clean_first=False, cmake_force_configure=False, ament_cmake_args=None, catkin_cmake_args=None, catkin_skip_building_tests=False, verb_parser=<colcon_defaults.argument_parser.defaults.DefaultArgumentsDecorator object at 0x74deca13b880>, verb_extension=<colcon_core.verb.build.BuildVerb object at 0x74deca13b3a0>, main=<bound method BuildVerb.main of <colcon_core.verb.build.BuildVerb object at 0x74deca13b3a0>>)
[0.264s] Level 1:colcon.colcon_core.package_discovery:discover_packages(colcon_meta) check parameters
[0.264s] Level 1:colcon.colcon_core.package_discovery:discover_packages(recursive) check parameters
[0.264s] Level 1:colcon.colcon_core.package_discovery:discover_packages(ignore) check parameters
[0.264s] Level 1:colcon.colcon_core.package_discovery:discover_packages(path) check parameters
[0.264s] Level 1:colcon.colcon_core.package_discovery:discover_packages(colcon_meta) discover
[0.264s] Level 1:colcon.colcon_core.package_discovery:discover_packages(recursive) discover
[0.264s] INFO:colcon.colcon_core.package_discovery:Crawling recursively for packages in '/home/vboxuser/robot/workdown/workdown_ws'
[0.265s] Level 1:colcon.colcon_core.package_identification:_identify(.) by extensions ['ignore', 'ignore_ament_install']
[0.265s] Level 1:colcon.colcon_core.package_identification:_identify(.) by extension 'ignore'
[0.265s] Level 1:colcon.colcon_core.package_identification:_identify(.) by extension 'ignore_ament_install'
[0.265s] Level 1:colcon.colcon_core.package_identification:_identify(.) by extensions ['colcon_pkg']
[0.265s] Level 1:colcon.colcon_core.package_identification:_identify(.) by extension 'colcon_pkg'
[0.265s] Level 1:colcon.colcon_core.package_identification:_identify(.) by extensions ['colcon_meta']
[0.265s] Level 1:colcon.colcon_core.package_identification:_identify(.) by extension 'colcon_meta'
[0.265s] Level 1:colcon.colcon_core.package_identification:_identify(.) by extensions ['ros']
[0.265s] Level 1:colcon.colcon_core.package_identification:_identify(.) by extension 'ros'
[0.277s] Level 1:colcon.colcon_core.package_identification:_identify(.) by extensions ['cmake', 'python']
[0.278s] Level 1:colcon.colcon_core.package_identification:_identify(.) by extension 'cmake'
[0.278s] Level 1:colcon.colcon_core.package_identification:_identify(.) by extension 'python'
[0.278s] Level 1:colcon.colcon_core.package_identification:_identify(.) by extensions ['python_setup_py']
[0.278s] Level 1:colcon.colcon_core.package_identification:_identify(.) by extension 'python_setup_py'
[0.278s] Level 1:colcon.colcon_core.package_identification:_identify(aim_interfaces) by extensions ['ignore', 'ignore_ament_install']
[0.278s] Level 1:colcon.colcon_core.package_identification:_identify(aim_interfaces) by extension 'ignore'
[0.278s] Level 1:colcon.colcon_core.package_identification:_identify(aim_interfaces) by extension 'ignore_ament_install'
[0.278s] Level 1:colcon.colcon_core.package_identification:_identify(aim_interfaces) by extensions ['colcon_pkg']
[0.278s] Level 1:colcon.colcon_core.package_identification:_identify(aim_interfaces) by extension 'colcon_pkg'
[0.278s] Level 1:colcon.colcon_core.package_identification:_identify(aim_interfaces) by extensions ['colcon_meta']
[0.278s] Level 1:colcon.colcon_core.package_identification:_identify(aim_interfaces) by extension 'colcon_meta'
[0.278s] Level 1:colcon.colcon_core.package_identification:_identify(aim_interfaces) by extensions ['ros']
[0.278s] Level 1:colcon.colcon_core.package_identification:_identify(aim_interfaces) by extension 'ros'
[0.281s] DEBUG:colcon.colcon_core.package_identification:Package 'aim_interfaces' with type 'ros.ament_cmake' and name 'aim_interfaces'
[0.281s] Level 1:colcon.colcon_core.package_identification:_identify(build) by extensions ['ignore', 'ignore_ament_install']
[0.282s] Level 1:colcon.colcon_core.package_identification:_identify(build) by extension 'ignore'
[0.282s] Level 1:colcon.colcon_core.package_identification:_identify(build) ignored
[0.282s] Level 1:colcon.colcon_core.package_identification:_identify(image_topic) by extensions ['ignore', 'ignore_ament_install']
[0.282s] Level 1:colcon.colcon_core.package_identification:_identify(image_topic) by extension 'ignore'
[0.282s] Level 1:colcon.colcon_core.package_identification:_identify(image_topic) by extension 'ignore_ament_install'
[0.282s] Level 1:colcon.colcon_core.package_identification:_identify(image_topic) by extensions ['colcon_pkg']
[0.282s] Level 1:colcon.colcon_core.package_identification:_identify(image_topic) by extension 'colcon_pkg'
[0.282s] Level 1:colcon.colcon_core.package_identification:_identify(image_topic) by extensions ['colcon_meta']
[0.282s] Level 1:colcon.colcon_core.package_identification:_identify(image_topic) by extension 'colcon_meta'
[0.282s] Level 1:colcon.colcon_core.package_identification:_identify(image_topic) by extensions ['ros']
[0.282s] Level 1:colcon.colcon_core.package_identification:_identify(image_topic) by extension 'ros'
[0.283s] DEBUG:colcon.colcon_core.package_identification:Package 'image_topic' with type 'ros.ament_cmake' and name 'image_topic'
[0.283s] Level 1:colcon.colcon_core.package_identification:_identify(install) by extensions ['ignore', 'ignore_ament_install']
[0.283s] Level 1:colcon.colcon_core.package_identification:_identify(install) by extension 'ignore'
[0.284s] Level 1:colcon.colcon_core.package_identification:_identify(install) ignored
[0.284s] Level 1:colcon.colcon_core.package_identification:_identify(log) by extensions ['ignore', 'ignore_ament_install']
[0.284s] Level 1:colcon.colcon_core.package_identification:_identify(log) by extension 'ignore'
[0.284s] Level 1:colcon.colcon_core.package_identification:_identify(log) ignored
[0.284s] Level 1:colcon.colcon_core.package_identification:_identify(picture) by extensions ['ignore', 'ignore_ament_install']
[0.284s] Level 1:colcon.colcon_core.package_identification:_identify(picture) by extension 'ignore'
[0.284s] Level 1:colcon.colcon_core.package_identification:_identify(picture) by extension 'ignore_ament_install'
[0.284s] Level 1:colcon.colcon_core.package_identification:_identify(picture) by extensions ['colcon_pkg']
[0.284s] Level 1:colcon.colcon_core.package_identification:_identify(picture) by extension 'colcon_pkg'
[0.284s] Level 1:colcon.colcon_core.package_identification:_identify(picture) by extensions ['colcon_meta']
[0.284s] Level 1:colcon.colcon_core.package_identification:_identify(picture) by extension 'colcon_meta'
[0.284s] Level 1:colcon.colcon_core.package_identification:_identify(picture) by extensions ['ros']
[0.285s] Level 1:colcon.colcon_core.package_identification:_identify(picture) by extension 'ros'
[0.285s] Level 1:colcon.colcon_core.package_identification:_identify(picture) by extensions ['cmake', 'python']
[0.285s] Level 1:colcon.colcon_core.package_identification:_identify(picture) by extension 'cmake'
[0.285s] Level 1:colcon.colcon_core.package_identification:_identify(picture) by extension 'python'
[0.285s] Level 1:colcon.colcon_core.package_identification:_identify(picture) by extensions ['python_setup_py']
[0.285s] Level 1:colcon.colcon_core.package_identification:_identify(picture) by extension 'python_setup_py'
[0.285s] Level 1:colcon.colcon_core.package_discovery:discover_packages(recursive) using defaults
[0.285s] Level 1:colcon.colcon_core.package_discovery:discover_packages(ignore) discover
[0.285s] Level 1:colcon.colcon_core.package_discovery:discover_packages(ignore) using defaults
[0.285s] Level 1:colcon.colcon_core.package_discovery:discover_packages(path) discover
[0.285s] Level 1:colcon.colcon_core.package_discovery:discover_packages(path) using defaults
[0.303s] Level 1:colcon.colcon_core.package_discovery:discover_packages(prefix_path) check parameters
[0.304s] Level 1:colcon.colcon_core.package_discovery:discover_packages(prefix_path) discover
[0.306s] DEBUG:colcon.colcon_installed_package_information.package_discovery:Found 295 installed packages in /opt/ros/humble
[0.321s] Level 1:colcon.colcon_core.package_discovery:discover_packages(prefix_path) using defaults
[0.361s] Level 5:colcon.colcon_core.verb:set package 'aim_interfaces' build argument 'cmake_args' from command line to 'None'
[0.362s] Level 5:colcon.colcon_core.verb:set package 'aim_interfaces' build argument 'cmake_target' from command line to 'None'
[0.362s] Level 5:colcon.colcon_core.verb:set package 'aim_interfaces' build argument 'cmake_target_skip_unavailable' from command line to 'False'
[0.362s] Level 5:colcon.colcon_core.verb:set package 'aim_interfaces' build argument 'cmake_clean_cache' from command line to 'False'
[0.362s] Level 5:colcon.colcon_core.verb:set package 'aim_interfaces' build argument 'cmake_clean_first' from command line to 'False'
[0.362s] Level 5:colcon.colcon_core.verb:set package 'aim_interfaces' build argument 'cmake_force_configure' from command line to 'False'
[0.362s] Level 5:colcon.colcon_core.verb:set package 'aim_interfaces' build argument 'ament_cmake_args' from command line to 'None'
[0.362s] Level 5:colcon.colcon_core.verb:set package 'aim_interfaces' build argument 'catkin_cmake_args' from command line to 'None'
[0.362s] Level 5:colcon.colcon_core.verb:set package 'aim_interfaces' build argument 'catkin_skip_building_tests' from command line to 'False'
[0.362s] DEBUG:colcon.colcon_core.verb:Building package 'aim_interfaces' with the following arguments: {'ament_cmake_args': None, 'build_base': '/home/vboxuser/robot/workdown/workdown_ws/build/aim_interfaces', 'catkin_cmake_args': None, 'catkin_skip_building_tests': False, 'cmake_args': None, 'cmake_clean_cache': False, 'cmake_clean_first': False, 'cmake_force_configure': False, 'cmake_target': None, 'cmake_target_skip_unavailable': False, 'install_base': '/home/vboxuser/robot/workdown/workdown_ws/install/aim_interfaces', 'merge_install': False, 'path': '/home/vboxuser/robot/workdown/workdown_ws/aim_interfaces', 'symlink_install': False, 'test_result_base': None}
[0.362s] Level 5:colcon.colcon_core.verb:set package 'image_topic' build argument 'cmake_args' from command line to 'None'
[0.362s] Level 5:colcon.colcon_core.verb:set package 'image_topic' build argument 'cmake_target' from command line to 'None'
[0.362s] Level 5:colcon.colcon_core.verb:set package 'image_topic' build argument 'cmake_target_skip_unavailable' from command line to 'False'
[0.362s] Level 5:colcon.colcon_core.verb:set package 'image_topic' build argument 'cmake_clean_cache' from command line to 'False'
[0.362s] Level 5:colcon.colcon_core.verb:set package 'image_topic' build argument 'cmake_clean_first' from command line to 'False'
[0.362s] Level 5:colcon.colcon_core.verb:set package 'image_topic' build argument 'cmake_force_configure' from command line to 'False'
[0.362s] Level 5:colcon.colcon_core.verb:set package 'image_topic' build argument 'ament_cmake_args' from command line to 'None'
[0.362s] Level 5:colcon.colcon_core.verb:set package 'image_topic' build argument 'catkin_cmake_args' from command line to 'None'
[0.362s] Level 5:colcon.colcon_core.verb:set package 'image_topic' build argument 'catkin_skip_building_tests' from command line to 'False'
[0.363s] DEBUG:colcon.colcon_core.verb:Building package 'image_topic' with the following arguments: {'ament_cmake_args': None, 'build_base': '/home/vboxuser/robot/workdown/workdown_ws/build/image_topic', 'catkin_cmake_args': None, 'catkin_skip_building_tests': False, 'cmake_args': None, 'cmake_clean_cache': False, 'cmake_clean_first': False, 'cmake_force_configure': False, 'cmake_target': None, 'cmake_target_skip_unavailable': False, 'install_base': '/home/vboxuser/robot/workdown/workdown_ws/install/image_topic', 'merge_install': False, 'path': '/home/vboxuser/robot/workdown/workdown_ws/image_topic', 'symlink_install': False, 'test_result_base': None}
[0.363s] INFO:colcon.colcon_core.executor:Executing jobs using 'parallel' executor
[0.364s] DEBUG:colcon.colcon_parallel_executor.executor.parallel:run_until_complete
[0.364s] INFO:colcon.colcon_ros.task.ament_cmake.build:Building ROS package in '/home/vboxuser/robot/workdown/workdown_ws/aim_interfaces' with build type 'ament_cmake'
[0.364s] INFO:colcon.colcon_cmake.task.cmake.build:Building CMake package in '/home/vboxuser/robot/workdown/workdown_ws/aim_interfaces'
[0.367s] INFO:colcon.colcon_core.plugin_system:Skipping extension 'colcon_core.shell.bat': Not used on non-Windows systems
[0.367s] INFO:colcon.colcon_core.shell:Skip shell extension 'powershell' for command environment: Not usable outside of PowerShell
[0.367s] DEBUG:colcon.colcon_core.shell:Skip shell extension 'dsv' for command environment
[0.377s] DEBUG:colcon.colcon_core.event_handler.log_command:Invoking command in '/home/vboxuser/robot/workdown/workdown_ws/build/aim_interfaces': CMAKE_PREFIX_PATH=/opt/ros/humble /usr/bin/cmake --build /home/vboxuser/robot/workdown/workdown_ws/build/aim_interfaces -- -j4 -l4
[0.822s] DEBUG:colcon.colcon_core.event_handler.log_command:Invoked command in '/home/vboxuser/robot/workdown/workdown_ws/build/aim_interfaces' returned '0': CMAKE_PREFIX_PATH=/opt/ros/humble /usr/bin/cmake --build /home/vboxuser/robot/workdown/workdown_ws/build/aim_interfaces -- -j4 -l4
[0.833s] DEBUG:colcon.colcon_core.event_handler.log_command:Invoking command in '/home/vboxuser/robot/workdown/workdown_ws/build/aim_interfaces': CMAKE_PREFIX_PATH=/opt/ros/humble /usr/bin/cmake --install /home/vboxuser/robot/workdown/workdown_ws/build/aim_interfaces
[0.885s] Level 1:colcon.colcon_core.environment:create_environment_scripts_only(aim_interfaces)
[0.895s] DEBUG:colcon.colcon_core.event_handler.log_command:Invoked command in '/home/vboxuser/robot/workdown/workdown_ws/build/aim_interfaces' returned '0': CMAKE_PREFIX_PATH=/opt/ros/humble /usr/bin/cmake --install /home/vboxuser/robot/workdown/workdown_ws/build/aim_interfaces
[0.895s] Level 1:colcon.colcon_core.environment:checking '/home/vboxuser/robot/workdown/workdown_ws/install/aim_interfaces' for CMake module files
[0.896s] Level 1:colcon.colcon_core.environment:checking '/home/vboxuser/robot/workdown/workdown_ws/install/aim_interfaces' for CMake config files
[0.896s] Level 1:colcon.colcon_core.shell:create_environment_hook('aim_interfaces', 'cmake_prefix_path')
[0.897s] INFO:colcon.colcon_core.shell:Creating environment hook '/home/vboxuser/robot/workdown/workdown_ws/install/aim_interfaces/share/aim_interfaces/hook/cmake_prefix_path.ps1'
[0.897s] INFO:colcon.colcon_core.shell:Creating environment descriptor '/home/vboxuser/robot/workdown/workdown_ws/install/aim_interfaces/share/aim_interfaces/hook/cmake_prefix_path.dsv'
[0.898s] INFO:colcon.colcon_core.shell:Creating environment hook '/home/vboxuser/robot/workdown/workdown_ws/install/aim_interfaces/share/aim_interfaces/hook/cmake_prefix_path.sh'
[0.899s] Level 1:colcon.colcon_core.environment:checking '/home/vboxuser/robot/workdown/workdown_ws/install/aim_interfaces/lib'
[0.899s] Level 1:colcon.colcon_core.shell:create_environment_hook('aim_interfaces', 'ld_library_path_lib')
[0.900s] INFO:colcon.colcon_core.shell:Creating environment hook '/home/vboxuser/robot/workdown/workdown_ws/install/aim_interfaces/share/aim_interfaces/hook/ld_library_path_lib.ps1'
[0.900s] INFO:colcon.colcon_core.shell:Creating environment descriptor '/home/vboxuser/robot/workdown/workdown_ws/install/aim_interfaces/share/aim_interfaces/hook/ld_library_path_lib.dsv'
[0.901s] INFO:colcon.colcon_core.shell:Creating environment hook '/home/vboxuser/robot/workdown/workdown_ws/install/aim_interfaces/share/aim_interfaces/hook/ld_library_path_lib.sh'
[0.902s] Level 1:colcon.colcon_core.environment:checking '/home/vboxuser/robot/workdown/workdown_ws/install/aim_interfaces/bin'
[0.902s] Level 1:colcon.colcon_core.environment:checking '/home/vboxuser/robot/workdown/workdown_ws/install/aim_interfaces/lib/pkgconfig/aim_interfaces.pc'
[0.902s] Level 1:colcon.colcon_core.environment:checking '/home/vboxuser/robot/workdown/workdown_ws/install/aim_interfaces/lib/python3.10/site-packages'
[0.902s] Level 1:colcon.colcon_core.environment:checking '/home/vboxuser/robot/workdown/workdown_ws/install/aim_interfaces/bin'
[0.903s] INFO:colcon.colcon_core.shell:Creating package script '/home/vboxuser/robot/workdown/workdown_ws/install/aim_interfaces/share/aim_interfaces/package.ps1'
[0.904s] INFO:colcon.colcon_core.shell:Creating package descriptor '/home/vboxuser/robot/workdown/workdown_ws/install/aim_interfaces/share/aim_interfaces/package.dsv'
[0.904s] INFO:colcon.colcon_core.shell:Creating package script '/home/vboxuser/robot/workdown/workdown_ws/install/aim_interfaces/share/aim_interfaces/package.sh'
[0.905s] INFO:colcon.colcon_core.shell:Creating package script '/home/vboxuser/robot/workdown/workdown_ws/install/aim_interfaces/share/aim_interfaces/package.bash'
[0.906s] INFO:colcon.colcon_core.shell:Creating package script '/home/vboxuser/robot/workdown/workdown_ws/install/aim_interfaces/share/aim_interfaces/package.zsh'
[0.907s] Level 1:colcon.colcon_core.environment:create_file_with_runtime_dependencies(/home/vboxuser/robot/workdown/workdown_ws/install/aim_interfaces/share/colcon-core/packages/aim_interfaces)
[0.908s] Level 1:colcon.colcon_core.environment:create_environment_scripts_only(aim_interfaces)
[0.908s] Level 1:colcon.colcon_core.environment:checking '/home/vboxuser/robot/workdown/workdown_ws/install/aim_interfaces' for CMake module files
[0.909s] Level 1:colcon.colcon_core.environment:checking '/home/vboxuser/robot/workdown/workdown_ws/install/aim_interfaces' for CMake config files
[0.909s] Level 1:colcon.colcon_core.shell:create_environment_hook('aim_interfaces', 'cmake_prefix_path')
[0.910s] INFO:colcon.colcon_core.shell:Creating environment hook '/home/vboxuser/robot/workdown/workdown_ws/install/aim_interfaces/share/aim_interfaces/hook/cmake_prefix_path.ps1'
[0.910s] INFO:colcon.colcon_core.shell:Creating environment descriptor '/home/vboxuser/robot/workdown/workdown_ws/install/aim_interfaces/share/aim_interfaces/hook/cmake_prefix_path.dsv'
[0.911s] INFO:colcon.colcon_core.shell:Creating environment hook '/home/vboxuser/robot/workdown/workdown_ws/install/aim_interfaces/share/aim_interfaces/hook/cmake_prefix_path.sh'
[0.912s] Level 1:colcon.colcon_core.environment:checking '/home/vboxuser/robot/workdown/workdown_ws/install/aim_interfaces/lib'
[0.912s] Level 1:colcon.colcon_core.shell:create_environment_hook('aim_interfaces', 'ld_library_path_lib')
[0.912s] INFO:colcon.colcon_core.shell:Creating environment hook '/home/vboxuser/robot/workdown/workdown_ws/install/aim_interfaces/share/aim_interfaces/hook/ld_library_path_lib.ps1'
[0.913s] INFO:colcon.colcon_core.shell:Creating environment descriptor '/home/vboxuser/robot/workdown/workdown_ws/install/aim_interfaces/share/aim_interfaces/hook/ld_library_path_lib.dsv'
[0.913s] INFO:colcon.colcon_core.shell:Creating environment hook '/home/vboxuser/robot/workdown/workdown_ws/install/aim_interfaces/share/aim_interfaces/hook/ld_library_path_lib.sh'
[0.914s] Level 1:colcon.colcon_core.environment:checking '/home/vboxuser/robot/workdown/workdown_ws/install/aim_interfaces/bin'
[0.914s] Level 1:colcon.colcon_core.environment:checking '/home/vboxuser/robot/workdown/workdown_ws/install/aim_interfaces/lib/pkgconfig/aim_interfaces.pc'
[0.914s] Level 1:colcon.colcon_core.environment:checking '/home/vboxuser/robot/workdown/workdown_ws/install/aim_interfaces/lib/python3.10/site-packages'
[0.914s] Level 1:colcon.colcon_core.environment:checking '/home/vboxuser/robot/workdown/workdown_ws/install/aim_interfaces/bin'
[0.915s] INFO:colcon.colcon_core.shell:Creating package script '/home/vboxuser/robot/workdown/workdown_ws/install/aim_interfaces/share/aim_interfaces/package.ps1'
[0.916s] INFO:colcon.colcon_core.shell:Creating package descriptor '/home/vboxuser/robot/workdown/workdown_ws/install/aim_interfaces/share/aim_interfaces/package.dsv'
[0.916s] INFO:colcon.colcon_core.shell:Creating package script '/home/vboxuser/robot/workdown/workdown_ws/install/aim_interfaces/share/aim_interfaces/package.sh'
[0.917s] INFO:colcon.colcon_core.shell:Creating package script '/home/vboxuser/robot/workdown/workdown_ws/install/aim_interfaces/share/aim_interfaces/package.bash'
[0.918s] INFO:colcon.colcon_core.shell:Creating package script '/home/vboxuser/robot/workdown/workdown_ws/install/aim_interfaces/share/aim_interfaces/package.zsh'
[0.918s] Level 1:colcon.colcon_core.environment:create_file_with_runtime_dependencies(/home/vboxuser/robot/workdown/workdown_ws/install/aim_interfaces/share/colcon-core/packages/aim_interfaces)
[0.919s] INFO:colcon.colcon_ros.task.ament_cmake.build:Building ROS package in '/home/vboxuser/robot/workdown/workdown_ws/image_topic' with build type 'ament_cmake'
[0.919s] INFO:colcon.colcon_cmake.task.cmake.build:Building CMake package in '/home/vboxuser/robot/workdown/workdown_ws/image_topic'
[0.919s] INFO:colcon.colcon_core.shell:Skip shell extension 'powershell' for command environment: Not usable outside of PowerShell
[0.920s] DEBUG:colcon.colcon_core.shell:Skip shell extension 'dsv' for command environment
[0.933s] DEBUG:colcon.colcon_core.event_handler.log_command:Invoking command in '/home/vboxuser/robot/workdown/workdown_ws/build/image_topic': AMENT_PREFIX_PATH=/home/vboxuser/robot/workdown/workdown_ws/install/aim_interfaces:${AMENT_PREFIX_PATH} CMAKE_PREFIX_PATH=/home/vboxuser/robot/workdown/workdown_ws/install/aim_interfaces:/opt/ros/humble LD_LIBRARY_PATH=/home/vboxuser/robot/workdown/workdown_ws/install/aim_interfaces/lib:${LD_LIBRARY_PATH} PYTHONPATH=/home/vboxuser/robot/workdown/workdown_ws/install/aim_interfaces/local/lib/python3.10/dist-packages:${PYTHONPATH} /usr/bin/cmake --build /home/vboxuser/robot/workdown/workdown_ws/build/image_topic -- -j4 -l4
[11.364s] DEBUG:colcon.colcon_core.event_handler.log_command:Invoked command in '/home/vboxuser/robot/workdown/workdown_ws/build/image_topic' returned '0': AMENT_PREFIX_PATH=/home/vboxuser/robot/workdown/workdown_ws/install/aim_interfaces:${AMENT_PREFIX_PATH} CMAKE_PREFIX_PATH=/home/vboxuser/robot/workdown/workdown_ws/install/aim_interfaces:/opt/ros/humble LD_LIBRARY_PATH=/home/vboxuser/robot/workdown/workdown_ws/install/aim_interfaces/lib:${LD_LIBRARY_PATH} PYTHONPATH=/home/vboxuser/robot/workdown/workdown_ws/install/aim_interfaces/local/lib/python3.10/dist-packages:${PYTHONPATH} /usr/bin/cmake --build /home/vboxuser/robot/workdown/workdown_ws/build/image_topic -- -j4 -l4
[11.364s] DEBUG:colcon.colcon_core.event_handler.log_command:Invoking command in '/home/vboxuser/robot/workdown/workdown_ws/build/image_topic': AMENT_PREFIX_PATH=/home/vboxuser/robot/workdown/workdown_ws/install/aim_interfaces:${AMENT_PREFIX_PATH} CMAKE_PREFIX_PATH=/home/vboxuser/robot/workdown/workdown_ws/install/aim_interfaces:/opt/ros/humble LD_LIBRARY_PATH=/home/vboxuser/robot/workdown/workdown_ws/install/aim_interfaces/lib:${LD_LIBRARY_PATH} PYTHONPATH=/home/vboxuser/robot/workdown/workdown_ws/install/aim_interfaces/local/lib/python3.10/dist-packages:${PYTHONPATH} /usr/bin/cmake --install /home/vboxuser/robot/workdown/workdown_ws/build/image_topic
[11.403s] Level 1:colcon.colcon_core.environment:create_environment_scripts_only(image_topic)
[11.403s] Level 1:colcon.colcon_core.environment:checking '/home/vboxuser/robot/workdown/workdown_ws/install/image_topic' for CMake module files
[11.404s] DEBUG:colcon.colcon_core.event_handler.log_command:Invoked command in '/home/vboxuser/robot/workdown/workdown_ws/build/image_topic' returned '0': AMENT_PREFIX_PATH=/home/vboxuser/robot/workdown/workdown_ws/install/aim_interfaces:${AMENT_PREFIX_PATH} CMAKE_PREFIX_PATH=/home/vboxuser/robot/workdown/workdown_ws/install/aim_interfaces:/opt/ros/humble LD_LIBRARY_PATH=/home/vboxuser/robot/workdown/workdown_ws/install/aim_interfaces/lib:${LD_LIBRARY_PATH} PYTHONPATH=/home/vboxuser/robot/workdown/workdown_ws/install/aim_interfaces/local/lib/python3.10/dist-packages:${PYTHONPATH} /usr/bin/cmake --install /home/vboxuser/robot/workdown/workdown_ws/build/image_topic
[11.404s] Level 1:colcon.colcon_core.environment:checking '/home/vboxuser/robot/workdown/workdown_ws/install/image_topic' for CMake config files
[11.405s] Level 1:colcon.colcon_core.shell:create_environment_hook('image_topic', 'cmake_prefix_path')
[11.405s] INFO:colcon.colcon_core.shell:Creating environment hook '/home/vboxuser/robot/workdown/workdown_ws/install/image_topic/share/image_topic/hook/cmake_prefix_path.ps1'
[11.406s] INFO:colcon.colcon_core.shell:Creating environment descriptor '/home/vboxuser/robot/workdown/workdown_ws/install/image_topic/share/image_topic/hook/cmake_prefix_path.dsv'
[11.407s] INFO:colcon.colcon_core.shell:Creating environment hook '/home/vboxuser/robot/workdown/workdown_ws/install/image_topic/share/image_topic/hook/cmake_prefix_path.sh'
[11.408s] Level 1:colcon.colcon_core.environment:checking '/home/vboxuser/robot/workdown/workdown_ws/install/image_topic/lib'
[11.408s] Level 1:colcon.colcon_core.environment:checking '/home/vboxuser/robot/workdown/workdown_ws/install/image_topic/bin'
[11.408s] Level 1:colcon.colcon_core.environment:checking '/home/vboxuser/robot/workdown/workdown_ws/install/image_topic/lib/pkgconfig/image_topic.pc'
[11.408s] Level 1:colcon.colcon_core.environment:checking '/home/vboxuser/robot/workdown/workdown_ws/install/image_topic/lib/python3.10/site-packages'
[11.408s] Level 1:colcon.colcon_core.environment:checking '/home/vboxuser/robot/workdown/workdown_ws/install/image_topic/bin'
[11.408s] INFO:colcon.colcon_core.shell:Creating package script '/home/vboxuser/robot/workdown/workdown_ws/install/image_topic/share/image_topic/package.ps1'
[11.409s] INFO:colcon.colcon_core.shell:Creating package descriptor '/home/vboxuser/robot/workdown/workdown_ws/install/image_topic/share/image_topic/package.dsv'
[11.409s] INFO:colcon.colcon_core.shell:Creating package script '/home/vboxuser/robot/workdown/workdown_ws/install/image_topic/share/image_topic/package.sh'
[11.410s] INFO:colcon.colcon_core.shell:Creating package script '/home/vboxuser/robot/workdown/workdown_ws/install/image_topic/share/image_topic/package.bash'
[11.412s] INFO:colcon.colcon_core.shell:Creating package script '/home/vboxuser/robot/workdown/workdown_ws/install/image_topic/share/image_topic/package.zsh'
[11.412s] Level 1:colcon.colcon_core.environment:create_file_with_runtime_dependencies(/home/vboxuser/robot/workdown/workdown_ws/install/image_topic/share/colcon-core/packages/image_topic)
[11.413s] Level 1:colcon.colcon_core.environment:create_environment_scripts_only(image_topic)
[11.413s] Level 1:colcon.colcon_core.environment:checking '/home/vboxuser/robot/workdown/workdown_ws/install/image_topic' for CMake module files
[11.414s] Level 1:colcon.colcon_core.environment:checking '/home/vboxuser/robot/workdown/workdown_ws/install/image_topic' for CMake config files
[11.414s] Level 1:colcon.colcon_core.shell:create_environment_hook('image_topic', 'cmake_prefix_path')
[11.414s] INFO:colcon.colcon_core.shell:Creating environment hook '/home/vboxuser/robot/workdown/workdown_ws/install/image_topic/share/image_topic/hook/cmake_prefix_path.ps1'
[11.415s] INFO:colcon.colcon_core.shell:Creating environment descriptor '/home/vboxuser/robot/workdown/workdown_ws/install/image_topic/share/image_topic/hook/cmake_prefix_path.dsv'
[11.415s] INFO:colcon.colcon_core.shell:Creating environment hook '/home/vboxuser/robot/workdown/workdown_ws/install/image_topic/share/image_topic/hook/cmake_prefix_path.sh'
[11.416s] Level 1:colcon.colcon_core.environment:checking '/home/vboxuser/robot/workdown/workdown_ws/install/image_topic/lib'
[11.416s] Level 1:colcon.colcon_core.environment:checking '/home/vboxuser/robot/workdown/workdown_ws/install/image_topic/bin'
[11.416s] Level 1:colcon.colcon_core.environment:checking '/home/vboxuser/robot/workdown/workdown_ws/install/image_topic/lib/pkgconfig/image_topic.pc'
[11.416s] Level 1:colcon.colcon_core.environment:checking '/home/vboxuser/robot/workdown/workdown_ws/install/image_topic/lib/python3.10/site-packages'
[11.416s] Level 1:colcon.colcon_core.environment:checking '/home/vboxuser/robot/workdown/workdown_ws/install/image_topic/bin'
[11.417s] INFO:colcon.colcon_core.shell:Creating package script '/home/vboxuser/robot/workdown/workdown_ws/install/image_topic/share/image_topic/package.ps1'
[11.418s] INFO:colcon.colcon_core.shell:Creating package descriptor '/home/vboxuser/robot/workdown/workdown_ws/install/image_topic/share/image_topic/package.dsv'
[11.418s] INFO:colcon.colcon_core.shell:Creating package script '/home/vboxuser/robot/workdown/workdown_ws/install/image_topic/share/image_topic/package.sh'
[11.419s] INFO:colcon.colcon_core.shell:Creating package script '/home/vboxuser/robot/workdown/workdown_ws/install/image_topic/share/image_topic/package.bash'
[11.419s] INFO:colcon.colcon_core.shell:Creating package script '/home/vboxuser/robot/workdown/workdown_ws/install/image_topic/share/image_topic/package.zsh'
[11.420s] Level 1:colcon.colcon_core.environment:create_file_with_runtime_dependencies(/home/vboxuser/robot/workdown/workdown_ws/install/image_topic/share/colcon-core/packages/image_topic)
[11.420s] DEBUG:colcon.colcon_parallel_executor.executor.parallel:closing loop
[11.420s] DEBUG:colcon.colcon_parallel_executor.executor.parallel:loop closed
[11.420s] DEBUG:colcon.colcon_parallel_executor.executor.parallel:run_until_complete finished with '0'
[11.420s] DEBUG:colcon.colcon_core.event_reactor:joining thread
[11.427s] INFO:colcon.colcon_core.plugin_system:Skipping extension 'colcon_notification.desktop_notification.terminal_notifier': Not used on non-Darwin systems
[11.427s] INFO:colcon.colcon_core.plugin_system:Skipping extension 'colcon_notification.desktop_notification.win32': Not used on non-Windows systems
[11.427s] INFO:colcon.colcon_notification.desktop_notification:Sending desktop notification using 'notify2'
[11.450s] DEBUG:colcon.colcon_core.event_reactor:joined thread
[11.451s] INFO:colcon.colcon_core.shell:Creating prefix script '/home/vboxuser/robot/workdown/workdown_ws/install/local_setup.ps1'
[11.452s] INFO:colcon.colcon_core.shell:Creating prefix util module '/home/vboxuser/robot/workdown/workdown_ws/install/_local_setup_util_ps1.py'
[11.453s] INFO:colcon.colcon_core.shell:Creating prefix chain script '/home/vboxuser/robot/workdown/workdown_ws/install/setup.ps1'
[11.454s] INFO:colcon.colcon_core.shell:Creating prefix script '/home/vboxuser/robot/workdown/workdown_ws/install/local_setup.sh'
[11.454s] INFO:colcon.colcon_core.shell:Creating prefix util module '/home/vboxuser/robot/workdown/workdown_ws/install/_local_setup_util_sh.py'
[11.455s] INFO:colcon.colcon_core.shell:Creating prefix chain script '/home/vboxuser/robot/workdown/workdown_ws/install/setup.sh'
[11.456s] INFO:colcon.colcon_core.shell:Creating prefix script '/home/vboxuser/robot/workdown/workdown_ws/install/local_setup.bash'
[11.457s] INFO:colcon.colcon_core.shell:Creating prefix chain script '/home/vboxuser/robot/workdown/workdown_ws/install/setup.bash'
[11.458s] INFO:colcon.colcon_core.shell:Creating prefix script '/home/vboxuser/robot/workdown/workdown_ws/install/local_setup.zsh'
[11.458s] INFO:colcon.colcon_core.shell:Creating prefix chain script '/home/vboxuser/robot/workdown/workdown_ws/install/setup.zsh'
