[0.025s] Invoking command in '/home/vboxuser/robot/workdown/workdown_ws/image_topic/build/image_topic': CMAKE_PREFIX_PATH=/opt/ros/humble /usr/bin/cmake /home/vboxuser/robot/workdown/workdown_ws/image_topic -DCMAKE_INSTALL_PREFIX=/home/vboxuser/robot/workdown/workdown_ws/image_topic/install/image_topic
[0.252s] -- The C compiler identification is GNU 11.4.0
[0.391s] -- The CXX compiler identification is GNU 11.4.0
[0.412s] -- Detecting C compiler ABI info
[0.520s] -- Detecting C compiler ABI info - done
[0.527s] -- Check for working C compiler: /usr/bin/cc - skipped
[0.529s] -- Detecting C compile features
[0.530s] -- Detecting C compile features - done
[0.536s] -- Detecting CXX compiler ABI info
[0.665s] -- Detecting CXX compiler ABI info - done
[0.674s] -- Check for working CXX compiler: /usr/bin/c++ - skipped
[0.676s] -- Detecting CXX compile features
[0.676s] -- Detecting CXX compile features - done
[0.698s] -- Found ament_cmake: 1.3.11 (/opt/ros/humble/share/ament_cmake/cmake)
[0.918s] -- Found Python3: /usr/bin/python3 (found version "3.10.12") found components: Interpreter 
[1.090s] -- Found rclcpp: 16.0.12 (/opt/ros/humble/share/rclcpp/cmake)
[1.185s] -- Found rosidl_generator_c: 3.1.6 (/opt/ros/humble/share/rosidl_generator_c/cmake)
[1.195s] -- Found rosidl_adapter: 3.1.6 (/opt/ros/humble/share/rosidl_adapter/cmake)
[1.214s] -- Found rosidl_generator_cpp: 3.1.6 (/opt/ros/humble/share/rosidl_generator_cpp/cmake)
[1.243s] -- Using all available rosidl_typesupport_c: rosidl_typesupport_fastrtps_c;rosidl_typesupport_introspection_c
[1.277s] -- Using all available rosidl_typesupport_cpp: rosidl_typesupport_fastrtps_cpp;rosidl_typesupport_introspection_cpp
[1.367s] -- Found rmw_implementation_cmake: 6.1.2 (/opt/ros/humble/share/rmw_implementation_cmake/cmake)
[1.376s] -- Found rmw_fastrtps_cpp: 6.2.7 (/opt/ros/humble/share/rmw_fastrtps_cpp/cmake)
[1.533s] -- Found OpenSSL: /usr/lib/x86_64-linux-gnu/libcrypto.so (found version "3.0.2")  
[1.568s] -- Found FastRTPS: /opt/ros/humble/include  
[1.615s] -- Using RMW implementation 'rmw_fastrtps_cpp' as default
[1.640s] -- Looking for pthread.h
[1.762s] -- Looking for pthread.h - found
[1.763s] -- Performing Test CMAKE_HAVE_LIBC_PTHREAD
[1.870s] -- Performing Test CMAKE_HAVE_LIBC_PTHREAD - Success
[1.871s] -- Found Threads: TRUE  
[1.957s] -- Found ament_lint_auto: 0.12.12 (/opt/ros/humble/share/ament_lint_auto/cmake)
[2.049s] -- Added test 'cppcheck' to perform static code analysis on C / C++ code
[2.049s] -- Configured cppcheck include dirs: 
[2.049s] -- Configured cppcheck exclude dirs and/or files: 
[2.053s] -- Added test 'lint_cmake' to check CMake code style
[2.061s] -- Added test 'uncrustify' to check C / C++ code style
[2.061s] -- Configured uncrustify additional arguments: 
[2.062s] -- Added test 'xmllint' to check XML markup files
[2.068s] -- Found sensor_msgs: 4.9.0 (/opt/ros/humble/share/sensor_msgs/cmake)
[2.123s] [31mCMake Error at CMakeLists.txt:28 (find_package):
[2.123s]   By not providing "Findaim_interfaces.cmake" in CMAKE_MODULE_PATH this
[2.123s]   project has asked CMake to find a package configuration file provided by
[2.123s]   "aim_interfaces", but CMake did not find one.
[2.123s] 
[2.123s]   Could not find a package configuration file provided by "aim_interfaces"
[2.123s]   with any of the following names:
[2.123s] 
[2.123s]     aim_interfacesConfig.cmake
[2.123s]     aim_interfaces-config.cmake
[2.123s] 
[2.123s]   Add the installation prefix of "aim_interfaces" to CMAKE_PREFIX_PATH or set
[2.123s]   "aim_interfaces_DIR" to a directory containing one of the above files.  If
[2.123s]   "aim_interfaces" provides a separate development package or SDK, be sure it
[2.123s]   has been installed.
[2.123s] 
[2.123s] [0m
[2.123s] -- Configuring incomplete, errors occurred!
[2.123s] See also "/home/vboxuser/robot/workdown/workdown_ws/image_topic/build/image_topic/CMakeFiles/CMakeOutput.log".
[2.132s] Invoked command in '/home/vboxuser/robot/workdown/workdown_ws/image_topic/build/image_topic' returned '1': CMAKE_PREFIX_PATH=/opt/ros/humble /usr/bin/cmake /home/vboxuser/robot/workdown/workdown_ws/image_topic -DCMAKE_INSTALL_PREFIX=/home/vboxuser/robot/workdown/workdown_ws/image_topic/install/image_topic
