[0.016s] Invoking command in '/home/vboxuser/robot/workdown/workdown_ws/build/image_topic': AMENT_PREFIX_PATH=/home/vboxuser/robot/workdown/workdown_ws/install/aim_interfaces:${AMENT_PREFIX_PATH} CMAKE_PREFIX_PATH=/home/vboxuser/robot/workdown/workdown_ws/install/aim_interfaces:/opt/ros/humble LD_LIBRARY_PATH=/home/vboxuser/robot/workdown/workdown_ws/install/aim_interfaces/lib:${LD_LIBRARY_PATH} PYTHONPATH=/home/vboxuser/robot/workdown/workdown_ws/install/aim_interfaces/local/lib/python3.10/dist-packages:${PYTHONPATH} /usr/bin/cmake --build /home/vboxuser/robot/workdown/workdown_ws/build/image_topic -- -j4 -l4
[0.074s] [35m[1mConsolidate compiler generated dependencies of target Image_Topic_Publisher[0m
[0.119s] [ 33%] Built target Image_Topic_Subscribe
[0.120s] [ 66%] Built target Image_Topic_Publisher
[0.120s] [100%] Built target Image_To_Int
[0.137s] Invoked command in '/home/vboxuser/robot/workdown/workdown_ws/build/image_topic' returned '0': AMENT_PREFIX_PATH=/home/vboxuser/robot/workdown/workdown_ws/install/aim_interfaces:${AMENT_PREFIX_PATH} CMAKE_PREFIX_PATH=/home/vboxuser/robot/workdown/workdown_ws/install/aim_interfaces:/opt/ros/humble LD_LIBRARY_PATH=/home/vboxuser/robot/workdown/workdown_ws/install/aim_interfaces/lib:${LD_LIBRARY_PATH} PYTHONPATH=/home/vboxuser/robot/workdown/workdown_ws/install/aim_interfaces/local/lib/python3.10/dist-packages:${PYTHONPATH} /usr/bin/cmake --build /home/vboxuser/robot/workdown/workdown_ws/build/image_topic -- -j4 -l4
[0.137s] Invoking command in '/home/vboxuser/robot/workdown/workdown_ws/build/image_topic': AMENT_PREFIX_PATH=/home/vboxuser/robot/workdown/workdown_ws/install/aim_interfaces:${AMENT_PREFIX_PATH} CMAKE_PREFIX_PATH=/home/vboxuser/robot/workdown/workdown_ws/install/aim_interfaces:/opt/ros/humble LD_LIBRARY_PATH=/home/vboxuser/robot/workdown/workdown_ws/install/aim_interfaces/lib:${LD_LIBRARY_PATH} PYTHONPATH=/home/vboxuser/robot/workdown/workdown_ws/install/aim_interfaces/local/lib/python3.10/dist-packages:${PYTHONPATH} /usr/bin/cmake --install /home/vboxuser/robot/workdown/workdown_ws/build/image_topic
[0.146s] -- Install configuration: ""
[0.146s] -- Up-to-date: /home/vboxuser/robot/workdown/workdown_ws/install/image_topic/share/ament_index/resource_index/package_run_dependencies/image_topic
[0.146s] -- Up-to-date: /home/vboxuser/robot/workdown/workdown_ws/install/image_topic/share/ament_index/resource_index/parent_prefix_path/image_topic
[0.146s] -- Up-to-date: /home/vboxuser/robot/workdown/workdown_ws/install/image_topic/share/image_topic/environment/ament_prefix_path.sh
[0.146s] -- Up-to-date: /home/vboxuser/robot/workdown/workdown_ws/install/image_topic/share/image_topic/environment/ament_prefix_path.dsv
[0.146s] -- Up-to-date: /home/vboxuser/robot/workdown/workdown_ws/install/image_topic/share/image_topic/environment/path.sh
[0.146s] -- Up-to-date: /home/vboxuser/robot/workdown/workdown_ws/install/image_topic/share/image_topic/environment/path.dsv
[0.148s] -- Up-to-date: /home/vboxuser/robot/workdown/workdown_ws/install/image_topic/share/image_topic/local_setup.bash
[0.148s] -- Up-to-date: /home/vboxuser/robot/workdown/workdown_ws/install/image_topic/share/image_topic/local_setup.sh
[0.148s] -- Up-to-date: /home/vboxuser/robot/workdown/workdown_ws/install/image_topic/share/image_topic/local_setup.zsh
[0.148s] -- Up-to-date: /home/vboxuser/robot/workdown/workdown_ws/install/image_topic/share/image_topic/local_setup.dsv
[0.148s] -- Installing: /home/vboxuser/robot/workdown/workdown_ws/install/image_topic/share/image_topic/package.dsv
[0.148s] -- Up-to-date: /home/vboxuser/robot/workdown/workdown_ws/install/image_topic/share/ament_index/resource_index/packages/image_topic
[0.148s] -- Up-to-date: /home/vboxuser/robot/workdown/workdown_ws/install/image_topic/share/image_topic/cmake/image_topicConfig.cmake
[0.148s] -- Up-to-date: /home/vboxuser/robot/workdown/workdown_ws/install/image_topic/share/image_topic/cmake/image_topicConfig-version.cmake
[0.148s] -- Up-to-date: /home/vboxuser/robot/workdown/workdown_ws/install/image_topic/share/image_topic/package.xml
[0.149s] -- Up-to-date: /home/vboxuser/robot/workdown/workdown_ws/install/image_topic/lib/image_topic/Image_Topic_Publisher
[0.149s] -- Up-to-date: /home/vboxuser/robot/workdown/workdown_ws/install/image_topic/lib/image_topic/Image_Topic_Subscribe
[0.149s] -- Up-to-date: /home/vboxuser/robot/workdown/workdown_ws/install/image_topic/lib/image_topic/Image_To_Int
[0.154s] Invoked command in '/home/vboxuser/robot/workdown/workdown_ws/build/image_topic' returned '0': AMENT_PREFIX_PATH=/home/vboxuser/robot/workdown/workdown_ws/install/aim_interfaces:${AMENT_PREFIX_PATH} CMAKE_PREFIX_PATH=/home/vboxuser/robot/workdown/workdown_ws/install/aim_interfaces:/opt/ros/humble LD_LIBRARY_PATH=/home/vboxuser/robot/workdown/workdown_ws/install/aim_interfaces/lib:${LD_LIBRARY_PATH} PYTHONPATH=/home/vboxuser/robot/workdown/workdown_ws/install/aim_interfaces/local/lib/python3.10/dist-packages:${PYTHONPATH} /usr/bin/cmake --install /home/vboxuser/robot/workdown/workdown_ws/build/image_topic
