[0.106s] DEBUG:colcon:Command line arguments: ['/usr/bin/colcon', 'build']
[0.106s] DEBUG:colcon:Parsed command line arguments: Namespace(log_base=None, log_level=None, verb_name='build', build_base='build', install_base='install', merge_install=False, symlink_install=False, test_result_base=None, continue_on_error=False, executor='parallel', parallel_workers=4, event_handlers=None, ignore_user_meta=False, metas=['./colcon.meta'], base_paths=['.'], packages_ignore=None, packages_ignore_regex=None, paths=None, packages_up_to=None, packages_up_to_regex=None, packages_above=None, packages_above_and_dependencies=None, packages_above_depth=None, packages_select_by_dep=None, packages_skip_by_dep=None, packages_skip_up_to=None, packages_select_build_failed=False, packages_skip_build_finished=False, packages_select_test_failures=False, packages_skip_test_passed=False, packages_select=None, packages_skip=None, packages_select_regex=None, packages_skip_regex=None, packages_start=None, packages_end=None, allow_overriding=[], cmake_args=None, cmake_target=None, cmake_target_skip_unavailable=False, cmake_clean_cache=False, cmake_clean_first=False, cmake_force_configure=False, ament_cmake_args=None, catkin_cmake_args=None, catkin_skip_building_tests=False, verb_parser=<colcon_defaults.argument_parser.defaults.DefaultArgumentsDecorator object at 0x7d7949f9f880>, verb_extension=<colcon_core.verb.build.BuildVerb object at 0x7d7949f9f3a0>, main=<bound method BuildVerb.main of <colcon_core.verb.build.BuildVerb object at 0x7d7949f9f3a0>>)
[0.270s] Level 1:colcon.colcon_core.package_discovery:discover_packages(colcon_meta) check parameters
[0.270s] Level 1:colcon.colcon_core.package_discovery:discover_packages(recursive) check parameters
[0.270s] Level 1:colcon.colcon_core.package_discovery:discover_packages(ignore) check parameters
[0.270s] Level 1:colcon.colcon_core.package_discovery:discover_packages(path) check parameters
[0.270s] Level 1:colcon.colcon_core.package_discovery:discover_packages(colcon_meta) discover
[0.270s] Level 1:colcon.colcon_core.package_discovery:discover_packages(recursive) discover
[0.270s] INFO:colcon.colcon_core.package_discovery:Crawling recursively for packages in '/home/vboxuser/robot/workdown/workdown_ws'
[0.270s] Level 1:colcon.colcon_core.package_identification:_identify(.) by extensions ['ignore', 'ignore_ament_install']
[0.271s] Level 1:colcon.colcon_core.package_identification:_identify(.) by extension 'ignore'
[0.271s] Level 1:colcon.colcon_core.package_identification:_identify(.) by extension 'ignore_ament_install'
[0.271s] Level 1:colcon.colcon_core.package_identification:_identify(.) by extensions ['colcon_pkg']
[0.271s] Level 1:colcon.colcon_core.package_identification:_identify(.) by extension 'colcon_pkg'
[0.271s] Level 1:colcon.colcon_core.package_identification:_identify(.) by extensions ['colcon_meta']
[0.271s] Level 1:colcon.colcon_core.package_identification:_identify(.) by extension 'colcon_meta'
[0.271s] Level 1:colcon.colcon_core.package_identification:_identify(.) by extensions ['ros']
[0.271s] Level 1:colcon.colcon_core.package_identification:_identify(.) by extension 'ros'
[0.284s] Level 1:colcon.colcon_core.package_identification:_identify(.) by extensions ['cmake', 'python']
[0.284s] Level 1:colcon.colcon_core.package_identification:_identify(.) by extension 'cmake'
[0.285s] Level 1:colcon.colcon_core.package_identification:_identify(.) by extension 'python'
[0.285s] Level 1:colcon.colcon_core.package_identification:_identify(.) by extensions ['python_setup_py']
[0.285s] Level 1:colcon.colcon_core.package_identification:_identify(.) by extension 'python_setup_py'
[0.285s] Level 1:colcon.colcon_core.package_identification:_identify(build) by extensions ['ignore', 'ignore_ament_install']
[0.285s] Level 1:colcon.colcon_core.package_identification:_identify(build) by extension 'ignore'
[0.285s] Level 1:colcon.colcon_core.package_identification:_identify(build) ignored
[0.285s] Level 1:colcon.colcon_core.package_identification:_identify(image_topic) by extensions ['ignore', 'ignore_ament_install']
[0.286s] Level 1:colcon.colcon_core.package_identification:_identify(image_topic) by extension 'ignore'
[0.286s] Level 1:colcon.colcon_core.package_identification:_identify(image_topic) by extension 'ignore_ament_install'
[0.286s] Level 1:colcon.colcon_core.package_identification:_identify(image_topic) by extensions ['colcon_pkg']
[0.286s] Level 1:colcon.colcon_core.package_identification:_identify(image_topic) by extension 'colcon_pkg'
[0.286s] Level 1:colcon.colcon_core.package_identification:_identify(image_topic) by extensions ['colcon_meta']
[0.286s] Level 1:colcon.colcon_core.package_identification:_identify(image_topic) by extension 'colcon_meta'
[0.286s] Level 1:colcon.colcon_core.package_identification:_identify(image_topic) by extensions ['ros']
[0.286s] Level 1:colcon.colcon_core.package_identification:_identify(image_topic) by extension 'ros'
[0.289s] DEBUG:colcon.colcon_core.package_identification:Package 'image_topic' with type 'ros.ament_cmake' and name 'image_topic'
[0.289s] Level 1:colcon.colcon_core.package_identification:_identify(install) by extensions ['ignore', 'ignore_ament_install']
[0.289s] Level 1:colcon.colcon_core.package_identification:_identify(install) by extension 'ignore'
[0.289s] Level 1:colcon.colcon_core.package_identification:_identify(install) ignored
[0.289s] Level 1:colcon.colcon_core.package_identification:_identify(log) by extensions ['ignore', 'ignore_ament_install']
[0.289s] Level 1:colcon.colcon_core.package_identification:_identify(log) by extension 'ignore'
[0.289s] Level 1:colcon.colcon_core.package_identification:_identify(log) ignored
[0.290s] Level 1:colcon.colcon_core.package_discovery:discover_packages(recursive) using defaults
[0.290s] Level 1:colcon.colcon_core.package_discovery:discover_packages(ignore) discover
[0.290s] Level 1:colcon.colcon_core.package_discovery:discover_packages(ignore) using defaults
[0.290s] Level 1:colcon.colcon_core.package_discovery:discover_packages(path) discover
[0.290s] Level 1:colcon.colcon_core.package_discovery:discover_packages(path) using defaults
[0.309s] Level 1:colcon.colcon_core.package_discovery:discover_packages(prefix_path) check parameters
[0.310s] Level 1:colcon.colcon_core.package_discovery:discover_packages(prefix_path) discover
[0.312s] DEBUG:colcon.colcon_installed_package_information.package_discovery:Found 295 installed packages in /opt/ros/humble
[0.329s] Level 1:colcon.colcon_core.package_discovery:discover_packages(prefix_path) using defaults
[0.369s] Level 5:colcon.colcon_core.verb:set package 'image_topic' build argument 'cmake_args' from command line to 'None'
[0.369s] Level 5:colcon.colcon_core.verb:set package 'image_topic' build argument 'cmake_target' from command line to 'None'
[0.369s] Level 5:colcon.colcon_core.verb:set package 'image_topic' build argument 'cmake_target_skip_unavailable' from command line to 'False'
[0.369s] Level 5:colcon.colcon_core.verb:set package 'image_topic' build argument 'cmake_clean_cache' from command line to 'False'
[0.369s] Level 5:colcon.colcon_core.verb:set package 'image_topic' build argument 'cmake_clean_first' from command line to 'False'
[0.369s] Level 5:colcon.colcon_core.verb:set package 'image_topic' build argument 'cmake_force_configure' from command line to 'False'
[0.369s] Level 5:colcon.colcon_core.verb:set package 'image_topic' build argument 'ament_cmake_args' from command line to 'None'
[0.369s] Level 5:colcon.colcon_core.verb:set package 'image_topic' build argument 'catkin_cmake_args' from command line to 'None'
[0.369s] Level 5:colcon.colcon_core.verb:set package 'image_topic' build argument 'catkin_skip_building_tests' from command line to 'False'
[0.369s] DEBUG:colcon.colcon_core.verb:Building package 'image_topic' with the following arguments: {'ament_cmake_args': None, 'build_base': '/home/vboxuser/robot/workdown/workdown_ws/build/image_topic', 'catkin_cmake_args': None, 'catkin_skip_building_tests': False, 'cmake_args': None, 'cmake_clean_cache': False, 'cmake_clean_first': False, 'cmake_force_configure': False, 'cmake_target': None, 'cmake_target_skip_unavailable': False, 'install_base': '/home/vboxuser/robot/workdown/workdown_ws/install/image_topic', 'merge_install': False, 'path': '/home/vboxuser/robot/workdown/workdown_ws/image_topic', 'symlink_install': False, 'test_result_base': None}
[0.370s] INFO:colcon.colcon_core.executor:Executing jobs using 'parallel' executor
[0.371s] DEBUG:colcon.colcon_parallel_executor.executor.parallel:run_until_complete
[0.372s] INFO:colcon.colcon_ros.task.ament_cmake.build:Building ROS package in '/home/vboxuser/robot/workdown/workdown_ws/image_topic' with build type 'ament_cmake'
[0.372s] INFO:colcon.colcon_cmake.task.cmake.build:Building CMake package in '/home/vboxuser/robot/workdown/workdown_ws/image_topic'
[0.374s] INFO:colcon.colcon_core.plugin_system:Skipping extension 'colcon_core.shell.bat': Not used on non-Windows systems
[0.375s] INFO:colcon.colcon_core.shell:Skip shell extension 'powershell' for command environment: Not usable outside of PowerShell
[0.375s] DEBUG:colcon.colcon_core.shell:Skip shell extension 'dsv' for command environment
[0.389s] DEBUG:colcon.colcon_core.event_handler.log_command:Invoking command in '/home/vboxuser/robot/workdown/workdown_ws/build/image_topic': CMAKE_PREFIX_PATH=/opt/ros/humble /usr/bin/cmake --build /home/vboxuser/robot/workdown/workdown_ws/build/image_topic -- -j4 -l4
[4.697s] DEBUG:colcon.colcon_core.event_handler.log_command:Invoked command in '/home/vboxuser/robot/workdown/workdown_ws/build/image_topic' returned '0': CMAKE_PREFIX_PATH=/opt/ros/humble /usr/bin/cmake --build /home/vboxuser/robot/workdown/workdown_ws/build/image_topic -- -j4 -l4
[4.713s] DEBUG:colcon.colcon_core.event_handler.log_command:Invoking command in '/home/vboxuser/robot/workdown/workdown_ws/build/image_topic': CMAKE_PREFIX_PATH=/opt/ros/humble /usr/bin/cmake --install /home/vboxuser/robot/workdown/workdown_ws/build/image_topic
[4.732s] Level 1:colcon.colcon_core.environment:create_environment_scripts_only(image_topic)
[4.732s] DEBUG:colcon.colcon_core.event_handler.log_command:Invoked command in '/home/vboxuser/robot/workdown/workdown_ws/build/image_topic' returned '0': CMAKE_PREFIX_PATH=/opt/ros/humble /usr/bin/cmake --install /home/vboxuser/robot/workdown/workdown_ws/build/image_topic
[4.735s] Level 1:colcon.colcon_core.environment:checking '/home/vboxuser/robot/workdown/workdown_ws/install/image_topic' for CMake module files
[4.735s] Level 1:colcon.colcon_core.environment:checking '/home/vboxuser/robot/workdown/workdown_ws/install/image_topic' for CMake config files
[4.736s] Level 1:colcon.colcon_core.shell:create_environment_hook('image_topic', 'cmake_prefix_path')
[4.736s] INFO:colcon.colcon_core.shell:Creating environment hook '/home/vboxuser/robot/workdown/workdown_ws/install/image_topic/share/image_topic/hook/cmake_prefix_path.ps1'
[4.737s] INFO:colcon.colcon_core.shell:Creating environment descriptor '/home/vboxuser/robot/workdown/workdown_ws/install/image_topic/share/image_topic/hook/cmake_prefix_path.dsv'
[4.737s] INFO:colcon.colcon_core.shell:Creating environment hook '/home/vboxuser/robot/workdown/workdown_ws/install/image_topic/share/image_topic/hook/cmake_prefix_path.sh'
[4.738s] Level 1:colcon.colcon_core.environment:checking '/home/vboxuser/robot/workdown/workdown_ws/install/image_topic/lib'
[4.739s] Level 1:colcon.colcon_core.environment:checking '/home/vboxuser/robot/workdown/workdown_ws/install/image_topic/bin'
[4.739s] Level 1:colcon.colcon_core.environment:checking '/home/vboxuser/robot/workdown/workdown_ws/install/image_topic/lib/pkgconfig/image_topic.pc'
[4.739s] Level 1:colcon.colcon_core.environment:checking '/home/vboxuser/robot/workdown/workdown_ws/install/image_topic/lib/python3.10/site-packages'
[4.739s] Level 1:colcon.colcon_core.environment:checking '/home/vboxuser/robot/workdown/workdown_ws/install/image_topic/bin'
[4.740s] INFO:colcon.colcon_core.shell:Creating package script '/home/vboxuser/robot/workdown/workdown_ws/install/image_topic/share/image_topic/package.ps1'
[4.740s] INFO:colcon.colcon_core.shell:Creating package descriptor '/home/vboxuser/robot/workdown/workdown_ws/install/image_topic/share/image_topic/package.dsv'
[4.741s] INFO:colcon.colcon_core.shell:Creating package script '/home/vboxuser/robot/workdown/workdown_ws/install/image_topic/share/image_topic/package.sh'
[4.742s] INFO:colcon.colcon_core.shell:Creating package script '/home/vboxuser/robot/workdown/workdown_ws/install/image_topic/share/image_topic/package.bash'
[4.743s] INFO:colcon.colcon_core.shell:Creating package script '/home/vboxuser/robot/workdown/workdown_ws/install/image_topic/share/image_topic/package.zsh'
[4.743s] Level 1:colcon.colcon_core.environment:create_file_with_runtime_dependencies(/home/vboxuser/robot/workdown/workdown_ws/install/image_topic/share/colcon-core/packages/image_topic)
[4.744s] Level 1:colcon.colcon_core.environment:create_environment_scripts_only(image_topic)
[4.745s] Level 1:colcon.colcon_core.environment:checking '/home/vboxuser/robot/workdown/workdown_ws/install/image_topic' for CMake module files
[4.745s] Level 1:colcon.colcon_core.environment:checking '/home/vboxuser/robot/workdown/workdown_ws/install/image_topic' for CMake config files
[4.746s] Level 1:colcon.colcon_core.shell:create_environment_hook('image_topic', 'cmake_prefix_path')
[4.746s] INFO:colcon.colcon_core.shell:Creating environment hook '/home/vboxuser/robot/workdown/workdown_ws/install/image_topic/share/image_topic/hook/cmake_prefix_path.ps1'
[4.747s] INFO:colcon.colcon_core.shell:Creating environment descriptor '/home/vboxuser/robot/workdown/workdown_ws/install/image_topic/share/image_topic/hook/cmake_prefix_path.dsv'
[4.747s] INFO:colcon.colcon_core.shell:Creating environment hook '/home/vboxuser/robot/workdown/workdown_ws/install/image_topic/share/image_topic/hook/cmake_prefix_path.sh'
[4.748s] Level 1:colcon.colcon_core.environment:checking '/home/vboxuser/robot/workdown/workdown_ws/install/image_topic/lib'
[4.749s] Level 1:colcon.colcon_core.environment:checking '/home/vboxuser/robot/workdown/workdown_ws/install/image_topic/bin'
[4.749s] Level 1:colcon.colcon_core.environment:checking '/home/vboxuser/robot/workdown/workdown_ws/install/image_topic/lib/pkgconfig/image_topic.pc'
[4.749s] Level 1:colcon.colcon_core.environment:checking '/home/vboxuser/robot/workdown/workdown_ws/install/image_topic/lib/python3.10/site-packages'
[4.749s] Level 1:colcon.colcon_core.environment:checking '/home/vboxuser/robot/workdown/workdown_ws/install/image_topic/bin'
[4.750s] INFO:colcon.colcon_core.shell:Creating package script '/home/vboxuser/robot/workdown/workdown_ws/install/image_topic/share/image_topic/package.ps1'
[4.751s] INFO:colcon.colcon_core.shell:Creating package descriptor '/home/vboxuser/robot/workdown/workdown_ws/install/image_topic/share/image_topic/package.dsv'
[4.752s] INFO:colcon.colcon_core.shell:Creating package script '/home/vboxuser/robot/workdown/workdown_ws/install/image_topic/share/image_topic/package.sh'
[4.753s] INFO:colcon.colcon_core.shell:Creating package script '/home/vboxuser/robot/workdown/workdown_ws/install/image_topic/share/image_topic/package.bash'
[4.753s] INFO:colcon.colcon_core.shell:Creating package script '/home/vboxuser/robot/workdown/workdown_ws/install/image_topic/share/image_topic/package.zsh'
[4.754s] Level 1:colcon.colcon_core.environment:create_file_with_runtime_dependencies(/home/vboxuser/robot/workdown/workdown_ws/install/image_topic/share/colcon-core/packages/image_topic)
[4.755s] DEBUG:colcon.colcon_parallel_executor.executor.parallel:closing loop
[4.756s] DEBUG:colcon.colcon_parallel_executor.executor.parallel:loop closed
[4.756s] DEBUG:colcon.colcon_parallel_executor.executor.parallel:run_until_complete finished with '0'
[4.756s] DEBUG:colcon.colcon_core.event_reactor:joining thread
[4.768s] INFO:colcon.colcon_core.plugin_system:Skipping extension 'colcon_notification.desktop_notification.terminal_notifier': Not used on non-Darwin systems
[4.768s] INFO:colcon.colcon_core.plugin_system:Skipping extension 'colcon_notification.desktop_notification.win32': Not used on non-Windows systems
[4.768s] INFO:colcon.colcon_notification.desktop_notification:Sending desktop notification using 'notify2'
[4.785s] DEBUG:colcon.colcon_core.event_reactor:joined thread
[4.785s] INFO:colcon.colcon_core.shell:Creating prefix script '/home/vboxuser/robot/workdown/workdown_ws/install/local_setup.ps1'
[4.787s] INFO:colcon.colcon_core.shell:Creating prefix util module '/home/vboxuser/robot/workdown/workdown_ws/install/_local_setup_util_ps1.py'
[4.788s] INFO:colcon.colcon_core.shell:Creating prefix chain script '/home/vboxuser/robot/workdown/workdown_ws/install/setup.ps1'
[4.789s] INFO:colcon.colcon_core.shell:Creating prefix script '/home/vboxuser/robot/workdown/workdown_ws/install/local_setup.sh'
[4.790s] INFO:colcon.colcon_core.shell:Creating prefix util module '/home/vboxuser/robot/workdown/workdown_ws/install/_local_setup_util_sh.py'
[4.791s] INFO:colcon.colcon_core.shell:Creating prefix chain script '/home/vboxuser/robot/workdown/workdown_ws/install/setup.sh'
[4.792s] INFO:colcon.colcon_core.shell:Creating prefix script '/home/vboxuser/robot/workdown/workdown_ws/install/local_setup.bash'
[4.792s] INFO:colcon.colcon_core.shell:Creating prefix chain script '/home/vboxuser/robot/workdown/workdown_ws/install/setup.bash'
[4.793s] INFO:colcon.colcon_core.shell:Creating prefix script '/home/vboxuser/robot/workdown/workdown_ws/install/local_setup.zsh'
[4.795s] INFO:colcon.colcon_core.shell:Creating prefix chain script '/home/vboxuser/robot/workdown/workdown_ws/install/setup.zsh'
